-:    0:Source:test-src/SnmpConfigTest.cpp
-:    1://------------------------------------------------------------------------------
-:    2:// Copyright (c) WAGO GmbH & Co. KG
-:    3://
-:    4:// PROPRIETARY RIGHTS are involved in the subject matter of this material. All
-:    5:// manufacturing, reproduction, use and sales rights pertaining to this
-:    6:// subject matter are governed by the license agreement. The recipient of this
-:    7:// software implicitly accepts the terms of the license.
-:    8://------------------------------------------------------------------------------
-:    9:
-:   10:#include <gtest/gtest.h>
-:   11:#include <gmock/gmock.h>
-:   12:
-:   13:#include "SnmpConfig.hpp"
-:   14:
-:   15:namespace wago::snmp_config_lib {
-:   16:
4:   17:TEST(SnmpConfigTest, compareSnmpConfigs ) {
-:   18:
1:   19:  SnmpConfig c1;
1:   20:  c1.snmp_enable_ = true;
1:   21:  c1.communities_.emplace_back("name1",Access::ReadOnly);
-:   22:
1:   23:  SnmpConfig c2;
1:   24:  c2.snmp_enable_ = false;
1:   25:  c2.communities_.emplace_back("name2",Access::ReadWrite);
-:   26:
1*:   27:  EXPECT_FALSE(c1 == c2);
1*:   28:  EXPECT_TRUE(c1 != c2);
-:   29:
1:   30:  c2.snmp_enable_ = true;
1:   31:  c2.communities_.clear();
1:   32:  c2.communities_.emplace_back("name1",Access::ReadOnly);
-:   33:
1*:   34:  EXPECT_FALSE(c1 != c2);
1*:   35:  EXPECT_TRUE(c1 == c2);
1:   36:}
------------------
_ZN4wago15snmp_config_lib38SnmpConfigTest_compareSnmpConfigs_TestC2Ev:
function _ZN4wago15snmp_config_lib38SnmpConfigTest_compareSnmpConfigs_TestC2Ev called 1 returned 100% blocks executed 100%
1:   17:TEST(SnmpConfigTest, compareSnmpConfigs ) {
call    0 returned 1
------------------
_ZN4wago15snmp_config_lib38SnmpConfigTest_compareSnmpConfigs_TestD0Ev:
function _ZN4wago15snmp_config_lib38SnmpConfigTest_compareSnmpConfigs_TestD0Ev called 1 returned 100% blocks executed 100%
1:   17:TEST(SnmpConfigTest, compareSnmpConfigs ) {
call    0 returned 1
call    1 returned 1
------------------
_ZN4wago15snmp_config_lib38SnmpConfigTest_compareSnmpConfigs_TestD2Ev:
function _ZN4wago15snmp_config_lib38SnmpConfigTest_compareSnmpConfigs_TestD2Ev called 1 returned 100% blocks executed 100%
1:   17:TEST(SnmpConfigTest, compareSnmpConfigs ) {
call    0 returned 1
------------------
_ZN4wago15snmp_config_lib38SnmpConfigTest_compareSnmpConfigs_Test8TestBodyEv:
function _ZN4wago15snmp_config_lib38SnmpConfigTest_compareSnmpConfigs_Test8TestBodyEv called 1 returned 100% blocks executed 25%
1:   17:TEST(SnmpConfigTest, compareSnmpConfigs ) {
-:   18:
1:   19:  SnmpConfig c1;
call    0 returned 1
1:   20:  c1.snmp_enable_ = true;
1:   21:  c1.communities_.emplace_back("name1",Access::ReadOnly);
call    0 returned 1
branch  1 taken 1 (fallthrough)
branch  2 taken 0 (throw)
-:   22:
1:   23:  SnmpConfig c2;
call    0 returned 1
1:   24:  c2.snmp_enable_ = false;
1:   25:  c2.communities_.emplace_back("name2",Access::ReadWrite);
call    0 returned 1
branch  1 taken 1 (fallthrough)
branch  2 taken 0 (throw)
-:   26:
1*:   27:  EXPECT_FALSE(c1 == c2);
call    0 returned 1
branch  1 taken 1 (fallthrough)
branch  2 taken 0 (throw)
call    3 returned 1
call    4 returned 1
branch  5 taken 0 (fallthrough)
branch  6 taken 1
call    7 never executed
branch  8 never executed
branch  9 never executed
call   10 never executed
branch 11 never executed
branch 12 never executed
call   13 never executed
call   14 never executed
branch 15 never executed
branch 16 never executed
call   17 never executed
branch 18 never executed
branch 19 never executed
call   20 never executed
call   21 never executed
call   22 never executed
call   23 returned 1
call   24 never executed
call   25 never executed
call   26 never executed
call   27 never executed
1*:   28:  EXPECT_TRUE(c1 != c2);
call    0 returned 1
branch  1 taken 1 (fallthrough)
branch  2 taken 0 (throw)
call    3 returned 1
call    4 returned 1
branch  5 taken 0 (fallthrough)
branch  6 taken 1
call    7 never executed
branch  8 never executed
branch  9 never executed
call   10 never executed
branch 11 never executed
branch 12 never executed
call   13 never executed
call   14 never executed
branch 15 never executed
branch 16 never executed
call   17 never executed
branch 18 never executed
branch 19 never executed
call   20 never executed
call   21 never executed
call   22 never executed
call   23 returned 1
call   24 never executed
call   25 never executed
call   26 never executed
call   27 never executed
-:   29:
1:   30:  c2.snmp_enable_ = true;
1:   31:  c2.communities_.clear();
call    0 returned 1
1:   32:  c2.communities_.emplace_back("name1",Access::ReadOnly);
call    0 returned 1
branch  1 taken 1 (fallthrough)
branch  2 taken 0 (throw)
-:   33:
1*:   34:  EXPECT_FALSE(c1 != c2);
call    0 returned 1
branch  1 taken 1 (fallthrough)
branch  2 taken 0 (throw)
call    3 returned 1
call    4 returned 1
branch  5 taken 0 (fallthrough)
branch  6 taken 1
call    7 never executed
branch  8 never executed
branch  9 never executed
call   10 never executed
branch 11 never executed
branch 12 never executed
call   13 never executed
call   14 never executed
branch 15 never executed
branch 16 never executed
call   17 never executed
branch 18 never executed
branch 19 never executed
call   20 never executed
call   21 never executed
call   22 never executed
call   23 returned 1
call   24 never executed
call   25 never executed
call   26 never executed
call   27 never executed
1*:   35:  EXPECT_TRUE(c1 == c2);
call    0 returned 1
branch  1 taken 1 (fallthrough)
branch  2 taken 0 (throw)
call    3 returned 1
call    4 returned 1
branch  5 taken 0 (fallthrough)
branch  6 taken 1
call    7 never executed
branch  8 never executed
branch  9 never executed
call   10 never executed
branch 11 never executed
branch 12 never executed
call   13 never executed
call   14 never executed
branch 15 never executed
branch 16 never executed
call   17 never executed
branch 18 never executed
branch 19 never executed
call   20 never executed
call   21 never executed
call   22 never executed
call   23 returned 1
call   24 never executed
call   25 never executed
call   26 never executed
call   27 never executed
1:   36:}
call    0 returned 1
call    1 returned 1
call    2 never executed
call    3 never executed
------------------
-:   37:
-:   38:
-:   39:}  // wago::util
