-:    0:Source:test-src/test_main.cpp
-:    1://------------------------------------------------------------------------------
-:    2:// Copyright (c) WAGO GmbH & Co. KG
-:    3://
-:    4:// PROPRIETARY RIGHTS are involved in the subject matter of this material. All
-:    5:// manufacturing, reproduction, use and sales rights pertaining to this
-:    6:// subject matter are governed by the license agreement. The recipient of this
-:    7:// software implicitly accepts the terms of the license.
-:    8://------------------------------------------------------------------------------
-:    9://------------------------------------------------------------------------------
-:   10:///  \file     test_main.cpp
-:   11:///
-:   12:///  \brief    ToDo:
-:   13:///
-:   14:///  \author   NiB : WAGO GmbH & Co. KG
-:   15://------------------------------------------------------------------------------
-:   16:
-:   17:#include <gtest/gtest.h>
-:   18:#include <glib.h>
-:   19:#include "config_tool_lib.h"
-:   20:
-:   21:class Excuteable {
-:   22:  private:
-:   23:    std::string _command;
-:   24:    gchar * _standard_output = nullptr;
-:   25:    gchar * _standard_error = nullptr;
-:   26:    gint _exit_status = 0;
-:   27:    GError * _err = nullptr;
-:   28:  public:
function _ZN10ExcuteableD2Ev called 0 returned 0% blocks executed 0%
#####:   29:    ~Excuteable() {
#####:   30:      freeValues();
call    0 never executed
#####:   31:    };
call    0 never executed
function _ZN10Excuteable10setCommandERKNSt7__cxx1112basic_stringIcSt11char_traitsIcESaIcEEE called 0 returned 0% blocks executed 0%
#####:   32:    void setCommand(const std::string & command) {
#####:   33:      _command=command;
call    0 never executed
#####:   34:    };
function _ZN10Excuteable4callEv called 0 returned 0% blocks executed 0%
#####:   35:    gboolean call() {
#####:   36:      return g_spawn_command_line_sync(_command.c_str(),
call    0 never executed
call    1 never executed
-:   37:                                       &_standard_output,
-:   38:                                       &_standard_error,
-:   39:                                       &_exit_status,
#####:   40:                                       &_err);
-:   41:    };
-:   42:    gboolean checkExitStatus() {
-:   43:      return g_spawn_check_exit_status(_exit_status,
-:   44:                                       &_err);
-:   45:    };
-:   46:    gint getExitStatus() {
-:   47:      checkExitStatus();
-:   48:      return _exit_status;
-:   49:    }
function _ZN10Excuteable9getStdoutB5cxx11Ev called 0 returned 0% blocks executed 0%
#####:   50:    std::string getStdout() {
#####:   51:      std::string ret;
call    0 never executed
#####:   52:      if(_standard_output != nullptr){
branch  0 never executed
branch  1 never executed
#####:   53:        ret = _standard_output;
call    0 never executed
branch  1 never executed
branch  2 never executed
-:   54:      }
#####:   55:      return ret;
=====:   56:    }
call    0 never executed
function _ZN10Excuteable10freeValuesEv called 0 returned 0% blocks executed 0%
#####:   57:    void freeValues() {
#####:   58:      if(_standard_output != nullptr) {
branch  0 never executed
branch  1 never executed
#####:   59:        g_free(_standard_output);
call    0 never executed
#####:   60:        _standard_output = nullptr;
-:   61:      }
#####:   62:      if(_standard_output != nullptr) {
branch  0 never executed
branch  1 never executed
#####:   63:        g_free(_standard_output);
call    0 never executed
#####:   64:        _standard_output = nullptr;
-:   65:      }
#####:   66:      if(_err != nullptr) {
branch  0 never executed
branch  1 never executed
#####:   67:        g_clear_error(&_err);
call    0 never executed
#####:   68:        _err = nullptr;
-:   69:      }
#####:   70:      _exit_status = 0;
#####:   71:    };
-:   72:};
-:   73:
-:   74://------------------------------------------------------------------------------
-:   75:class main_Target: public ::testing::Test {
-:   76:  protected:
-:   77:    Excuteable excMain;
-:   78:    std::string stdoutput;
function _ZN11main_Target5SetUpEv called 0 returned 0% blocks executed 0%
#####:   79:    void SetUp() override {
#####:   80:    }
-:   81:
function _ZN11main_Target8TearDownEv called 0 returned 0% blocks executed 0%
#####:   82:    void TearDown() override {
#####:   83:      excMain.freeValues();
call    0 never executed
#####:   84:    }
-:   85:};
-:   86:
#####:   87:TEST_F(main_Target, InvailidOptionArg_Nothing) {
#####:   88:  excMain.setCommand("./print_log.elf");
#####:   89:  ASSERT_TRUE(excMain.call());
#####:   90:  stdoutput = excMain.getStdout();
#####:   91:  ASSERT_EQ(0, stdoutput.length()) << stdoutput;;
-:   92:}
------------------
_ZN42main_Target_InvailidOptionArg_Nothing_TestC2Ev:
function _ZN42main_Target_InvailidOptionArg_Nothing_TestC2Ev called 0 returned 0% blocks executed 0%
#####:   87:TEST_F(main_Target, InvailidOptionArg_Nothing) {
call    0 never executed
------------------
_ZN42main_Target_InvailidOptionArg_Nothing_TestD0Ev:
function _ZN42main_Target_InvailidOptionArg_Nothing_TestD0Ev called 0 returned 0% blocks executed 0%
#####:   87:TEST_F(main_Target, InvailidOptionArg_Nothing) {
call    0 never executed
call    1 never executed
------------------
_ZN42main_Target_InvailidOptionArg_Nothing_TestD2Ev:
function _ZN42main_Target_InvailidOptionArg_Nothing_TestD2Ev called 0 returned 0% blocks executed 0%
#####:   87:TEST_F(main_Target, InvailidOptionArg_Nothing) {
call    0 never executed
------------------
_ZN42main_Target_InvailidOptionArg_Nothing_Test8TestBodyEv:
function _ZN42main_Target_InvailidOptionArg_Nothing_Test8TestBodyEv called 0 returned 0% blocks executed 0%
#####:   87:TEST_F(main_Target, InvailidOptionArg_Nothing) {
#####:   88:  excMain.setCommand("./print_log.elf");
call    0 never executed
call    1 never executed
branch  2 never executed
branch  3 never executed
call    4 never executed
branch  5 never executed
branch  6 never executed
call    7 never executed
call    8 never executed
call    9 never executed
call   10 never executed
call   11 never executed
#####:   89:  ASSERT_TRUE(excMain.call());
call    0 never executed
branch  1 never executed
branch  2 never executed
call    3 never executed
call    4 never executed
branch  5 never executed
branch  6 never executed
call    7 never executed
branch  8 never executed
branch  9 never executed
call   10 never executed
call   11 never executed
branch 12 never executed
branch 13 never executed
call   14 never executed
branch 15 never executed
branch 16 never executed
call   17 never executed
branch 18 never executed
branch 19 never executed
call   20 never executed
call   21 never executed
call   22 never executed
call   23 never executed
branch 24 never executed
branch 25 never executed
call   26 never executed
call   27 never executed
call   28 never executed
call   29 never executed
#####:   90:  stdoutput = excMain.getStdout();
call    0 never executed
call    1 never executed
call    2 never executed
#####:   91:  ASSERT_EQ(0, stdoutput.length()) << stdoutput;;
call    0 never executed
call    1 never executed
branch  2 never executed
branch  3 never executed
call    4 never executed
branch  5 never executed
branch  6 never executed
call    7 never executed
call    8 never executed
branch  9 never executed
branch 10 never executed
call   11 never executed
branch 12 never executed
branch 13 never executed
call   14 never executed
branch 15 never executed
branch 16 never executed
call   17 never executed
branch 18 never executed
branch 19 never executed
call   20 never executed
call   21 never executed
call   22 never executed
branch 23 never executed
branch 24 never executed
call   25 never executed
call   26 never executed
call   27 never executed
-:   92:}
------------------
-:   93:
#####:   94:TEST_F(main_Target, OptionArg_h) {
#####:   95:  excMain.setCommand("./print_log.elf -h");
#####:   96:  ASSERT_TRUE(excMain.call());
#####:   97:  stdoutput = excMain.getStdout();
#####:   98:  ASSERT_NE(0, stdoutput.length()) << stdoutput;;
-:   99:}
------------------
_ZN28main_Target_OptionArg_h_TestC2Ev:
function _ZN28main_Target_OptionArg_h_TestC2Ev called 0 returned 0% blocks executed 0%
#####:   94:TEST_F(main_Target, OptionArg_h) {
call    0 never executed
------------------
_ZN28main_Target_OptionArg_h_TestD0Ev:
function _ZN28main_Target_OptionArg_h_TestD0Ev called 0 returned 0% blocks executed 0%
#####:   94:TEST_F(main_Target, OptionArg_h) {
call    0 never executed
call    1 never executed
------------------
_ZN28main_Target_OptionArg_h_TestD2Ev:
function _ZN28main_Target_OptionArg_h_TestD2Ev called 0 returned 0% blocks executed 0%
#####:   94:TEST_F(main_Target, OptionArg_h) {
call    0 never executed
------------------
_ZN28main_Target_OptionArg_h_Test8TestBodyEv:
function _ZN28main_Target_OptionArg_h_Test8TestBodyEv called 0 returned 0% blocks executed 0%
#####:   94:TEST_F(main_Target, OptionArg_h) {
#####:   95:  excMain.setCommand("./print_log.elf -h");
call    0 never executed
call    1 never executed
branch  2 never executed
branch  3 never executed
call    4 never executed
branch  5 never executed
branch  6 never executed
call    7 never executed
call    8 never executed
call    9 never executed
call   10 never executed
call   11 never executed
#####:   96:  ASSERT_TRUE(excMain.call());
call    0 never executed
branch  1 never executed
branch  2 never executed
call    3 never executed
call    4 never executed
branch  5 never executed
branch  6 never executed
call    7 never executed
branch  8 never executed
branch  9 never executed
call   10 never executed
call   11 never executed
branch 12 never executed
branch 13 never executed
call   14 never executed
branch 15 never executed
branch 16 never executed
call   17 never executed
branch 18 never executed
branch 19 never executed
call   20 never executed
call   21 never executed
call   22 never executed
call   23 never executed
branch 24 never executed
branch 25 never executed
call   26 never executed
call   27 never executed
call   28 never executed
call   29 never executed
#####:   97:  stdoutput = excMain.getStdout();
call    0 never executed
call    1 never executed
call    2 never executed
#####:   98:  ASSERT_NE(0, stdoutput.length()) << stdoutput;;
call    0 never executed
call    1 never executed
branch  2 never executed
branch  3 never executed
call    4 never executed
branch  5 never executed
branch  6 never executed
call    7 never executed
call    8 never executed
branch  9 never executed
branch 10 never executed
call   11 never executed
branch 12 never executed
branch 13 never executed
call   14 never executed
branch 15 never executed
branch 16 never executed
call   17 never executed
branch 18 never executed
branch 19 never executed
call   20 never executed
call   21 never executed
call   22 never executed
branch 23 never executed
branch 24 never executed
call   25 never executed
call   26 never executed
call   27 never executed
-:   99:}
------------------
-:  100:
#####:  101:TEST_F(main_Target, OptionArg_s) {
#####:  102:  excMain.setCommand("./print_log.elf -s");
#####:  103:  ASSERT_TRUE(excMain.call());
#####:  104:  stdoutput = excMain.getStdout();
#####:  105:  ASSERT_NE(0, stdoutput.length()) << stdoutput;;
-:  106:}
------------------
_ZN28main_Target_OptionArg_s_TestC2Ev:
function _ZN28main_Target_OptionArg_s_TestC2Ev called 0 returned 0% blocks executed 0%
#####:  101:TEST_F(main_Target, OptionArg_s) {
call    0 never executed
------------------
_ZN28main_Target_OptionArg_s_TestD0Ev:
function _ZN28main_Target_OptionArg_s_TestD0Ev called 0 returned 0% blocks executed 0%
#####:  101:TEST_F(main_Target, OptionArg_s) {
call    0 never executed
call    1 never executed
------------------
_ZN28main_Target_OptionArg_s_TestD2Ev:
function _ZN28main_Target_OptionArg_s_TestD2Ev called 0 returned 0% blocks executed 0%
#####:  101:TEST_F(main_Target, OptionArg_s) {
call    0 never executed
------------------
_ZN28main_Target_OptionArg_s_Test8TestBodyEv:
function _ZN28main_Target_OptionArg_s_Test8TestBodyEv called 0 returned 0% blocks executed 0%
#####:  101:TEST_F(main_Target, OptionArg_s) {
#####:  102:  excMain.setCommand("./print_log.elf -s");
call    0 never executed
call    1 never executed
branch  2 never executed
branch  3 never executed
call    4 never executed
branch  5 never executed
branch  6 never executed
call    7 never executed
call    8 never executed
call    9 never executed
call   10 never executed
call   11 never executed
#####:  103:  ASSERT_TRUE(excMain.call());
call    0 never executed
branch  1 never executed
branch  2 never executed
call    3 never executed
call    4 never executed
branch  5 never executed
branch  6 never executed
call    7 never executed
branch  8 never executed
branch  9 never executed
call   10 never executed
call   11 never executed
branch 12 never executed
branch 13 never executed
call   14 never executed
branch 15 never executed
branch 16 never executed
call   17 never executed
branch 18 never executed
branch 19 never executed
call   20 never executed
call   21 never executed
call   22 never executed
call   23 never executed
branch 24 never executed
branch 25 never executed
call   26 never executed
call   27 never executed
call   28 never executed
call   29 never executed
#####:  104:  stdoutput = excMain.getStdout();
call    0 never executed
call    1 never executed
call    2 never executed
#####:  105:  ASSERT_NE(0, stdoutput.length()) << stdoutput;;
call    0 never executed
call    1 never executed
branch  2 never executed
branch  3 never executed
call    4 never executed
branch  5 never executed
branch  6 never executed
call    7 never executed
call    8 never executed
branch  9 never executed
branch 10 never executed
call   11 never executed
branch 12 never executed
branch 13 never executed
call   14 never executed
branch 15 never executed
branch 16 never executed
call   17 never executed
branch 18 never executed
branch 19 never executed
call   20 never executed
call   21 never executed
call   22 never executed
branch 23 never executed
branch 24 never executed
call   25 never executed
call   26 never executed
call   27 never executed
-:  106:}
------------------
-:  107:
#####:  108:TEST_F(main_Target, OptionArg_s_j) {
#####:  109:  excMain.setCommand("./print_log.elf -s -j");
#####:  110:  ASSERT_TRUE(excMain.call());
#####:  111:  stdoutput = excMain.getStdout();
#####:  112:  ASSERT_NE(0, stdoutput.length()) << stdoutput;;
-:  113:}
------------------
_ZN30main_Target_OptionArg_s_j_TestC2Ev:
function _ZN30main_Target_OptionArg_s_j_TestC2Ev called 0 returned 0% blocks executed 0%
#####:  108:TEST_F(main_Target, OptionArg_s_j) {
call    0 never executed
------------------
_ZN30main_Target_OptionArg_s_j_TestD0Ev:
function _ZN30main_Target_OptionArg_s_j_TestD0Ev called 0 returned 0% blocks executed 0%
#####:  108:TEST_F(main_Target, OptionArg_s_j) {
call    0 never executed
call    1 never executed
------------------
_ZN30main_Target_OptionArg_s_j_TestD2Ev:
function _ZN30main_Target_OptionArg_s_j_TestD2Ev called 0 returned 0% blocks executed 0%
#####:  108:TEST_F(main_Target, OptionArg_s_j) {
call    0 never executed
------------------
_ZN30main_Target_OptionArg_s_j_Test8TestBodyEv:
function _ZN30main_Target_OptionArg_s_j_Test8TestBodyEv called 0 returned 0% blocks executed 0%
#####:  108:TEST_F(main_Target, OptionArg_s_j) {
#####:  109:  excMain.setCommand("./print_log.elf -s -j");
call    0 never executed
call    1 never executed
branch  2 never executed
branch  3 never executed
call    4 never executed
branch  5 never executed
branch  6 never executed
call    7 never executed
call    8 never executed
call    9 never executed
call   10 never executed
call   11 never executed
#####:  110:  ASSERT_TRUE(excMain.call());
call    0 never executed
branch  1 never executed
branch  2 never executed
call    3 never executed
call    4 never executed
branch  5 never executed
branch  6 never executed
call    7 never executed
branch  8 never executed
branch  9 never executed
call   10 never executed
call   11 never executed
branch 12 never executed
branch 13 never executed
call   14 never executed
branch 15 never executed
branch 16 never executed
call   17 never executed
branch 18 never executed
branch 19 never executed
call   20 never executed
call   21 never executed
call   22 never executed
call   23 never executed
branch 24 never executed
branch 25 never executed
call   26 never executed
call   27 never executed
call   28 never executed
call   29 never executed
#####:  111:  stdoutput = excMain.getStdout();
call    0 never executed
call    1 never executed
call    2 never executed
#####:  112:  ASSERT_NE(0, stdoutput.length()) << stdoutput;;
call    0 never executed
call    1 never executed
branch  2 never executed
branch  3 never executed
call    4 never executed
branch  5 never executed
branch  6 never executed
call    7 never executed
call    8 never executed
branch  9 never executed
branch 10 never executed
call   11 never executed
branch 12 never executed
branch 13 never executed
call   14 never executed
branch 15 never executed
branch 16 never executed
call   17 never executed
branch 18 never executed
branch 19 never executed
call   20 never executed
call   21 never executed
call   22 never executed
branch 23 never executed
branch 24 never executed
call   25 never executed
call   26 never executed
call   27 never executed
-:  113:}
------------------
-:  114:
#####:  115:TEST_F(main_Target, OptionArg_r) {
#####:  116:  excMain.setCommand("./print_log.elf -r");
#####:  117:  ASSERT_TRUE(excMain.call());
#####:  118:  stdoutput = excMain.getStdout();
#####:  119:  ASSERT_EQ(0, stdoutput.length()) << stdoutput;
-:  120:}
-:  121:
