-:    0:Source:src/Status.cpp
-:    1:#include "Status.hpp"
-:    2:
-:    3:#include <map>
-:    4:
-:    5:namespace wago::snmp_config_lib {
-:    6:
-:    7:namespace {
-:    8:
function _ZN4wago15snmp_config_lib12_GLOBAL__N_114GetTextForCodeENS0_10StatusCodeE called 4 returned 100% blocks executed 56%
4:    9:std::string GetTextForCode(StatusCode c) {
-:   10:  // @formatter:off
-:   11:  static const ::std::map<StatusCode, ::std::string> status_text = {
1:   12:    { StatusCode::OK, ::std::string { } },
call    0 never executed
#####:   13:    { StatusCode::WRONG_PARAMETER_PATTERN, "" }
6:   14:  };
branch  0 taken 1 (fallthrough)
branch  1 taken 3
call    2 returned 1
branch  3 taken 1 (fallthrough)
branch  4 taken 0
call    5 returned 1
call    6 returned 1
call    7 returned 1
branch  8 taken 1 (fallthrough)
branch  9 taken 0 (throw)
call   10 returned 1
call   11 returned 1
branch 12 taken 1 (fallthrough)
branch 13 taken 0 (throw)
call   14 returned 1
call   15 returned 1
call   16 returned 1
branch 17 taken 2 (fallthrough)
branch 18 taken 1
call   19 returned 2
call   20 returned 1
call   21 never executed
branch 22 never executed
branch 23 never executed
call   24 never executed
branch 25 never executed
branch 26 never executed
call   27 never executed
-:   15:  // @formatter:on
4:   16:  return status_text.at(c);
call    0 returned 4
call    1 returned 4
-:   17:}
-:   18:
-:   19:}  //namespace
-:   20:
function _ZN4wago15snmp_config_lib6StatusC2ENS0_10StatusCodeE called 0 returned 0% blocks executed 0%
#####:   21:Status::Status(StatusCode code)
#####:   22:    : status_code_ { code } {
call    0 never executed
#####:   23:}
-:   24:
function _ZN4wago15snmp_config_lib6StatusC2ENS0_10StatusCodeEONSt7__cxx1112basic_stringIcSt11char_traitsIcESaIcEEE called 10 returned 100% blocks executed 100%
10:   25:Status::Status(StatusCode code, ::std::string &&additional_information)
10:   26:    : status_code_ { code },
10:   27:      additional_information_ { additional_information } {
call    0 returned 10
-:   28:  ;
10:   29:}
-:   30:
function _ZNK4wago15snmp_config_lib6Status8ToStringB5cxx11Ev called 4 returned 100% blocks executed 80%
4:   31:::std::string Status::ToString() const {
8:   32:  return GetTextForCode(status_code_).append(additional_information_);
call    0 returned 4
call    1 returned 4
branch  2 taken 4 (fallthrough)
branch  3 taken 0 (throw)
call    4 returned 4
branch  5 taken 4 (fallthrough)
branch  6 taken 0 (throw)
call    7 returned 4
call    8 never executed
-:   33:}
-:   34:
function _ZNK4wago15snmp_config_lib6Status4IsOkEv called 10 returned 100% blocks executed 100%
10:   35:bool Status::IsOk() const {
10:   36:  return status_code_ == StatusCode::OK;
-:   37:}
-:   38:
function _ZN4wago15snmp_config_lib8Statuses14AddErrorStatusEONS0_6StatusE called 10 returned 100% blocks executed 100%
10:   39:void Statuses::AddErrorStatus(Status &&status) {
10:   40:  if (not status.IsOk()) {
call    0 returned 10
branch  1 taken 10 (fallthrough)
branch  2 taken 0
10:   41:    statuses_.emplace_back(status);
call    0 returned 10
-:   42:  }
10:   43:}
-:   44:
function _ZN4wago15snmp_config_lib8Statuses16AddErrorStatusesEOS1_ called 75 returned 100% blocks executed 88%
75:   45:void Statuses::AddErrorStatuses(Statuses &&statuses) {
75:   46:  statuses_.insert(statuses_.end(), statuses.statuses_.begin(), statuses.statuses_.end());
call    0 returned 75
call    1 returned 75
call    2 returned 75
call    3 returned 75
call    4 returned 75
branch  5 taken 75 (fallthrough)
branch  6 taken 0 (throw)
75:   47:}
-:   48:
function _ZNK4wago15snmp_config_lib8Statuses4IsOkEv called 11 returned 100% blocks executed 100%
11:   49:bool Statuses::IsOk() const{
11:   50:  return statuses_.empty();
call    0 returned 11
-:   51:}
-:   52:
function _ZNK4wago15snmp_config_lib8Statuses11GetStatusesEv called 8 returned 100% blocks executed 100%
8:   53:const ::std::vector<Status>& Statuses::GetStatuses() const{
8:   54:  return statuses_;
-:   55:}
-:   56:
-:   57:}  // namespace wago::snmp_config_lib
