-:    0:Source:test-src/reserved_area/test_MainFunctionality.cc
-:    1://------------------------------------------------------------------------------
-:    2:// This Source Code Form is subject to the terms of the Mozilla Public
-:    3:// License, v. 2.0. If a copy of the MPL was not distributed with this
-:    4:// file, You can obtain one at http://mozilla.org/MPL/2.0/.
-:    5://
-:    6:// This file is part of project modular-config-tools (PTXdist package modular-config-tools).
-:    7://
-:    8:// Copyright (c) 2019-2022 WAGO GmbH & Co. KG
-:    9://------------------------------------------------------------------------------
-:   10://------------------------------------------------------------------------------
-:   11:///  \file     test_MainFunctionality.cc
-:   12:///
-:   13:///  \brief    Tests for config tool reserved_area main functionality.
-:   14:///
-:   15:///  \author   PEn: WAGO GmbH & Co. KG
-:   16://------------------------------------------------------------------------------
-:   17:
-:   18://------------------------------------------------------------------------------
-:   19:// include files
-:   20://------------------------------------------------------------------------------
-:   21:#include "ctparts/common_main_defaults.h"
-:   22:#include "ctparts/ctmain.h"
-:   23:#include "params.h"
-:   24:#include "resources.h"
-:   25:#include <gtest/gtest.h>
-:   26:#include <cstdlib>
-:   27:#include <cstring>
-:   28:
-:   29://------------------------------------------------------------------------------
-:   30:// macros
-:   31://------------------------------------------------------------------------------
-:   32:
-:   33://------------------------------------------------------------------------------
-:   34:// defines; structure, enumeration and type definitions
-:   35://------------------------------------------------------------------------------
function _ZL20IsFileAvailableDummyPK20ctutil_OptionsCommonPKcS3_ called 1 returned 100% blocks executed 100%
1:   36:static bool IsFileAvailableDummy(ctutil_OptionsCommon_t const *,
-:   37:                                 char const *,
-:   38:                                 char const *)
-:   39:{
1:   40:  return false;
-:   41:}
-:   42:
-:   43:class MainFunctionalityTest_reserved_area : public ::testing::Test
-:   44:{
-:   45:  private:
-:   46:
-:   47:  protected:
-:   48:    ctutil_Options_t stOptions;
-:   49:    ctutil_Resources_t stResources;
-:   50:
-:   51:  protected:
function _ZN35MainFunctionalityTest_reserved_areaC2Ev called 2 returned 100% blocks executed 100%
2:   52:    MainFunctionalityTest_reserved_area() {};
call    0 returned 2
2*:   53:    virtual ~MainFunctionalityTest_reserved_area() {};
------------------
_ZN35MainFunctionalityTest_reserved_areaD0Ev:
function _ZN35MainFunctionalityTest_reserved_areaD0Ev called 0 returned 0% blocks executed 0%
#####:   53:    virtual ~MainFunctionalityTest_reserved_area() {};
call    0 never executed
call    1 never executed
------------------
_ZN35MainFunctionalityTest_reserved_areaD2Ev:
function _ZN35MainFunctionalityTest_reserved_areaD2Ev called 2 returned 100% blocks executed 100%
2:   53:    virtual ~MainFunctionalityTest_reserved_area() {};
call    0 returned 2
------------------
function _ZN35MainFunctionalityTest_reserved_area5SetUpEv called 2 returned 100% blocks executed 37%
2:   54:    virtual void SetUp()
-:   55:    {
2:   56:      statusCode_t status = CTUTIL_SUCCESS;
-:   57:
-:   58:      // Prepare options
2:   59:      memset(&(this->stOptions), 0, sizeof(this->stOptions));
2:   60:      status = ctparts_SetOptionDefaults(NULL, &(this->stOptions));
call    0 returned 2
branch  1 taken 2 (fallthrough)
branch  2 taken 0 (throw)
2*:   61:      ASSERT_EQ(CTUTIL_SUCCESS, status);
call    0 returned 2
branch  1 taken 2 (fallthrough)
branch  2 taken 0 (throw)
call    3 returned 2
branch  4 taken 0 (fallthrough)
branch  5 taken 2
call    6 never executed
call    7 never executed
branch  8 never executed
branch  9 never executed
call   10 never executed
branch 11 never executed
branch 12 never executed
call   13 never executed
branch 14 never executed
branch 15 never executed
call   16 never executed
call   17 never executed
call   18 returned 2
branch 19 taken 2 (fallthrough)
branch 20 taken 0
call   21 never executed
call   22 never executed
call   23 never executed
-:   62:
-:   63:      // Prepare resources
2:   64:      memset(&(this->stResources), 0, sizeof(this->stResources));
2:   65:      this->stResources.pstSpecificResources = (ctutil_ResourcesSpecific_t *)malloc(sizeof(ctutil_ResourcesSpecific_t));
2:   66:      memset(this->stResources.pstSpecificResources, 0, sizeof(*(this->stResources.pstSpecificResources)));
2:   67:      this->stResources.pstSpecificResources->pfIsFileAvailable = &IsFileAvailableDummy;
-:   68:    }
function _ZN35MainFunctionalityTest_reserved_area8TearDownEv called 2 returned 100% blocks executed 100%
2:   69:    virtual void TearDown()
-:   70:    {
-:   71:      // Clean resources and options
2:   72:      free(this->stResources.pstSpecificResources);
2:   73:      ctparts_ReleaseSpecificOptions(NULL, &(this->stOptions));
call    0 returned 2
2:   74:    }
-:   75:};
-:   76:
-:   77://------------------------------------------------------------------------------
-:   78:// variables' and constants' definitions
-:   79://------------------------------------------------------------------------------
-:   80:
-:   81://------------------------------------------------------------------------------
-:   82:// test implementation
-:   83://------------------------------------------------------------------------------
4:   84:TEST_F(MainFunctionalityTest_reserved_area, CheckSetup)
-:   85:{
-:   86:  // Nothing to do here, everything is done in SetUp/TearDown
1:   87:}
------------------
_ZN51MainFunctionalityTest_reserved_area_CheckSetup_TestC2Ev:
function _ZN51MainFunctionalityTest_reserved_area_CheckSetup_TestC2Ev called 1 returned 100% blocks executed 100%
1:   84:TEST_F(MainFunctionalityTest_reserved_area, CheckSetup)
call    0 returned 1
------------------
_ZN51MainFunctionalityTest_reserved_area_CheckSetup_TestD0Ev:
function _ZN51MainFunctionalityTest_reserved_area_CheckSetup_TestD0Ev called 1 returned 100% blocks executed 100%
1:   84:TEST_F(MainFunctionalityTest_reserved_area, CheckSetup)
call    0 returned 1
call    1 returned 1
------------------
_ZN51MainFunctionalityTest_reserved_area_CheckSetup_TestD2Ev:
function _ZN51MainFunctionalityTest_reserved_area_CheckSetup_TestD2Ev called 1 returned 100% blocks executed 100%
1:   84:TEST_F(MainFunctionalityTest_reserved_area, CheckSetup)
call    0 returned 1
------------------
_ZN51MainFunctionalityTest_reserved_area_CheckSetup_Test8TestBodyEv:
function _ZN51MainFunctionalityTest_reserved_area_CheckSetup_Test8TestBodyEv called 1 returned 100% blocks executed 100%
1:   84:TEST_F(MainFunctionalityTest_reserved_area, CheckSetup)
-:   85:{
-:   86:  // Nothing to do here, everything is done in SetUp/TearDown
1:   87:}
------------------
-:   88:
-:   89:
4:   90:TEST_F(MainFunctionalityTest_reserved_area, NoOptionQuiet)
-:   91:{
1:   92:  char szArg00[] = "test";
1:   93:  char szArg01[] = "plainOptionShouldBeIgnored";
-:   94:  char * const arszArgs[]
-:   95:  {
-:   96:    szArg00,
-:   97:    szArg01,
1:   98:  };
1:   99:  int const argCount = sizeof(arszArgs) / sizeof(char *);
1:  100:  this->stOptions.stCommonOptions.quiet = true;
-:  101:
1:  102:  testing::internal::CaptureStdout();
1:  103:  exitCode_t const result = ctparts_ctMain(argCount, arszArgs, &(this->stOptions), &(this->stResources));
2*:  104:  EXPECT_STREQ("", testing::internal::GetCapturedStdout().c_str()); // Expected no ASSERT before GetCapturedStdout!
1*:  105:  EXPECT_EQ(CTUTIL_EXIT_SUCCESS, result);
1:  106:}
------------------
_ZN54MainFunctionalityTest_reserved_area_NoOptionQuiet_TestC2Ev:
function _ZN54MainFunctionalityTest_reserved_area_NoOptionQuiet_TestC2Ev called 1 returned 100% blocks executed 100%
1:   90:TEST_F(MainFunctionalityTest_reserved_area, NoOptionQuiet)
call    0 returned 1
------------------
_ZN54MainFunctionalityTest_reserved_area_NoOptionQuiet_TestD0Ev:
function _ZN54MainFunctionalityTest_reserved_area_NoOptionQuiet_TestD0Ev called 1 returned 100% blocks executed 100%
1:   90:TEST_F(MainFunctionalityTest_reserved_area, NoOptionQuiet)
call    0 returned 1
call    1 returned 1
------------------
_ZN54MainFunctionalityTest_reserved_area_NoOptionQuiet_TestD2Ev:
function _ZN54MainFunctionalityTest_reserved_area_NoOptionQuiet_TestD2Ev called 1 returned 100% blocks executed 100%
1:   90:TEST_F(MainFunctionalityTest_reserved_area, NoOptionQuiet)
call    0 returned 1
------------------
_ZN54MainFunctionalityTest_reserved_area_NoOptionQuiet_Test8TestBodyEv:
function _ZN54MainFunctionalityTest_reserved_area_NoOptionQuiet_Test8TestBodyEv called 1 returned 100% blocks executed 29%
1:   90:TEST_F(MainFunctionalityTest_reserved_area, NoOptionQuiet)
-:   91:{
1:   92:  char szArg00[] = "test";
1:   93:  char szArg01[] = "plainOptionShouldBeIgnored";
-:   94:  char * const arszArgs[]
-:   95:  {
-:   96:    szArg00,
-:   97:    szArg01,
1:   98:  };
1:   99:  int const argCount = sizeof(arszArgs) / sizeof(char *);
1:  100:  this->stOptions.stCommonOptions.quiet = true;
-:  101:
1:  102:  testing::internal::CaptureStdout();
call    0 returned 1
branch  1 taken 1 (fallthrough)
branch  2 taken 0 (throw)
1:  103:  exitCode_t const result = ctparts_ctMain(argCount, arszArgs, &(this->stOptions), &(this->stResources));
call    0 returned 1
branch  1 taken 1 (fallthrough)
branch  2 taken 0 (throw)
2*:  104:  EXPECT_STREQ("", testing::internal::GetCapturedStdout().c_str()); // Expected no ASSERT before GetCapturedStdout!
call    0 returned 1
branch  1 taken 1 (fallthrough)
branch  2 taken 0 (throw)
call    3 returned 1
call    4 returned 1
branch  5 taken 1 (fallthrough)
branch  6 taken 0 (throw)
call    7 returned 1
branch  8 taken 0 (fallthrough)
branch  9 taken 1
call   10 never executed
call   11 never executed
branch 12 never executed
branch 13 never executed
call   14 never executed
branch 15 never executed
branch 16 never executed
call   17 never executed
branch 18 never executed
branch 19 never executed
call   20 never executed
call   21 never executed
call   22 returned 1
call   23 never executed
call   24 never executed
call   25 never executed
1*:  105:  EXPECT_EQ(CTUTIL_EXIT_SUCCESS, result);
call    0 returned 1
branch  1 taken 1 (fallthrough)
branch  2 taken 0 (throw)
call    3 returned 1
branch  4 taken 0 (fallthrough)
branch  5 taken 1
call    6 never executed
call    7 never executed
branch  8 never executed
branch  9 never executed
call   10 never executed
branch 11 never executed
branch 12 never executed
call   13 never executed
branch 14 never executed
branch 15 never executed
call   16 never executed
call   17 never executed
call   18 returned 1
call   19 never executed
call   20 never executed
call   21 never executed
1:  106:}
------------------
-:  107:
-:  108:
-:  109://---- End of source file ------------------------------------------------------
-:  110:
