-:    0:Source:src/snmp-config/snmp_config_handler.cpp
-:    0:Graph:./out/gcc_11_3_aarch64-linux-gnu/Debug_gcov/alltests.elf/gcovr/gcda/libsnmp-config.a/src/snmp-config/snmp_config_handler.cpp.gcno
-:    0:Data:./out/gcc_11_3_aarch64-linux-gnu/Debug_gcov/alltests.elf/gcovr/gcda/libsnmp-config.a/src/snmp-config/snmp_config_handler.cpp.gcda
-:    0:Runs:1
-:    1:// Copyright (c) 2022 WAGO GmbH & Co. KG
-:    2:// SPDX-License-Identifier: MPL-2.0
-:    3:
-:    4:#include "snmp_config_handler.hpp"
-:    5:
-:    6:#include <algorithm>
-:    7:#include <functional>
-:    8:#include <iostream>
-:    9:#include <optional>
-:   10:#include <set>
-:   11:#include <stdexcept>
-:   12:#include <string>
-:   13:#include <type_traits>
-:   14:#include <vector>
-:   15:
-:   16:#include "SnmpConfig.hpp"
-:   17:
-:   18:namespace wago::snmp_config {
-:   19:namespace {
-:   20:
-:   21:using namespace ::std::string_literals;
-:   22:
-:   23:using snmp_config_lib::VersionV1V2c;
-:   24:using ::wago::snmp_config_lib::Access;
-:   25:using ::wago::snmp_config_lib::AuthenticationType;
-:   26:using ::wago::snmp_config_lib::Community;
-:   27:using ::wago::snmp_config_lib::Privacy;
-:   28:using ::wago::snmp_config_lib::SecurityLevel;
-:   29:using ::wago::snmp_config_lib::SnmpConfig;
-:   30:using ::wago::snmp_config_lib::TrapReceiverV1V2c;
-:   31:using ::wago::snmp_config_lib::TrapReceiverV3;
-:   32:using ::wago::snmp_config_lib::User;
-:   33:
-:   34:enum class edit_operation { add_op, delete_op };
-:   35:
-:   36:constexpr auto enabled  = "enabled";
-:   37:constexpr auto disabled = "disabled";
-:   38:
-:   39:constexpr auto basic_set_snmp          = "set-snmp";
-:   40:constexpr auto basic_device_name       = "device-name";
-:   41:constexpr auto basic_description       = "description";
-:   42:constexpr auto basic_physical_location = "physical-location";
-:   43:constexpr auto basic_contact           = "contact";
-:   44:constexpr auto basic_object_id         = "objectID";
-:   45:constexpr auto basic_state_value       = "v1-v2c-state";
-:   46:
-:   47:constexpr auto v1v2c_community_edit                = "v1-v2c-community-edit";
-:   48:constexpr auto v1v2c_community_name                = "v1-v2c-community-name";
-:   49:constexpr auto v1v2c_community_access              = "v1-v2c-community-access";
-:   50:constexpr auto v1v2c_community_required_params_add = {
-:   51:    v1v2c_community_name,
-:   52:    v1v2c_community_access,
-:   53:};
-:   54:
-:   55:constexpr auto v1v2c_community_required_params_delete = {
-:   56:    v1v2c_community_name,
-:   57:};
-:   58:
-:   59:constexpr auto v1v2c_trap_receiver_edit            = "v1-v2c-trap-receiver-edit";
-:   60:constexpr auto v1v2c_trap_receiver_community_name  = "v1-v2c-trap-receiver-community-name";
-:   61:constexpr auto v1v2c_trap_receiver_address         = "v1-v2c-trap-receiver-address";
-:   62:constexpr auto v1v2c_trap_receiver_version         = "v1-v2c-trap-receiver-version";
-:   63:constexpr auto v1v2c_trap_receiver_required_params = {
-:   64:    v1v2c_trap_receiver_community_name,
-:   65:    v1v2c_trap_receiver_address,
-:   66:    v1v2c_trap_receiver_version,
-:   67:};
-:   68:
-:   69:constexpr auto v3_edit                  = "v3-edit";
-:   70:constexpr auto v3_user_edit             = "v3-user-edit";
-:   71:constexpr auto v3_trap_receiver_edit    = "v3-trap-receiver-edit";
-:   72:constexpr auto v3_auth_name             = "v3-auth-name";
-:   73:constexpr auto v3_auth_type             = "v3-auth-type";
-:   74:constexpr auto v3_auth_key              = "v3-auth-key";
-:   75:constexpr auto v3_privacy_type          = "v3-privacy";
-:   76:constexpr auto v3_privacy_key           = "v3-privacy-key";
-:   77:constexpr auto v3_user_access           = "v3-user-access";
-:   78:constexpr auto v3_notification_reveiver = "v3-notification-receiver";
-:   79:
-:   80:constexpr auto v3_trap_receiver_required_params_add = {v3_auth_name,    v3_auth_key,    v3_auth_type,
-:   81:                                                       v3_privacy_type, v3_privacy_key, v3_notification_reveiver};
-:   82:
-:   83:constexpr auto v3_trap_receiver_required_params_delete = {
-:   84:    v3_auth_name,
-:   85:    v3_notification_reveiver,
-:   86:};
-:   87:
-:   88:constexpr auto v3_user_required_params_add = {
-:   89:    v3_auth_name, v3_auth_key, v3_auth_type, v3_privacy_type, v3_privacy_key,
-:   90:};
-:   91:
-:   92:constexpr auto v3_user_required_params_delete = {
-:   93:    v3_auth_name,
-:   94:};
-:   95:
-:   96:constexpr auto all_parameters = {
-:   97:    basic_set_snmp,
-:   98:    basic_device_name,
-:   99:    basic_description,
-:  100:    basic_physical_location,
-:  101:    basic_contact,
-:  102:    basic_object_id,
-:  103:    basic_state_value,
-:  104:    v1v2c_community_edit,
-:  105:    v1v2c_community_name,
-:  106:    v1v2c_community_access,
-:  107:    v1v2c_trap_receiver_edit,
-:  108:    v1v2c_trap_receiver_community_name,
-:  109:    v1v2c_trap_receiver_address,
-:  110:    v1v2c_trap_receiver_version,
-:  111:    v3_edit,
-:  112:    v3_user_edit,
-:  113:    v3_trap_receiver_edit,
-:  114:    v3_auth_name,
-:  115:    v3_auth_type,
-:  116:    v3_auth_key,
-:  117:    v3_privacy_type,
-:  118:    v3_privacy_key,
-:  119:    v3_user_access,
-:  120:    v3_notification_reveiver,
-:  121:};
-:  122:
-:  123:template <typename T>
-:  124:using setter_func_map = ::std::map<::std::string, ::std::function<void(T&, ::std::string const&)>>;
-:  125:
function _ZN4wago11snmp_config12_GLOBAL__N_18to_lowerERNSt7__cxx1112basic_stringIcSt11char_traitsIcESaIcEEE called 54 returned 100% blocks executed 100%
54:  126:void to_lower(::std::string& value) {
function _ZZN4wago11snmp_config12_GLOBAL__N_18to_lowerERNSt7__cxx1112basic_stringIcSt11char_traitsIcESaIcEEEENKUlhE_clEh called 287 returned 100% blocks executed 100%
341:  127:  std::transform(value.begin(), value.end(), value.begin(), [](unsigned char c) { return std::tolower(c); });
call    0 returned 54
call    1 returned 54
call    2 returned 54
call    3 returned 54
54:  128:}
-:  129:
-:  130:template <typename T>
54:  131:T parse_enum(::std::map<::std::string, T> const& map, ::std::string value) {
54:  132:  to_lower(value);
54:  133:  if (map.count(value) > 0) {
50:  134:    return map.at(value);
-:  135:  }
-:  136:
4*:  137:  throw snmp_config_exception(snmp_config_error::invalid_parameter, "invalid conversion: "s + value);
-:  138:}
------------------
_ZN4wago11snmp_config12_GLOBAL__N_110parse_enumINS1_14edit_operationEEET_RKSt3mapINSt7__cxx1112basic_stringIcSt11char_traitsIcESaIcEEES4_St4lessISB_ESaISt4pairIKSB_S4_EEESB_:
function _ZN4wago11snmp_config12_GLOBAL__N_110parse_enumINS1_14edit_operationEEET_RKSt3mapINSt7__cxx1112basic_stringIcSt11char_traitsIcESaIcEEES4_St4lessISB_ESaISt4pairIKSB_S4_EEESB_ called 27 returned 100% blocks executed 33%
27:  131:T parse_enum(::std::map<::std::string, T> const& map, ::std::string value) {
27:  132:  to_lower(value);
call    0 returned 27
27:  133:  if (map.count(value) > 0) {
call    0 returned 27
branch  1 taken 27 (fallthrough)
branch  2 taken 0
27:  134:    return map.at(value);
call    0 returned 27
-:  135:  }
-:  136:
#####:  137:  throw snmp_config_exception(snmp_config_error::invalid_parameter, "invalid conversion: "s + value);
call    0 never executed
call    1 never executed
branch  2 never executed
branch  3 never executed
call    4 never executed
branch  5 never executed
branch  6 never executed
call    7 never executed
branch  8 never executed
branch  9 never executed
call   10 never executed
call   11 never executed
call   12 never executed
call   13 never executed
call   14 never executed
call   15 never executed
-:  138:}
------------------
_ZN4wago11snmp_config12_GLOBAL__N_110parse_enumINS_15snmp_config_lib12VersionV1V2cEEET_RKSt3mapINSt7__cxx1112basic_stringIcSt11char_traitsIcESaIcEEES5_St4lessISC_ESaISt4pairIKSC_S5_EEESC_:
function _ZN4wago11snmp_config12_GLOBAL__N_110parse_enumINS_15snmp_config_lib12VersionV1V2cEEET_RKSt3mapINSt7__cxx1112basic_stringIcSt11char_traitsIcESaIcEEES5_St4lessISC_ESaISt4pairIKSC_S5_EEESC_ called 3 returned 67% blocks executed 67%
3:  131:T parse_enum(::std::map<::std::string, T> const& map, ::std::string value) {
3:  132:  to_lower(value);
call    0 returned 3
3:  133:  if (map.count(value) > 0) {
call    0 returned 3
branch  1 taken 2 (fallthrough)
branch  2 taken 1
2:  134:    return map.at(value);
call    0 returned 2
-:  135:  }
-:  136:
1:  137:  throw snmp_config_exception(snmp_config_error::invalid_parameter, "invalid conversion: "s + value);
call    0 returned 1
call    1 returned 1
branch  2 taken 1 (fallthrough)
branch  3 taken 0 (throw)
call    4 returned 1
branch  5 taken 1 (fallthrough)
branch  6 taken 0 (throw)
call    7 returned 1
branch  8 taken 1 (fallthrough)
branch  9 taken 0 (throw)
call   10 returned 1
call   11 returned 1
call   12 returned 0
call   13 never executed
call   14 never executed
call   15 never executed
-:  138:}
------------------
_ZN4wago11snmp_config12_GLOBAL__N_110parse_enumINS_15snmp_config_lib7PrivacyEEET_RKSt3mapINSt7__cxx1112basic_stringIcSt11char_traitsIcESaIcEEES5_St4lessISC_ESaISt4pairIKSC_S5_EEESC_:
function _ZN4wago11snmp_config12_GLOBAL__N_110parse_enumINS_15snmp_config_lib7PrivacyEEET_RKSt3mapINSt7__cxx1112basic_stringIcSt11char_traitsIcESaIcEEES5_St4lessISC_ESaISt4pairIKSC_S5_EEESC_ called 7 returned 86% blocks executed 67%
7:  131:T parse_enum(::std::map<::std::string, T> const& map, ::std::string value) {
7:  132:  to_lower(value);
call    0 returned 7
7:  133:  if (map.count(value) > 0) {
call    0 returned 7
branch  1 taken 6 (fallthrough)
branch  2 taken 1
6:  134:    return map.at(value);
call    0 returned 6
-:  135:  }
-:  136:
1:  137:  throw snmp_config_exception(snmp_config_error::invalid_parameter, "invalid conversion: "s + value);
call    0 returned 1
call    1 returned 1
branch  2 taken 1 (fallthrough)
branch  3 taken 0 (throw)
call    4 returned 1
branch  5 taken 1 (fallthrough)
branch  6 taken 0 (throw)
call    7 returned 1
branch  8 taken 1 (fallthrough)
branch  9 taken 0 (throw)
call   10 returned 1
call   11 returned 1
call   12 returned 0
call   13 never executed
call   14 never executed
call   15 never executed
-:  138:}
------------------
_ZN4wago11snmp_config12_GLOBAL__N_110parse_enumINS_15snmp_config_lib18AuthenticationTypeEEET_RKSt3mapINSt7__cxx1112basic_stringIcSt11char_traitsIcESaIcEEES5_St4lessISC_ESaISt4pairIKSC_S5_EEESC_:
function _ZN4wago11snmp_config12_GLOBAL__N_110parse_enumINS_15snmp_config_lib18AuthenticationTypeEEET_RKSt3mapINSt7__cxx1112basic_stringIcSt11char_traitsIcESaIcEEES5_St4lessISC_ESaISt4pairIKSC_S5_EEESC_ called 8 returned 88% blocks executed 67%
8:  131:T parse_enum(::std::map<::std::string, T> const& map, ::std::string value) {
8:  132:  to_lower(value);
call    0 returned 8
8:  133:  if (map.count(value) > 0) {
call    0 returned 8
branch  1 taken 7 (fallthrough)
branch  2 taken 1
7:  134:    return map.at(value);
call    0 returned 7
-:  135:  }
-:  136:
1:  137:  throw snmp_config_exception(snmp_config_error::invalid_parameter, "invalid conversion: "s + value);
call    0 returned 1
call    1 returned 1
branch  2 taken 1 (fallthrough)
branch  3 taken 0 (throw)
call    4 returned 1
branch  5 taken 1 (fallthrough)
branch  6 taken 0 (throw)
call    7 returned 1
branch  8 taken 1 (fallthrough)
branch  9 taken 0 (throw)
call   10 returned 1
call   11 returned 1
call   12 returned 0
call   13 never executed
call   14 never executed
call   15 never executed
-:  138:}
------------------
_ZN4wago11snmp_config12_GLOBAL__N_110parse_enumINS_15snmp_config_lib6AccessEEET_RKSt3mapINSt7__cxx1112basic_stringIcSt11char_traitsIcESaIcEEES5_St4lessISC_ESaISt4pairIKSC_S5_EEESC_:
function _ZN4wago11snmp_config12_GLOBAL__N_110parse_enumINS_15snmp_config_lib6AccessEEET_RKSt3mapINSt7__cxx1112basic_stringIcSt11char_traitsIcESaIcEEES5_St4lessISC_ESaISt4pairIKSC_S5_EEESC_ called 9 returned 89% blocks executed 67%
9:  131:T parse_enum(::std::map<::std::string, T> const& map, ::std::string value) {
9:  132:  to_lower(value);
call    0 returned 9
9:  133:  if (map.count(value) > 0) {
call    0 returned 9
branch  1 taken 8 (fallthrough)
branch  2 taken 1
8:  134:    return map.at(value);
call    0 returned 8
-:  135:  }
-:  136:
1:  137:  throw snmp_config_exception(snmp_config_error::invalid_parameter, "invalid conversion: "s + value);
call    0 returned 1
call    1 returned 1
branch  2 taken 1 (fallthrough)
branch  3 taken 0 (throw)
call    4 returned 1
branch  5 taken 1 (fallthrough)
branch  6 taken 0 (throw)
call    7 returned 1
branch  8 taken 1 (fallthrough)
branch  9 taken 0 (throw)
call   10 returned 1
call   11 returned 1
call   12 returned 0
call   13 never executed
call   14 never executed
call   15 never executed
-:  138:}
------------------
-:  139:
function _ZN4wago11snmp_config12_GLOBAL__N_112parse_accessERKNSt7__cxx1112basic_stringIcSt11char_traitsIcESaIcEEE called 9 returned 89% blocks executed 62%
9:  140:Access parse_access(::std::string const& value) {
-:  141:  static const ::std::map<::std::string, Access> access_map = {
#####:  142:      {"read-only", Access::ReadOnly},
#####:  143:      {"read-write", Access::ReadWrite},
11:  144:  };
branch  0 taken 1 (fallthrough)
branch  1 taken 8
call    2 returned 1
branch  3 taken 1 (fallthrough)
branch  4 taken 0
call    5 returned 1
branch  6 taken 1 (fallthrough)
branch  7 taken 0 (throw)
call    8 returned 1
branch  9 taken 1 (fallthrough)
branch 10 taken 0 (throw)
call   11 returned 1
call   12 returned 1
branch 13 taken 1 (fallthrough)
branch 14 taken 0 (throw)
call   15 returned 1
call   16 returned 1
call   17 returned 1
branch 18 taken 2 (fallthrough)
branch 19 taken 1
call   20 returned 2
call   21 never executed
branch 22 never executed
branch 23 never executed
call   24 never executed
branch 25 never executed
branch 26 never executed
call   27 never executed
9:  145:  return parse_enum(access_map, value);
call    0 returned 9
call    1 returned 9
branch  2 taken 8 (fallthrough)
branch  3 taken 1 (throw)
call    4 returned 8
call    5 returned 1
-:  146:}
-:  147:
function _ZN4wago11snmp_config12_GLOBAL__N_120parse_authenticationERKNSt7__cxx1112basic_stringIcSt11char_traitsIcESaIcEEE called 8 returned 88% blocks executed 60%
8:  148:AuthenticationType parse_authentication(::std::string const& value) {
-:  149:  static const ::std::map<::std::string, AuthenticationType> auth_map = {
#####:  150:      {"none", AuthenticationType::None},     {"md5", AuthenticationType::MD5},
#####:  151:      {"sha", AuthenticationType::SHA},       {"sha224", AuthenticationType::SHA224},
#####:  152:      {"sha256", AuthenticationType::SHA256}, {"sha384", AuthenticationType::SHA384},
#####:  153:      {"sha512", AuthenticationType::SHA512},
15:  154:  };
branch  0 taken 1 (fallthrough)
branch  1 taken 7
call    2 returned 1
branch  3 taken 1 (fallthrough)
branch  4 taken 0
call    5 returned 1
branch  6 taken 1 (fallthrough)
branch  7 taken 0 (throw)
call    8 returned 1
branch  9 taken 1 (fallthrough)
branch 10 taken 0 (throw)
call   11 returned 1
branch 12 taken 1 (fallthrough)
branch 13 taken 0 (throw)
call   14 returned 1
branch 15 taken 1 (fallthrough)
branch 16 taken 0 (throw)
call   17 returned 1
branch 18 taken 1 (fallthrough)
branch 19 taken 0 (throw)
call   20 returned 1
branch 21 taken 1 (fallthrough)
branch 22 taken 0 (throw)
call   23 returned 1
branch 24 taken 1 (fallthrough)
branch 25 taken 0 (throw)
call   26 returned 1
call   27 returned 1
branch 28 taken 1 (fallthrough)
branch 29 taken 0 (throw)
call   30 returned 1
call   31 returned 1
call   32 returned 1
branch 33 taken 7 (fallthrough)
branch 34 taken 1
call   35 returned 7
call   36 never executed
branch 37 never executed
branch 38 never executed
call   39 never executed
branch 40 never executed
branch 41 never executed
call   42 never executed
-:  155:
8:  156:  return parse_enum(auth_map, value);
call    0 returned 8
call    1 returned 8
branch  2 taken 7 (fallthrough)
branch  3 taken 1 (throw)
call    4 returned 7
call    5 returned 1
-:  157:}
-:  158:
function _ZN4wago11snmp_config12_GLOBAL__N_113parse_privacyERKNSt7__cxx1112basic_stringIcSt11char_traitsIcESaIcEEE called 7 returned 86% blocks executed 59%
7:  159:Privacy parse_privacy(::std::string const& value) {
-:  160:  static const ::std::map<::std::string, Privacy> privacy_map = {
#####:  161:      {"none", Privacy::None},     {"des", Privacy::DES},         {"aes", Privacy::AES},
#####:  162:      {"aes128", Privacy::AES128}, {"aes192", Privacy::AES192},   {"aes192c", Privacy::AES192C},
#####:  163:      {"aes256", Privacy::AES256}, {"aes256c", Privacy::AES256C},
-:  164:
15:  165:  };
branch  0 taken 1 (fallthrough)
branch  1 taken 6
call    2 returned 1
branch  3 taken 1 (fallthrough)
branch  4 taken 0
call    5 returned 1
branch  6 taken 1 (fallthrough)
branch  7 taken 0 (throw)
call    8 returned 1
branch  9 taken 1 (fallthrough)
branch 10 taken 0 (throw)
call   11 returned 1
branch 12 taken 1 (fallthrough)
branch 13 taken 0 (throw)
call   14 returned 1
branch 15 taken 1 (fallthrough)
branch 16 taken 0 (throw)
call   17 returned 1
branch 18 taken 1 (fallthrough)
branch 19 taken 0 (throw)
call   20 returned 1
branch 21 taken 1 (fallthrough)
branch 22 taken 0 (throw)
call   23 returned 1
branch 24 taken 1 (fallthrough)
branch 25 taken 0 (throw)
call   26 returned 1
branch 27 taken 1 (fallthrough)
branch 28 taken 0 (throw)
call   29 returned 1
call   30 returned 1
branch 31 taken 1 (fallthrough)
branch 32 taken 0 (throw)
call   33 returned 1
call   34 returned 1
call   35 returned 1
branch 36 taken 8 (fallthrough)
branch 37 taken 1
call   38 returned 8
call   39 never executed
branch 40 never executed
branch 41 never executed
call   42 never executed
branch 43 never executed
branch 44 never executed
call   45 never executed
-:  166:
7:  167:  return parse_enum(privacy_map, value);
call    0 returned 7
call    1 returned 7
branch  2 taken 6 (fallthrough)
branch  3 taken 1 (throw)
call    4 returned 6
call    5 returned 1
-:  168:}
-:  169:
function _ZN4wago11snmp_config12_GLOBAL__N_113parse_versionERKNSt7__cxx1112basic_stringIcSt11char_traitsIcESaIcEEE called 3 returned 67% blocks executed 62%
3:  170:VersionV1V2c parse_version(::std::string const& value) {
-:  171:  static const ::std::map<::std::string, VersionV1V2c> version_map{
#####:  172:      {"v1", VersionV1V2c::V1},
#####:  173:      {"v2c", VersionV1V2c::V2c},
5:  174:  };
branch  0 taken 1 (fallthrough)
branch  1 taken 2
call    2 returned 1
branch  3 taken 1 (fallthrough)
branch  4 taken 0
call    5 returned 1
branch  6 taken 1 (fallthrough)
branch  7 taken 0 (throw)
call    8 returned 1
branch  9 taken 1 (fallthrough)
branch 10 taken 0 (throw)
call   11 returned 1
call   12 returned 1
branch 13 taken 1 (fallthrough)
branch 14 taken 0 (throw)
call   15 returned 1
call   16 returned 1
call   17 returned 1
branch 18 taken 2 (fallthrough)
branch 19 taken 1
call   20 returned 2
call   21 never executed
branch 22 never executed
branch 23 never executed
call   24 never executed
branch 25 never executed
branch 26 never executed
call   27 never executed
3:  175:  return parse_enum(version_map, value);
call    0 returned 3
call    1 returned 3
branch  2 taken 2 (fallthrough)
branch  3 taken 1 (throw)
call    4 returned 2
call    5 returned 1
-:  176:}
-:  177:
function _ZN4wago11snmp_config12_GLOBAL__N_115parse_operationERKSt8optionalINSt7__cxx1112basic_stringIcSt11char_traitsIcESaIcEEEE called 42 returned 100% blocks executed 60%
42:  178:::std::optional<edit_operation> parse_operation(::std::optional<::std::string> const& value) {
-:  179:  static const ::std::map<::std::string, edit_operation> operation_map{
#####:  180:      {"add", edit_operation::add_op},
#####:  181:      {"delete", edit_operation::delete_op},
44:  182:  };
branch  0 taken 1 (fallthrough)
branch  1 taken 41
call    2 returned 1
branch  3 taken 1 (fallthrough)
branch  4 taken 0
call    5 returned 1
branch  6 taken 1 (fallthrough)
branch  7 taken 0 (throw)
call    8 returned 1
branch  9 taken 1 (fallthrough)
branch 10 taken 0 (throw)
call   11 returned 1
call   12 returned 1
branch 13 taken 1 (fallthrough)
branch 14 taken 0 (throw)
call   15 returned 1
call   16 returned 1
call   17 returned 1
branch 18 taken 2 (fallthrough)
branch 19 taken 1
call   20 returned 2
call   21 never executed
branch 22 never executed
branch 23 never executed
call   24 never executed
branch 25 never executed
branch 26 never executed
call   27 never executed
84:  183:  return value ? ::std::make_optional(parse_enum(operation_map, value.value())) : ::std::nullopt;
call    0 returned 42
branch  1 taken 27 (fallthrough)
branch  2 taken 15
call    3 returned 27
branch  4 taken 27 (fallthrough)
branch  5 taken 0 (throw)
call    6 returned 27
branch  7 taken 27 (fallthrough)
branch  8 taken 0 (throw)
call    9 returned 27
branch 10 taken 27 (fallthrough)
branch 11 taken 0 (throw)
call   12 returned 27
call   13 returned 15
branch 14 taken 27 (fallthrough)
branch 15 taken 15
call   16 returned 27
branch 17 never executed
branch 18 never executed
call   19 never executed
-:  184:}
-:  185:
-:  186:template <typename T>
function _ZN4wago11snmp_config12_GLOBAL__N_135check_that_all_parameters_are_givenISt16initializer_listIPKcEEEvRKSt3mapINSt7__cxx1112basic_stringIcSt11char_traitsIcESaIcEEESD_St4lessISD_ESaISt4pairIKSD_SD_EEERKT_ called 26 returned 77% blocks executed 74%
26:  187:void check_that_all_parameters_are_given(parameter_map const& given, T const& required) {
26:  188:  ::std::vector<::std::string> missing_parameters;
call    0 returned 26
26:  189:  missing_parameters = {
call    0 returned 26
call    1 returned 26
call    2 returned 26
branch  3 taken 26 (fallthrough)
branch  4 taken 0 (throw)
call    5 returned 26
call    6 returned 26
call    7 returned 26
branch  8 taken 26 (fallthrough)
branch  9 taken 0 (throw)
call   10 returned 26
call   11 returned 26
call   12 returned 26
call   13 never executed
function _ZZN4wago11snmp_config12_GLOBAL__N_135check_that_all_parameters_are_givenISt16initializer_listIPKcEEEvRKSt3mapINSt7__cxx1112basic_stringIcSt11char_traitsIcESaIcEEESD_St4lessISD_ESaISt4pairIKSD_SD_EEERKT_ENKUlSP_E_clIS5_EEDaSP_ called 72 returned 100% blocks executed 62%
72:  190:      ::std::find_if_not(required.begin(), required.end(), [&](auto const& p) { return given.count(p) > 0; }),
call    0 returned 72
call    1 returned 72
branch  2 taken 72 (fallthrough)
branch  3 taken 0 (throw)
call    4 returned 72
branch  5 taken 72 (fallthrough)
branch  6 taken 0 (throw)
call    7 returned 72
call    8 returned 72
call    9 never executed
call   10 never executed
-:  191:      required.end()};
-:  192:
26:  193:  if (not missing_parameters.empty()) {
call    0 returned 26
branch  1 taken 6 (fallthrough)
branch  2 taken 20
12:  194:    throw snmp_config_exception(snmp_config_error::missing_parameter,
call    0 returned 6
call    1 returned 6
branch  2 taken 6 (fallthrough)
branch  3 taken 0 (throw)
call    4 returned 6
branch  5 taken 6 (fallthrough)
branch  6 taken 0 (throw)
call    7 returned 6
call    8 returned 6
call    9 never executed
call   10 never executed
6:  195:                                "missing parameter: " + missing_parameters.front());
call    0 returned 6
-:  196:  }
26:  197:}
call    0 returned 20
call    1 returned 6
-:  198:
-:  199:template <typename T>
function _ZN4wago11snmp_config12_GLOBAL__N_135check_that_all_parameters_are_givenISt16initializer_listIPKcEEEvRKSt3mapINSt7__cxx1112basic_stringIcSt11char_traitsIcESaIcEEESD_St4lessISD_ESaISt4pairIKSD_SD_EEERKT_SP_NS1_14edit_operationE called 26 returned 77% blocks executed 100%
26:  200:void check_that_all_parameters_are_given(parameter_map const& given, T const& required_add, T const& required_delete,
-:  201:                                         edit_operation edit_operation) {
26:  202:  ::std::vector<::std::string> missing_parameters;
call    0 returned 26
26:  203:  if (edit_operation == edit_operation::add_op) {
branch  0 taken 17 (fallthrough)
branch  1 taken 9
17:  204:    check_that_all_parameters_are_given(given, required_add);
call    0 returned 17
branch  1 taken 13 (fallthrough)
branch  2 taken 4 (throw)
9:  205:  } else if (edit_operation == edit_operation::delete_op) {
branch  0 taken 9 (fallthrough)
branch  1 taken 0
9:  206:    check_that_all_parameters_are_given(given, required_delete);
call    0 returned 9
branch  1 taken 7 (fallthrough)
branch  2 taken 2 (throw)
-:  207:  }
26:  208:}
call    0 returned 20
call    1 returned 6
-:  209:
-:  210:template <typename T>
10:  211:void update_security_level(T& user_or_trap) {
10:  212:  const AuthenticationType auth = user_or_trap.authentication_type_;
10:  213:  const Privacy priv            = user_or_trap.privacy_;
-:  214:
10:  215:  if (auth == AuthenticationType::None) {
4:  216:    user_or_trap.security_level_ = SecurityLevel::NoAuthNoPriv;
4:  217:    if (priv != Privacy::None) {
#####:  218:      throw snmp_config_exception(snmp_config_error::missing_parameter, "privacy without authentication is invalid");
-:  219:    }
-:  220:  } else {
6:  221:    if (priv == Privacy::None) {
#####:  222:      user_or_trap.security_level_ = SecurityLevel::AuthNoPriv;
-:  223:    } else {
6:  224:      user_or_trap.security_level_ = SecurityLevel::AuthPriv;
-:  225:    }
-:  226:  }
10:  227:}
------------------
_ZN4wago11snmp_config12_GLOBAL__N_121update_security_levelINS_15snmp_config_lib4UserEEEvRT_:
function _ZN4wago11snmp_config12_GLOBAL__N_121update_security_levelINS_15snmp_config_lib4UserEEEvRT_ called 6 returned 100% blocks executed 29%
6:  211:void update_security_level(T& user_or_trap) {
6:  212:  const AuthenticationType auth = user_or_trap.authentication_type_;
6:  213:  const Privacy priv            = user_or_trap.privacy_;
-:  214:
6:  215:  if (auth == AuthenticationType::None) {
branch  0 taken 2 (fallthrough)
branch  1 taken 4
2:  216:    user_or_trap.security_level_ = SecurityLevel::NoAuthNoPriv;
2:  217:    if (priv != Privacy::None) {
branch  0 taken 0 (fallthrough)
branch  1 taken 2
#####:  218:      throw snmp_config_exception(snmp_config_error::missing_parameter, "privacy without authentication is invalid");
call    0 never executed
call    1 never executed
call    2 never executed
branch  3 never executed
branch  4 never executed
call    5 never executed
branch  6 never executed
branch  7 never executed
call    8 never executed
call    9 never executed
call   10 never executed
call   11 never executed
call   12 never executed
call   13 never executed
-:  219:    }
-:  220:  } else {
4:  221:    if (priv == Privacy::None) {
branch  0 taken 0 (fallthrough)
branch  1 taken 4
#####:  222:      user_or_trap.security_level_ = SecurityLevel::AuthNoPriv;
-:  223:    } else {
4:  224:      user_or_trap.security_level_ = SecurityLevel::AuthPriv;
-:  225:    }
-:  226:  }
6:  227:}
------------------
_ZN4wago11snmp_config12_GLOBAL__N_121update_security_levelINS_15snmp_config_lib14TrapReceiverV3EEEvRT_:
function _ZN4wago11snmp_config12_GLOBAL__N_121update_security_levelINS_15snmp_config_lib14TrapReceiverV3EEEvRT_ called 4 returned 100% blocks executed 29%
4:  211:void update_security_level(T& user_or_trap) {
4:  212:  const AuthenticationType auth = user_or_trap.authentication_type_;
4:  213:  const Privacy priv            = user_or_trap.privacy_;
-:  214:
4:  215:  if (auth == AuthenticationType::None) {
branch  0 taken 2 (fallthrough)
branch  1 taken 2
2:  216:    user_or_trap.security_level_ = SecurityLevel::NoAuthNoPriv;
2:  217:    if (priv != Privacy::None) {
branch  0 taken 0 (fallthrough)
branch  1 taken 2
#####:  218:      throw snmp_config_exception(snmp_config_error::missing_parameter, "privacy without authentication is invalid");
call    0 never executed
call    1 never executed
call    2 never executed
branch  3 never executed
branch  4 never executed
call    5 never executed
branch  6 never executed
branch  7 never executed
call    8 never executed
call    9 never executed
call   10 never executed
call   11 never executed
call   12 never executed
call   13 never executed
-:  219:    }
-:  220:  } else {
2:  221:    if (priv == Privacy::None) {
branch  0 taken 0 (fallthrough)
branch  1 taken 2
#####:  222:      user_or_trap.security_level_ = SecurityLevel::AuthNoPriv;
-:  223:    } else {
2:  224:      user_or_trap.security_level_ = SecurityLevel::AuthPriv;
-:  225:    }
-:  226:  }
4:  227:}
------------------
-:  228:
-:  229:template <typename T>
37:  230:void read_parameters_to(parameter_map const& parameters, setter_func_map<T> const& setter, T& to) {
140:  231:  for (auto& p : parameters) {
107:  232:    if (setter.count(p.first) > 0) {
79:  233:      setter.at(p.first)(to, p.second);
-:  234:    }
-:  235:  }
33:  236:}
------------------
_ZN4wago11snmp_config12_GLOBAL__N_118read_parameters_toINS_15snmp_config_lib4UserEEEvRKSt3mapINSt7__cxx1112basic_stringIcSt11char_traitsIcESaIcEEESB_St4lessISB_ESaISt4pairIKSB_SB_EEERKS5_ISB_St8functionIFvRT_RSF_EESD_SaISE_ISF_SQ_EEESN_:
function _ZN4wago11snmp_config12_GLOBAL__N_118read_parameters_toINS_15snmp_config_lib4UserEEEvRKSt3mapINSt7__cxx1112basic_stringIcSt11char_traitsIcESaIcEEESB_St4lessISB_ESaISt4pairIKSB_SB_EEERKS5_ISB_St8functionIFvRT_RSF_EESD_SaISE_ISF_SQ_EEESN_ called 7 returned 86% blocks executed 100%
7:  230:void read_parameters_to(parameter_map const& parameters, setter_func_map<T> const& setter, T& to) {
41:  231:  for (auto& p : parameters) {
call    0 returned 7
call    1 returned 7
call    2 returned 35
call    3 returned 34
call    4 returned 41
branch  5 taken 35
branch  6 taken 6 (fallthrough)
35:  232:    if (setter.count(p.first) > 0) {
call    0 returned 35
branch  1 taken 35 (fallthrough)
branch  2 taken 0 (throw)
branch  3 taken 25 (fallthrough)
branch  4 taken 10
25:  233:      setter.at(p.first)(to, p.second);
call    0 returned 25
branch  1 taken 25 (fallthrough)
branch  2 taken 0 (throw)
call    3 returned 25
branch  4 taken 24 (fallthrough)
branch  5 taken 1 (throw)
-:  234:    }
-:  235:  }
6:  236:}
------------------
_ZN4wago11snmp_config12_GLOBAL__N_118read_parameters_toINS_15snmp_config_lib14TrapReceiverV3EEEvRKSt3mapINSt7__cxx1112basic_stringIcSt11char_traitsIcESaIcEEESB_St4lessISB_ESaISt4pairIKSB_SB_EEERKS5_ISB_St8functionIFvRT_RSF_EESD_SaISE_ISF_SQ_EEESN_:
function _ZN4wago11snmp_config12_GLOBAL__N_118read_parameters_toINS_15snmp_config_lib14TrapReceiverV3EEEvRKSt3mapINSt7__cxx1112basic_stringIcSt11char_traitsIcESaIcEEESB_St4lessISB_ESaISt4pairIKSB_SB_EEERKS5_ISB_St8functionIFvRT_RSF_EESD_SaISE_ISF_SQ_EEESN_ called 5 returned 80% blocks executed 100%
5:  230:void read_parameters_to(parameter_map const& parameters, setter_func_map<T> const& setter, T& to) {
29:  231:  for (auto& p : parameters) {
call    0 returned 5
call    1 returned 5
call    2 returned 25
call    3 returned 24
call    4 returned 29
branch  5 taken 25
branch  6 taken 4 (fallthrough)
25:  232:    if (setter.count(p.first) > 0) {
call    0 returned 25
branch  1 taken 25 (fallthrough)
branch  2 taken 0 (throw)
branch  3 taken 16 (fallthrough)
branch  4 taken 9
16:  233:      setter.at(p.first)(to, p.second);
call    0 returned 16
branch  1 taken 16 (fallthrough)
branch  2 taken 0 (throw)
call    3 returned 16
branch  4 taken 15 (fallthrough)
branch  5 taken 1 (throw)
-:  234:    }
-:  235:  }
4:  236:}
------------------
_ZN4wago11snmp_config12_GLOBAL__N_118read_parameters_toINS_15snmp_config_lib9CommunityEEEvRKSt3mapINSt7__cxx1112basic_stringIcSt11char_traitsIcESaIcEEESB_St4lessISB_ESaISt4pairIKSB_SB_EEERKS5_ISB_St8functionIFvRT_RSF_EESD_SaISE_ISF_SQ_EEESN_:
function _ZN4wago11snmp_config12_GLOBAL__N_118read_parameters_toINS_15snmp_config_lib9CommunityEEEvRKSt3mapINSt7__cxx1112basic_stringIcSt11char_traitsIcESaIcEEESB_St4lessISB_ESaISt4pairIKSB_SB_EEERKS5_ISB_St8functionIFvRT_RSF_EESD_SaISE_ISF_SQ_EEESN_ called 5 returned 80% blocks executed 100%
5:  230:void read_parameters_to(parameter_map const& parameters, setter_func_map<T> const& setter, T& to) {
15:  231:  for (auto& p : parameters) {
call    0 returned 5
call    1 returned 5
call    2 returned 11
call    3 returned 10
call    4 returned 15
branch  5 taken 11
branch  6 taken 4 (fallthrough)
11:  232:    if (setter.count(p.first) > 0) {
call    0 returned 11
branch  1 taken 11 (fallthrough)
branch  2 taken 0 (throw)
branch  3 taken 7 (fallthrough)
branch  4 taken 4
7:  233:      setter.at(p.first)(to, p.second);
call    0 returned 7
branch  1 taken 7 (fallthrough)
branch  2 taken 0 (throw)
call    3 returned 7
branch  4 taken 6 (fallthrough)
branch  5 taken 1 (throw)
-:  234:    }
-:  235:  }
4:  236:}
------------------
_ZN4wago11snmp_config12_GLOBAL__N_118read_parameters_toINS_15snmp_config_lib17TrapReceiverV1V2cEEEvRKSt3mapINSt7__cxx1112basic_stringIcSt11char_traitsIcESaIcEEESB_St4lessISB_ESaISt4pairIKSB_SB_EEERKS5_ISB_St8functionIFvRT_RSF_EESD_SaISE_ISF_SQ_EEESN_:
function _ZN4wago11snmp_config12_GLOBAL__N_118read_parameters_toINS_15snmp_config_lib17TrapReceiverV1V2cEEEvRKSt3mapINSt7__cxx1112basic_stringIcSt11char_traitsIcESaIcEEESB_St4lessISB_ESaISt4pairIKSB_SB_EEERKS5_ISB_St8functionIFvRT_RSF_EESD_SaISE_ISF_SQ_EEESN_ called 3 returned 67% blocks executed 100%
3:  230:void read_parameters_to(parameter_map const& parameters, setter_func_map<T> const& setter, T& to) {
14:  231:  for (auto& p : parameters) {
call    0 returned 3
call    1 returned 3
call    2 returned 12
call    3 returned 11
call    4 returned 14
branch  5 taken 12
branch  6 taken 2 (fallthrough)
12:  232:    if (setter.count(p.first) > 0) {
call    0 returned 12
branch  1 taken 12 (fallthrough)
branch  2 taken 0 (throw)
branch  3 taken 9 (fallthrough)
branch  4 taken 3
9:  233:      setter.at(p.first)(to, p.second);
call    0 returned 9
branch  1 taken 9 (fallthrough)
branch  2 taken 0 (throw)
call    3 returned 9
branch  4 taken 8 (fallthrough)
branch  5 taken 1 (throw)
-:  234:    }
-:  235:  }
2:  236:}
------------------
_ZN4wago11snmp_config12_GLOBAL__N_118read_parameters_toINS_15snmp_config_lib10SnmpConfigEEEvRKSt3mapINSt7__cxx1112basic_stringIcSt11char_traitsIcESaIcEEESB_St4lessISB_ESaISt4pairIKSB_SB_EEERKS5_ISB_St8functionIFvRT_RSF_EESD_SaISE_ISF_SQ_EEESN_:
function _ZN4wago11snmp_config12_GLOBAL__N_118read_parameters_toINS_15snmp_config_lib10SnmpConfigEEEvRKSt3mapINSt7__cxx1112basic_stringIcSt11char_traitsIcESaIcEEESB_St4lessISB_ESaISt4pairIKSB_SB_EEERKS5_ISB_St8functionIFvRT_RSF_EESD_SaISE_ISF_SQ_EEESN_ called 17 returned 100% blocks executed 100%
17:  230:void read_parameters_to(parameter_map const& parameters, setter_func_map<T> const& setter, T& to) {
41:  231:  for (auto& p : parameters) {
call    0 returned 17
call    1 returned 17
call    2 returned 24
call    3 returned 24
call    4 returned 41
branch  5 taken 24
branch  6 taken 17 (fallthrough)
24:  232:    if (setter.count(p.first) > 0) {
call    0 returned 24
branch  1 taken 24 (fallthrough)
branch  2 taken 0 (throw)
branch  3 taken 22 (fallthrough)
branch  4 taken 2
22:  233:      setter.at(p.first)(to, p.second);
call    0 returned 22
branch  1 taken 22 (fallthrough)
branch  2 taken 0 (throw)
call    3 returned 22
branch  4 taken 22 (fallthrough)
branch  5 taken 0 (throw)
-:  234:    }
-:  235:  }
17:  236:}
------------------
-:  237:
-:  238:template <typename T>
20:  239:T create_from_parameters(parameter_map const& parameters, setter_func_map<T> const& setter) {
20:  240:  T t{};
20:  241:  read_parameters_to(parameters, setter, t);
16:  242:  return t;
4:  243:}
------------------
_ZN4wago11snmp_config12_GLOBAL__N_122create_from_parametersINS_15snmp_config_lib4UserEEET_RKSt3mapINSt7__cxx1112basic_stringIcSt11char_traitsIcESaIcEEESC_St4lessISC_ESaISt4pairIKSC_SC_EEERKS6_ISC_St8functionIFvRS5_RSG_EESE_SaISF_ISG_SQ_EEE:
function _ZN4wago11snmp_config12_GLOBAL__N_122create_from_parametersINS_15snmp_config_lib4UserEEET_RKSt3mapINSt7__cxx1112basic_stringIcSt11char_traitsIcESaIcEEESC_St4lessISC_ESaISt4pairIKSC_SC_EEERKS6_ISC_St8functionIFvRS5_RSG_EESE_SaISF_ISG_SQ_EEE called 7 returned 86% blocks executed 100%
7:  239:T create_from_parameters(parameter_map const& parameters, setter_func_map<T> const& setter) {
7:  240:  T t{};
call    0 returned 7
7:  241:  read_parameters_to(parameters, setter, t);
call    0 returned 7
branch  1 taken 6 (fallthrough)
branch  2 taken 1 (throw)
6:  242:  return t;
1:  243:}
call    0 returned 1
------------------
_ZN4wago11snmp_config12_GLOBAL__N_122create_from_parametersINS_15snmp_config_lib14TrapReceiverV3EEET_RKSt3mapINSt7__cxx1112basic_stringIcSt11char_traitsIcESaIcEEESC_St4lessISC_ESaISt4pairIKSC_SC_EEERKS6_ISC_St8functionIFvRS5_RSG_EESE_SaISF_ISG_SQ_EEE:
function _ZN4wago11snmp_config12_GLOBAL__N_122create_from_parametersINS_15snmp_config_lib14TrapReceiverV3EEET_RKSt3mapINSt7__cxx1112basic_stringIcSt11char_traitsIcESaIcEEESC_St4lessISC_ESaISt4pairIKSC_SC_EEERKS6_ISC_St8functionIFvRS5_RSG_EESE_SaISF_ISG_SQ_EEE called 5 returned 80% blocks executed 100%
5:  239:T create_from_parameters(parameter_map const& parameters, setter_func_map<T> const& setter) {
5:  240:  T t{};
call    0 returned 5
5:  241:  read_parameters_to(parameters, setter, t);
call    0 returned 5
branch  1 taken 4 (fallthrough)
branch  2 taken 1 (throw)
4:  242:  return t;
1:  243:}
call    0 returned 1
------------------
_ZN4wago11snmp_config12_GLOBAL__N_122create_from_parametersINS_15snmp_config_lib9CommunityEEET_RKSt3mapINSt7__cxx1112basic_stringIcSt11char_traitsIcESaIcEEESC_St4lessISC_ESaISt4pairIKSC_SC_EEERKS6_ISC_St8functionIFvRS5_RSG_EESE_SaISF_ISG_SQ_EEE:
function _ZN4wago11snmp_config12_GLOBAL__N_122create_from_parametersINS_15snmp_config_lib9CommunityEEET_RKSt3mapINSt7__cxx1112basic_stringIcSt11char_traitsIcESaIcEEESC_St4lessISC_ESaISt4pairIKSC_SC_EEERKS6_ISC_St8functionIFvRS5_RSG_EESE_SaISF_ISG_SQ_EEE called 5 returned 80% blocks executed 100%
5:  239:T create_from_parameters(parameter_map const& parameters, setter_func_map<T> const& setter) {
5:  240:  T t{};
call    0 returned 5
5:  241:  read_parameters_to(parameters, setter, t);
call    0 returned 5
branch  1 taken 4 (fallthrough)
branch  2 taken 1 (throw)
4:  242:  return t;
1:  243:}
call    0 returned 1
------------------
_ZN4wago11snmp_config12_GLOBAL__N_122create_from_parametersINS_15snmp_config_lib17TrapReceiverV1V2cEEET_RKSt3mapINSt7__cxx1112basic_stringIcSt11char_traitsIcESaIcEEESC_St4lessISC_ESaISt4pairIKSC_SC_EEERKS6_ISC_St8functionIFvRS5_RSG_EESE_SaISF_ISG_SQ_EEE:
function _ZN4wago11snmp_config12_GLOBAL__N_122create_from_parametersINS_15snmp_config_lib17TrapReceiverV1V2cEEET_RKSt3mapINSt7__cxx1112basic_stringIcSt11char_traitsIcESaIcEEESC_St4lessISC_ESaISt4pairIKSC_SC_EEERKS6_ISC_St8functionIFvRS5_RSG_EESE_SaISF_ISG_SQ_EEE called 3 returned 67% blocks executed 100%
3:  239:T create_from_parameters(parameter_map const& parameters, setter_func_map<T> const& setter) {
3:  240:  T t{};
call    0 returned 3
3:  241:  read_parameters_to(parameters, setter, t);
call    0 returned 3
branch  1 taken 2 (fallthrough)
branch  2 taken 1 (throw)
2:  242:  return t;
1:  243:}
call    0 returned 1
------------------
-:  244:
-:  245:template <typename T>
12:  246:T read_v3_user_or_trap(parameter_map const& parameters) {
22:  247:  static const setter_func_map<T> set = {
12:  248:      {v3_auth_name, [](T& e, ::std::string const& val) { e.name_ = val; }},
8:  249:      {v3_auth_type, [](T& e, ::std::string const& val) { e.authentication_type_ = parse_authentication(val); }},
8:  250:      {v3_auth_key, [](T& e, ::std::string const& val) { e.authentication_key_ = val; }},
7:  251:      {v3_privacy_type, [](T& e, ::std::string const& val) { e.privacy_ = parse_privacy(val); }},
6:  252:      {v3_privacy_key, [](T& e, std::string const& val) { e.privacy_key_ = val; }},
-:  253:  };
-:  254:
12:  255:  auto t = create_from_parameters(parameters, set);
10:  256:  update_security_level(t);
10:  257:  return t;
=====:  258:}
------------------
_ZN4wago11snmp_config12_GLOBAL__N_120read_v3_user_or_trapINS_15snmp_config_lib4UserEEET_RKSt3mapINSt7__cxx1112basic_stringIcSt11char_traitsIcESaIcEEESC_St4lessISC_ESaISt4pairIKSC_SC_EEE:
function _ZN4wago11snmp_config12_GLOBAL__N_120read_v3_user_or_trapINS_15snmp_config_lib4UserEEET_RKSt3mapINSt7__cxx1112basic_stringIcSt11char_traitsIcESaIcEEESC_St4lessISC_ESaISt4pairIKSC_SC_EEE called 7 returned 86% blocks executed 55%
7:  246:T read_v3_user_or_trap(parameter_map const& parameters) {
12:  247:  static const setter_func_map<T> set = {
branch  0 taken 1 (fallthrough)
branch  1 taken 6
call    2 returned 1
branch  3 taken 1 (fallthrough)
branch  4 taken 0
call    5 returned 1
branch  6 taken 1 (fallthrough)
branch  7 taken 0 (throw)
call    8 returned 1
branch  9 taken 1 (fallthrough)
branch 10 taken 0 (throw)
call   11 returned 1
branch 12 taken 1 (fallthrough)
branch 13 taken 0 (throw)
call   14 returned 1
branch 15 taken 1 (fallthrough)
branch 16 taken 0 (throw)
call   17 returned 1
branch 18 taken 1 (fallthrough)
branch 19 taken 0 (throw)
call   20 returned 1
call   21 returned 1
branch 22 taken 1 (fallthrough)
branch 23 taken 0 (throw)
call   24 returned 1
call   25 returned 1
call   26 returned 1
branch 27 taken 5 (fallthrough)
branch 28 taken 1
call   29 returned 5
call   30 never executed
branch 31 never executed
branch 32 never executed
call   33 never executed
branch 34 never executed
branch 35 never executed
call   36 never executed
-:  248:      {v3_auth_name, [](T& e, ::std::string const& val) { e.name_ = val; }},
-:  249:      {v3_auth_type, [](T& e, ::std::string const& val) { e.authentication_type_ = parse_authentication(val); }},
-:  250:      {v3_auth_key, [](T& e, ::std::string const& val) { e.authentication_key_ = val; }},
-:  251:      {v3_privacy_type, [](T& e, ::std::string const& val) { e.privacy_ = parse_privacy(val); }},
-:  252:      {v3_privacy_key, [](T& e, std::string const& val) { e.privacy_key_ = val; }},
-:  253:  };
-:  254:
7:  255:  auto t = create_from_parameters(parameters, set);
call    0 returned 6
6:  256:  update_security_level(t);
call    0 returned 6
branch  1 taken 6 (fallthrough)
branch  2 taken 0 (throw)
6:  257:  return t;
=====:  258:}
call    0 never executed
------------------
_ZN4wago11snmp_config12_GLOBAL__N_120read_v3_user_or_trapINS_15snmp_config_lib14TrapReceiverV3EEET_RKSt3mapINSt7__cxx1112basic_stringIcSt11char_traitsIcESaIcEEESC_St4lessISC_ESaISt4pairIKSC_SC_EEE:
function _ZN4wago11snmp_config12_GLOBAL__N_120read_v3_user_or_trapINS_15snmp_config_lib14TrapReceiverV3EEET_RKSt3mapINSt7__cxx1112basic_stringIcSt11char_traitsIcESaIcEEESC_St4lessISC_ESaISt4pairIKSC_SC_EEE called 5 returned 80% blocks executed 55%
5:  246:T read_v3_user_or_trap(parameter_map const& parameters) {
10:  247:  static const setter_func_map<T> set = {
branch  0 taken 1 (fallthrough)
branch  1 taken 4
call    2 returned 1
branch  3 taken 1 (fallthrough)
branch  4 taken 0
call    5 returned 1
branch  6 taken 1 (fallthrough)
branch  7 taken 0 (throw)
call    8 returned 1
branch  9 taken 1 (fallthrough)
branch 10 taken 0 (throw)
call   11 returned 1
branch 12 taken 1 (fallthrough)
branch 13 taken 0 (throw)
call   14 returned 1
branch 15 taken 1 (fallthrough)
branch 16 taken 0 (throw)
call   17 returned 1
branch 18 taken 1 (fallthrough)
branch 19 taken 0 (throw)
call   20 returned 1
call   21 returned 1
branch 22 taken 1 (fallthrough)
branch 23 taken 0 (throw)
call   24 returned 1
call   25 returned 1
call   26 returned 1
branch 27 taken 5 (fallthrough)
branch 28 taken 1
call   29 returned 5
call   30 never executed
branch 31 never executed
branch 32 never executed
call   33 never executed
branch 34 never executed
branch 35 never executed
call   36 never executed
-:  248:      {v3_auth_name, [](T& e, ::std::string const& val) { e.name_ = val; }},
-:  249:      {v3_auth_type, [](T& e, ::std::string const& val) { e.authentication_type_ = parse_authentication(val); }},
-:  250:      {v3_auth_key, [](T& e, ::std::string const& val) { e.authentication_key_ = val; }},
-:  251:      {v3_privacy_type, [](T& e, ::std::string const& val) { e.privacy_ = parse_privacy(val); }},
-:  252:      {v3_privacy_key, [](T& e, std::string const& val) { e.privacy_key_ = val; }},
-:  253:  };
-:  254:
5:  255:  auto t = create_from_parameters(parameters, set);
call    0 returned 4
4:  256:  update_security_level(t);
call    0 returned 4
branch  1 taken 4 (fallthrough)
branch  2 taken 0 (throw)
4:  257:  return t;
=====:  258:}
call    0 never executed
------------------
-:  259:
function _ZN4wago11snmp_config12_GLOBAL__N_124read_v1v2c_trap_receiverERKSt3mapINSt7__cxx1112basic_stringIcSt11char_traitsIcESaIcEEES8_St4lessIS8_ESaISt4pairIKS8_S8_EEE called 3 returned 67% blocks executed 56%
3:  260:TrapReceiverV1V2c read_v1v2c_trap_receiver(parameter_map const& parameters) {
-:  261:  static const setter_func_map<TrapReceiverV1V2c> setter_funcs = {
function _ZZN4wago11snmp_config12_GLOBAL__N_124read_v1v2c_trap_receiverERKSt3mapINSt7__cxx1112basic_stringIcSt11char_traitsIcESaIcEEES8_St4lessIS8_ESaISt4pairIKS8_S8_EEEENKUlRNS_15snmp_config_lib17TrapReceiverV1V2cERSC_E_clESK_SL_ called 3 returned 100% blocks executed 100%
3:  262:      {v1v2c_trap_receiver_address, [](TrapReceiverV1V2c& tr, ::std::string const& val) { tr.host_ = val; }},
call    0 returned 3
-:  263:      {v1v2c_trap_receiver_community_name,
function _ZZN4wago11snmp_config12_GLOBAL__N_124read_v1v2c_trap_receiverERKSt3mapINSt7__cxx1112basic_stringIcSt11char_traitsIcESaIcEEES8_St4lessIS8_ESaISt4pairIKS8_S8_EEEENKUlRNS_15snmp_config_lib17TrapReceiverV1V2cERSC_E0_clESK_SL_ called 3 returned 100% blocks executed 100%
3:  264:       [](TrapReceiverV1V2c& tr, ::std::string const& val) { tr.community_ = val; }},
call    0 returned 3
-:  265:      {v1v2c_trap_receiver_version,
function _ZZN4wago11snmp_config12_GLOBAL__N_124read_v1v2c_trap_receiverERKSt3mapINSt7__cxx1112basic_stringIcSt11char_traitsIcESaIcEEES8_St4lessIS8_ESaISt4pairIKS8_S8_EEEENKUlRNS_15snmp_config_lib17TrapReceiverV1V2cERSC_E1_clESK_SL_ called 3 returned 67% blocks executed 100%
3:  266:       [](TrapReceiverV1V2c& tr, ::std::string const& val) { tr.version_ = parse_version(val); }},
call    0 returned 2
6:  267:  };
branch  0 taken 1 (fallthrough)
branch  1 taken 2
call    2 returned 1
branch  3 taken 1 (fallthrough)
branch  4 taken 0
call    5 returned 1
branch  6 taken 1 (fallthrough)
branch  7 taken 0 (throw)
call    8 returned 1
branch  9 taken 1 (fallthrough)
branch 10 taken 0 (throw)
call   11 returned 1
branch 12 taken 1 (fallthrough)
branch 13 taken 0 (throw)
call   14 returned 1
call   15 returned 1
branch 16 taken 1 (fallthrough)
branch 17 taken 0 (throw)
call   18 returned 1
call   19 returned 1
call   20 returned 1
branch 21 taken 3 (fallthrough)
branch 22 taken 1
call   23 returned 3
call   24 never executed
branch 25 never executed
branch 26 never executed
call   27 never executed
branch 28 never executed
branch 29 never executed
call   30 never executed
-:  268:
3:  269:  return create_from_parameters(parameters, setter_funcs);
call    0 returned 2
-:  270:}
-:  271:
function _ZN4wago11snmp_config12_GLOBAL__N_120read_v1v2c_communityERKSt3mapINSt7__cxx1112basic_stringIcSt11char_traitsIcESaIcEEES8_St4lessIS8_ESaISt4pairIKS8_S8_EEE called 5 returned 80% blocks executed 57%
5:  272:Community read_v1v2c_community(parameter_map const& parameters) {
-:  273:  static const setter_func_map<Community> setter_funcs = {
function _ZZN4wago11snmp_config12_GLOBAL__N_120read_v1v2c_communityERKSt3mapINSt7__cxx1112basic_stringIcSt11char_traitsIcESaIcEEES8_St4lessIS8_ESaISt4pairIKS8_S8_EEEENKUlRNS_15snmp_config_lib9CommunityERSC_E_clESK_SL_ called 4 returned 100% blocks executed 100%
4:  274:      {v1v2c_community_name, [](Community& c, ::std::string const& val) { c.name_ = val; }},
call    0 returned 4
function _ZZN4wago11snmp_config12_GLOBAL__N_120read_v1v2c_communityERKSt3mapINSt7__cxx1112basic_stringIcSt11char_traitsIcESaIcEEES8_St4lessIS8_ESaISt4pairIKS8_S8_EEEENKUlRNS_15snmp_config_lib9CommunityERSC_E0_clESK_SL_ called 3 returned 67% blocks executed 100%
10:  275:      {v1v2c_community_access, [](Community& c, ::std::string const& val) { c.access_ = parse_access(val); }}};
branch  0 taken 1 (fallthrough)
branch  1 taken 4
call    2 returned 1
branch  3 taken 1 (fallthrough)
branch  4 taken 0
call    5 returned 1
branch  6 taken 1 (fallthrough)
branch  7 taken 0 (throw)
call    8 returned 1
branch  9 taken 1 (fallthrough)
branch 10 taken 0 (throw)
call   11 returned 1
call   12 returned 1
branch 13 taken 1 (fallthrough)
branch 14 taken 0 (throw)
call   15 returned 1
call   16 returned 1
call   17 returned 1
branch 18 taken 2 (fallthrough)
branch 19 taken 1
call   20 returned 2
call   21 never executed
branch 22 never executed
branch 23 never executed
call   24 never executed
branch 25 never executed
branch 26 never executed
call   27 never executed
call   28 returned 2
-:  276:
5:  277:  return create_from_parameters(parameters, setter_funcs);
call    0 returned 4
-:  278:}
-:  279:
function _ZN4wago11snmp_config12_GLOBAL__N_119get_parameter_valueERKSt3mapINSt7__cxx1112basic_stringIcSt11char_traitsIcESaIcEEES8_St4lessIS8_ESaISt4pairIKS8_S8_EEERSC_ called 59 returned 100% blocks executed 100%
59:  280:::std::optional<::std::string> get_parameter_value(parameter_map const& parameters, ::std::string const& key) {
59:  281:  return (parameters.count(key) > 0) ? ::std::make_optional(parameters.at(key)) : ::std::nullopt;
call    0 returned 59
branch  1 taken 37 (fallthrough)
branch  2 taken 22
call    3 returned 37
call    4 returned 37
call    5 returned 22
-:  282:}
-:  283:
function _ZN4wago11snmp_config12_GLOBAL__N_125get_v3_trap_receiver_hostERKSt3mapINSt7__cxx1112basic_stringIcSt11char_traitsIcESaIcEEES8_St4lessIS8_ESaISt4pairIKS8_S8_EEE called 11 returned 100% blocks executed 62%
11:  284:::std::optional<::std::string> get_v3_trap_receiver_host(parameter_map const& parameters) {
11:  285:  return get_parameter_value(parameters, v3_notification_reveiver);
call    0 returned 11
call    1 returned 11
branch  2 taken 11 (fallthrough)
branch  3 taken 0 (throw)
call    4 returned 11
branch  5 taken 11 (fallthrough)
branch  6 taken 0 (throw)
call    7 returned 11
call    8 returned 11
call    9 never executed
call   10 never executed
-:  286:}
-:  287:
function _ZN4wago11snmp_config12_GLOBAL__N_121get_v3_edit_operationERKSt3mapINSt7__cxx1112basic_stringIcSt11char_traitsIcESaIcEEES8_St4lessIS8_ESaISt4pairIKS8_S8_EEE called 15 returned 100% blocks executed 58%
15:  288:::std::optional<edit_operation> get_v3_edit_operation(parameter_map const& parameters) {
30:  289:  auto value = get_parameter_value(parameters, v3_edit);
call    0 returned 15
call    1 returned 15
branch  2 taken 15 (fallthrough)
branch  3 taken 0 (throw)
call    4 returned 15
branch  5 taken 15 (fallthrough)
branch  6 taken 0 (throw)
call    7 returned 15
30:  290:  return parse_operation(value);
call    0 returned 15
branch  1 taken 15 (fallthrough)
branch  2 taken 0 (throw)
15:  291:}
call    0 returned 15
call    1 never executed
-:  292:
function _ZN4wago11snmp_config12_GLOBAL__N_126get_v3_user_edit_operationERKSt3mapINSt7__cxx1112basic_stringIcSt11char_traitsIcESaIcEEES8_St4lessIS8_ESaISt4pairIKS8_S8_EEE called 8 returned 100% blocks executed 58%
8:  293:::std::optional<edit_operation> get_v3_user_edit_operation(parameter_map const& parameters) {
16:  294:  auto value = get_parameter_value(parameters, v3_user_edit);
call    0 returned 8
call    1 returned 8
branch  2 taken 8 (fallthrough)
branch  3 taken 0 (throw)
call    4 returned 8
branch  5 taken 8 (fallthrough)
branch  6 taken 0 (throw)
call    7 returned 8
16:  295:  return parse_operation(value);
call    0 returned 8
branch  1 taken 8 (fallthrough)
branch  2 taken 0 (throw)
8:  296:}
call    0 returned 8
call    1 never executed
-:  297:
function _ZN4wago11snmp_config12_GLOBAL__N_135get_v3_trap_receiver_edit_operationERKSt3mapINSt7__cxx1112basic_stringIcSt11char_traitsIcESaIcEEES8_St4lessIS8_ESaISt4pairIKS8_S8_EEE called 4 returned 100% blocks executed 58%
4:  298:::std::optional<edit_operation> get_v3_trap_receiver_edit_operation(parameter_map const& parameters) {
8:  299:  auto value = get_parameter_value(parameters, v3_trap_receiver_edit);
call    0 returned 4
call    1 returned 4
branch  2 taken 4 (fallthrough)
branch  3 taken 0 (throw)
call    4 returned 4
branch  5 taken 4 (fallthrough)
branch  6 taken 0 (throw)
call    7 returned 4
8:  300:  return parse_operation(value);
call    0 returned 4
branch  1 taken 4 (fallthrough)
branch  2 taken 0 (throw)
4:  301:}
call    0 returned 4
call    1 never executed
-:  302:
function _ZN4wago11snmp_config12_GLOBAL__N_129get_v1v2c_trap_edit_operationERKSt3mapINSt7__cxx1112basic_stringIcSt11char_traitsIcESaIcEEES8_St4lessIS8_ESaISt4pairIKS8_S8_EEE called 5 returned 100% blocks executed 58%
5:  303:::std::optional<edit_operation> get_v1v2c_trap_edit_operation(parameter_map const& parameters) {
10:  304:  auto value = get_parameter_value(parameters, v1v2c_trap_receiver_edit);
call    0 returned 5
call    1 returned 5
branch  2 taken 5 (fallthrough)
branch  3 taken 0 (throw)
call    4 returned 5
branch  5 taken 5 (fallthrough)
branch  6 taken 0 (throw)
call    7 returned 5
10:  305:  return parse_operation(value);
call    0 returned 5
branch  1 taken 5 (fallthrough)
branch  2 taken 0 (throw)
5:  306:}
call    0 returned 5
call    1 never executed
-:  307:
function _ZN4wago11snmp_config12_GLOBAL__N_134get_v1v2c_community_edit_operationERKSt3mapINSt7__cxx1112basic_stringIcSt11char_traitsIcESaIcEEES8_St4lessIS8_ESaISt4pairIKS8_S8_EEE called 10 returned 100% blocks executed 58%
10:  308:::std::optional<edit_operation> get_v1v2c_community_edit_operation(parameter_map const& parameters) {
20:  309:  auto value = get_parameter_value(parameters, v1v2c_community_edit);
call    0 returned 10
call    1 returned 10
branch  2 taken 10 (fallthrough)
branch  3 taken 0 (throw)
call    4 returned 10
branch  5 taken 10 (fallthrough)
branch  6 taken 0 (throw)
call    7 returned 10
20:  310:  return parse_operation(value);
call    0 returned 10
branch  1 taken 10 (fallthrough)
branch  2 taken 0 (throw)
10:  311:}
call    0 returned 10
call    1 never executed
-:  312:
function _ZN4wago11snmp_config12_GLOBAL__N_115set_snmp_enableERNS_15snmp_config_lib10SnmpConfigERKNSt7__cxx1112basic_stringIcSt11char_traitsIcESaIcEEE called 3 returned 100% blocks executed 100%
3:  313:void set_snmp_enable(wago::snmp_config_lib::SnmpConfig& config, ::std::string const& value) {
3:  314:  if (value == enabled) {
call    0 returned 3
branch  1 taken 2 (fallthrough)
branch  2 taken 1
2:  315:    config.snmp_enable_ = true;
-:  316:  }
3:  317:  if (value == disabled) {
call    0 returned 3
branch  1 taken 1 (fallthrough)
branch  2 taken 2
1:  318:    config.snmp_enable_ = false;
-:  319:  }
3:  320:}
-:  321:
function _ZN4wago11snmp_config12_GLOBAL__N_125set_snmp_community_legacyERSt6vectorINS_15snmp_config_lib9CommunityESaIS4_EERKNSt7__cxx1112basic_stringIcSt11char_traitsIcESaIcEEE called 3 returned 100% blocks executed 73%
3:  322:void set_snmp_community_legacy(::std::vector<Community>& communities, ::std::string const& value) {
3:  323:  if (value.empty()) {
call    0 returned 3
branch  1 taken 1 (fallthrough)
branch  2 taken 2
1:  324:    communities.erase(std::next(communities.begin()));
call    0 returned 1
call    1 returned 1
call    2 returned 1
call    3 returned 1
branch  4 taken 1 (fallthrough)
branch  5 taken 0 (throw)
call    6 never executed
-:  325:  } else {
2:  326:    auto community = Community{value, Access::ReadWrite};
call    0 returned 2
branch  1 taken 2 (fallthrough)
branch  2 taken 0 (throw)
call    3 returned 2
branch  4 taken 2 (fallthrough)
branch  5 taken 0 (throw)
2:  327:    if (communities.empty()) {
call    0 returned 2
branch  1 taken 1 (fallthrough)
branch  2 taken 1
1:  328:      communities.emplace_back(community);
call    0 returned 1
branch  1 taken 1 (fallthrough)
branch  2 taken 0 (throw)
-:  329:    } else {
1:  330:      communities.front() = community;
call    0 returned 1
call    1 returned 1
branch  2 taken 1 (fallthrough)
branch  3 taken 0 (throw)
-:  331:    }
2:  332:  }
call    0 returned 2
call    1 never executed
3:  333:}
-:  334:
-:  335:template <typename T, typename DeletePredicate>
16:  336:void add_or_delete(::std::vector<T>& container, edit_operation edit_operation, T& entry,
-:  337:                   DeletePredicate delete_predicate) {
16:  338:  if (edit_operation == edit_operation::add_op) {
9:  339:    container.emplace_back(entry);
7:  340:  } else if (edit_operation == edit_operation::delete_op) {
7:  341:    auto it = std::remove_if(container.begin(), container.end(), delete_predicate);
7:  342:    auto r = std::distance(it, container.end());
7:  343:    container.erase(it, container.end());
7:  344:    if (r == 0) {
#####:  345:      throw snmp_config_exception(snmp_config_error::invalid_parameter, "entry (community/trap/user) does not exist");
-:  346:    }
-:  347:  }
16:  348:}
------------------
_ZN4wago11snmp_config12_GLOBAL__N_113add_or_deleteINS_15snmp_config_lib9CommunityEZNS0_20edit_v1v2c_communityERKSt3mapINSt7__cxx1112basic_stringIcSt11char_traitsIcESaIcEEESB_St4lessISB_ESaISt4pairIKSB_SB_EEERNS3_10SnmpConfigEEUlRKT_E_EEvRSt6vectorISN_SaISN_EENS1_14edit_operationERSN_T0_:
function _ZN4wago11snmp_config12_GLOBAL__N_113add_or_deleteINS_15snmp_config_lib9CommunityEZNS0_20edit_v1v2c_communityERKSt3mapINSt7__cxx1112basic_stringIcSt11char_traitsIcESaIcEEESB_St4lessISB_ESaISt4pairIKSB_SB_EEERNS3_10SnmpConfigEEUlRKT_E_EEvRSt6vectorISN_SaISN_EENS1_14edit_operationERSN_T0_ called 4 returned 100% blocks executed 47%
4:  336:void add_or_delete(::std::vector<T>& container, edit_operation edit_operation, T& entry,
-:  337:                   DeletePredicate delete_predicate) {
4:  338:  if (edit_operation == edit_operation::add_op) {
branch  0 taken 2 (fallthrough)
branch  1 taken 2
2:  339:    container.emplace_back(entry);
call    0 returned 2
2:  340:  } else if (edit_operation == edit_operation::delete_op) {
branch  0 taken 2 (fallthrough)
branch  1 taken 0
2:  341:    auto it = std::remove_if(container.begin(), container.end(), delete_predicate);
call    0 returned 2
call    1 returned 2
call    2 returned 2
branch  3 taken 2 (fallthrough)
branch  4 taken 0 (throw)
2:  342:    auto r = std::distance(it, container.end());
call    0 returned 2
call    1 returned 2
branch  2 taken 2 (fallthrough)
branch  3 taken 0 (throw)
2:  343:    container.erase(it, container.end());
call    0 returned 2
call    1 returned 2
call    2 returned 2
call    3 returned 2
branch  4 taken 2 (fallthrough)
branch  5 taken 0 (throw)
2:  344:    if (r == 0) {
branch  0 taken 0 (fallthrough)
branch  1 taken 2
#####:  345:      throw snmp_config_exception(snmp_config_error::invalid_parameter, "entry (community/trap/user) does not exist");
call    0 never executed
call    1 never executed
call    2 never executed
branch  3 never executed
branch  4 never executed
call    5 never executed
branch  6 never executed
branch  7 never executed
call    8 never executed
call    9 never executed
call   10 never executed
call   11 never executed
call   12 never executed
call   13 never executed
-:  346:    }
-:  347:  }
4:  348:}
------------------
_ZN4wago11snmp_config12_GLOBAL__N_113add_or_deleteINS_15snmp_config_lib17TrapReceiverV1V2cEZNS0_24edit_v1v2c_trap_receiverERKSt3mapINSt7__cxx1112basic_stringIcSt11char_traitsIcESaIcEEESB_St4lessISB_ESaISt4pairIKSB_SB_EEERNS3_10SnmpConfigEEUlRKT_E_EEvRSt6vectorISN_SaISN_EENS1_14edit_operationERSN_T0_:
function _ZN4wago11snmp_config12_GLOBAL__N_113add_or_deleteINS_15snmp_config_lib17TrapReceiverV1V2cEZNS0_24edit_v1v2c_trap_receiverERKSt3mapINSt7__cxx1112basic_stringIcSt11char_traitsIcESaIcEEESB_St4lessISB_ESaISt4pairIKSB_SB_EEERNS3_10SnmpConfigEEUlRKT_E_EEvRSt6vectorISN_SaISN_EENS1_14edit_operationERSN_T0_ called 2 returned 100% blocks executed 47%
2:  336:void add_or_delete(::std::vector<T>& container, edit_operation edit_operation, T& entry,
-:  337:                   DeletePredicate delete_predicate) {
2:  338:  if (edit_operation == edit_operation::add_op) {
branch  0 taken 1 (fallthrough)
branch  1 taken 1
1:  339:    container.emplace_back(entry);
call    0 returned 1
1:  340:  } else if (edit_operation == edit_operation::delete_op) {
branch  0 taken 1 (fallthrough)
branch  1 taken 0
1:  341:    auto it = std::remove_if(container.begin(), container.end(), delete_predicate);
call    0 returned 1
call    1 returned 1
call    2 returned 1
branch  3 taken 1 (fallthrough)
branch  4 taken 0 (throw)
1:  342:    auto r = std::distance(it, container.end());
call    0 returned 1
call    1 returned 1
branch  2 taken 1 (fallthrough)
branch  3 taken 0 (throw)
1:  343:    container.erase(it, container.end());
call    0 returned 1
call    1 returned 1
call    2 returned 1
call    3 returned 1
branch  4 taken 1 (fallthrough)
branch  5 taken 0 (throw)
1:  344:    if (r == 0) {
branch  0 taken 0 (fallthrough)
branch  1 taken 1
#####:  345:      throw snmp_config_exception(snmp_config_error::invalid_parameter, "entry (community/trap/user) does not exist");
call    0 never executed
call    1 never executed
call    2 never executed
branch  3 never executed
branch  4 never executed
call    5 never executed
branch  6 never executed
branch  7 never executed
call    8 never executed
call    9 never executed
call   10 never executed
call   11 never executed
call   12 never executed
call   13 never executed
-:  346:    }
-:  347:  }
2:  348:}
------------------
_ZN4wago11snmp_config12_GLOBAL__N_113add_or_deleteINS_15snmp_config_lib4UserEZNS1_12edit_v3_userERKSt3mapINSt7__cxx1112basic_stringIcSt11char_traitsIcESaIcEEESB_St4lessISB_ESaISt4pairIKSB_SB_EEENS1_14edit_operationERNS3_10SnmpConfigEEUlRKT_E_EEvRSt6vectorISO_SaISO_EESL_RSO_T0_:
function _ZN4wago11snmp_config12_GLOBAL__N_113add_or_deleteINS_15snmp_config_lib4UserEZNS1_12edit_v3_userERKSt3mapINSt7__cxx1112basic_stringIcSt11char_traitsIcESaIcEEESB_St4lessISB_ESaISt4pairIKSB_SB_EEENS1_14edit_operationERNS3_10SnmpConfigEEUlRKT_E_EEvRSt6vectorISO_SaISO_EESL_RSO_T0_ called 6 returned 100% blocks executed 47%
6:  336:void add_or_delete(::std::vector<T>& container, edit_operation edit_operation, T& entry,
-:  337:                   DeletePredicate delete_predicate) {
6:  338:  if (edit_operation == edit_operation::add_op) {
branch  0 taken 4 (fallthrough)
branch  1 taken 2
4:  339:    container.emplace_back(entry);
call    0 returned 4
2:  340:  } else if (edit_operation == edit_operation::delete_op) {
branch  0 taken 2 (fallthrough)
branch  1 taken 0
2:  341:    auto it = std::remove_if(container.begin(), container.end(), delete_predicate);
call    0 returned 2
call    1 returned 2
call    2 returned 2
branch  3 taken 2 (fallthrough)
branch  4 taken 0 (throw)
2:  342:    auto r = std::distance(it, container.end());
call    0 returned 2
call    1 returned 2
branch  2 taken 2 (fallthrough)
branch  3 taken 0 (throw)
2:  343:    container.erase(it, container.end());
call    0 returned 2
call    1 returned 2
call    2 returned 2
call    3 returned 2
branch  4 taken 2 (fallthrough)
branch  5 taken 0 (throw)
2:  344:    if (r == 0) {
branch  0 taken 0 (fallthrough)
branch  1 taken 2
#####:  345:      throw snmp_config_exception(snmp_config_error::invalid_parameter, "entry (community/trap/user) does not exist");
call    0 never executed
call    1 never executed
call    2 never executed
branch  3 never executed
branch  4 never executed
call    5 never executed
branch  6 never executed
branch  7 never executed
call    8 never executed
call    9 never executed
call   10 never executed
call   11 never executed
call   12 never executed
call   13 never executed
-:  346:    }
-:  347:  }
6:  348:}
------------------
_ZN4wago11snmp_config12_GLOBAL__N_113add_or_deleteINS_15snmp_config_lib14TrapReceiverV3EZNS1_12edit_v3_trapERKSt3mapINSt7__cxx1112basic_stringIcSt11char_traitsIcESaIcEEESB_St4lessISB_ESaISt4pairIKSB_SB_EEENS1_14edit_operationERNS3_10SnmpConfigEEUlRKT_E_EEvRSt6vectorISO_SaISO_EESL_RSO_T0_:
function _ZN4wago11snmp_config12_GLOBAL__N_113add_or_deleteINS_15snmp_config_lib14TrapReceiverV3EZNS1_12edit_v3_trapERKSt3mapINSt7__cxx1112basic_stringIcSt11char_traitsIcESaIcEEESB_St4lessISB_ESaISt4pairIKSB_SB_EEENS1_14edit_operationERNS3_10SnmpConfigEEUlRKT_E_EEvRSt6vectorISO_SaISO_EESL_RSO_T0_ called 4 returned 100% blocks executed 47%
4:  336:void add_or_delete(::std::vector<T>& container, edit_operation edit_operation, T& entry,
-:  337:                   DeletePredicate delete_predicate) {
4:  338:  if (edit_operation == edit_operation::add_op) {
branch  0 taken 2 (fallthrough)
branch  1 taken 2
2:  339:    container.emplace_back(entry);
call    0 returned 2
2:  340:  } else if (edit_operation == edit_operation::delete_op) {
branch  0 taken 2 (fallthrough)
branch  1 taken 0
2:  341:    auto it = std::remove_if(container.begin(), container.end(), delete_predicate);
call    0 returned 2
call    1 returned 2
call    2 returned 2
branch  3 taken 2 (fallthrough)
branch  4 taken 0 (throw)
2:  342:    auto r = std::distance(it, container.end());
call    0 returned 2
call    1 returned 2
branch  2 taken 2 (fallthrough)
branch  3 taken 0 (throw)
2:  343:    container.erase(it, container.end());
call    0 returned 2
call    1 returned 2
call    2 returned 2
call    3 returned 2
branch  4 taken 2 (fallthrough)
branch  5 taken 0 (throw)
2:  344:    if (r == 0) {
branch  0 taken 0 (fallthrough)
branch  1 taken 2
#####:  345:      throw snmp_config_exception(snmp_config_error::invalid_parameter, "entry (community/trap/user) does not exist");
call    0 never executed
call    1 never executed
call    2 never executed
branch  3 never executed
branch  4 never executed
call    5 never executed
branch  6 never executed
branch  7 never executed
call    8 never executed
call    9 never executed
call   10 never executed
call   11 never executed
call   12 never executed
call   13 never executed
-:  346:    }
-:  347:  }
4:  348:}
------------------
-:  349:
function _ZN4wago11snmp_config12_GLOBAL__N_112edit_v3_trapERKSt3mapINSt7__cxx1112basic_stringIcSt11char_traitsIcESaIcEEES8_St4lessIS8_ESaISt4pairIKS8_S8_EEENS1_14edit_operationERNS_15snmp_config_lib10SnmpConfigE called 6 returned 67% blocks executed 67%
6:  350:void edit_v3_trap(parameter_map const& parameters, edit_operation edit_operation,
-:  351:                  wago::snmp_config_lib::SnmpConfig& config) {
6:  352:  check_that_all_parameters_are_given(parameters, v3_trap_receiver_required_params_add,
call    0 returned 6
branch  1 taken 5 (fallthrough)
branch  2 taken 1 (throw)
-:  353:                                      v3_trap_receiver_required_params_delete, edit_operation);
-:  354:
5:  355:  auto trap_receiver  = read_v3_user_or_trap<TrapReceiverV3>(parameters);
call    0 returned 5
branch  1 taken 4 (fallthrough)
branch  2 taken 1 (throw)
4:  356:  trap_receiver.host_ = get_v3_trap_receiver_host(parameters).value();
call    0 returned 4
branch  1 taken 4 (fallthrough)
branch  2 taken 0 (throw)
call    3 returned 4
branch  4 taken 4 (fallthrough)
branch  5 taken 0 (throw)
call    6 returned 4
call    7 returned 4
call    8 never executed
4:  357:  add_or_delete(config.trap_receivers_V3_, edit_operation, trap_receiver,
call    0 returned 4
branch  1 taken 4 (fallthrough)
branch  2 taken 0 (throw)
function _ZZN4wago11snmp_config12_GLOBAL__N_112edit_v3_trapERKSt3mapINSt7__cxx1112basic_stringIcSt11char_traitsIcESaIcEEES8_St4lessIS8_ESaISt4pairIKS8_S8_EEENS1_14edit_operationERNS_15snmp_config_lib10SnmpConfigEENKUlRKT_E_clINSJ_14TrapReceiverV3EEEDaSO_ called 2 returned 100% blocks executed 88%
2*:  358:                [&](auto const& t) { return t.host_ == trap_receiver.host_ && t.name_ == trap_receiver.name_; });
call    0 returned 2
branch  1 taken 2 (fallthrough)
branch  2 taken 0
call    3 returned 2
branch  4 taken 2 (fallthrough)
branch  5 taken 0
4:  359:}
call    0 returned 4
call    1 never executed
-:  360:
function _ZN4wago11snmp_config12_GLOBAL__N_112edit_v3_userERKSt3mapINSt7__cxx1112basic_stringIcSt11char_traitsIcESaIcEEES8_St4lessIS8_ESaISt4pairIKS8_S8_EEENS1_14edit_operationERNS_15snmp_config_lib10SnmpConfigE called 9 returned 67% blocks executed 54%
9:  361:void edit_v3_user(parameter_map const& parameters, edit_operation edit_operation,
-:  362:                  wago::snmp_config_lib::SnmpConfig& config) {
9:  363:  check_that_all_parameters_are_given(parameters, v3_user_required_params_add, v3_user_required_params_delete,
call    0 returned 9
branch  1 taken 7 (fallthrough)
branch  2 taken 2 (throw)
-:  364:                                      edit_operation);
-:  365:
7:  366:  auto user = read_v3_user_or_trap<User>(parameters);
call    0 returned 7
branch  1 taken 6 (fallthrough)
branch  2 taken 1 (throw)
-:  367:  // user-access defaults to rw
12:  368:  auto access_value = get_parameter_value(parameters, v3_user_access).value_or("read-write");
call    0 returned 6
call    1 returned 6
branch  2 taken 6 (fallthrough)
branch  3 taken 0 (throw)
call    4 returned 6
branch  5 taken 6 (fallthrough)
branch  6 taken 0 (throw)
call    7 returned 6
branch  8 taken 6 (fallthrough)
branch  9 taken 0 (throw)
call   10 returned 6
call   11 returned 6
6:  369:  user.access_      = parse_access(access_value);
call    0 returned 6
branch  1 taken 6 (fallthrough)
branch  2 taken 0 (throw)
function _ZZN4wago11snmp_config12_GLOBAL__N_112edit_v3_userERKSt3mapINSt7__cxx1112basic_stringIcSt11char_traitsIcESaIcEEES8_St4lessIS8_ESaISt4pairIKS8_S8_EEENS1_14edit_operationERNS_15snmp_config_lib10SnmpConfigEENKUlRKT_E_clINSJ_4UserEEEDaSO_ called 2 returned 100% blocks executed 100%
8:  370:  add_or_delete(config.user_, edit_operation, user, [&](auto const& t) { return t.name_ == user.name_; });
call    0 returned 2
call    1 returned 6
branch  2 taken 6 (fallthrough)
branch  3 taken 0 (throw)
6:  371:}
call    0 returned 6
call    1 returned 6
call    2 never executed
call    3 never executed
-:  372:
-:  373:}  // namespace
-:  374:
function _ZN4wago11snmp_config31check_that_parameters_are_knownERKSt3mapINSt7__cxx1112basic_stringIcSt11char_traitsIcESaIcEEES7_St4lessIS7_ESaISt4pairIKS7_S7_EEE called 0 returned 0% blocks executed 0%
#####:  375:void check_that_parameters_are_known(parameter_map const& parameters) {
#####:  376:  static const auto known_parameters = ::std::set<::std::string>{all_parameters.begin(), all_parameters.end()};
branch  0 never executed
branch  1 never executed
call    2 never executed
branch  3 never executed
branch  4 never executed
call    5 never executed
call    6 never executed
call    7 never executed
branch  8 never executed
branch  9 never executed
call   10 never executed
call   11 never executed
branch 12 never executed
branch 13 never executed
call   14 never executed
#####:  377:  for (auto& parameter : parameters) {
call    0 never executed
call    1 never executed
call    2 never executed
call    3 never executed
call    4 never executed
branch  5 never executed
branch  6 never executed
#####:  378:    if (known_parameters.count(parameter.first) == 0) {
call    0 never executed
branch  1 never executed
branch  2 never executed
branch  3 never executed
branch  4 never executed
#####:  379:      throw snmp_config_exception(snmp_config_error::invalid_parameter, "invalid command line: " + parameter.second);
call    0 never executed
call    1 never executed
branch  2 never executed
branch  3 never executed
call    4 never executed
branch  5 never executed
branch  6 never executed
call    7 never executed
call    8 never executed
call    9 never executed
call   10 never executed
-:  380:    }
-:  381:  }
#####:  382:}
-:  383:
function _ZN4wago11snmp_config20edit_basic_parameterERKSt3mapINSt7__cxx1112basic_stringIcSt11char_traitsIcESaIcEEES7_St4lessIS7_ESaISt4pairIKS7_S7_EEERNS_15snmp_config_lib10SnmpConfigE called 17 returned 100% blocks executed 38%
17:  384:void edit_basic_parameter(parameter_map const& parameters, SnmpConfig& config) {
-:  385:  const setter_func_map<SnmpConfig> setter_funcs = {
function _ZZN4wago11snmp_config20edit_basic_parameterERKSt3mapINSt7__cxx1112basic_stringIcSt11char_traitsIcESaIcEEES7_St4lessIS7_ESaISt4pairIKS7_S7_EEERNS_15snmp_config_lib10SnmpConfigEENKUlSJ_RSB_E_clESJ_SK_ called 3 returned 100% blocks executed 100%
3:  386:      {basic_set_snmp, [](SnmpConfig& c, ::std::string const& v) { set_snmp_enable(c, v); }},
call    0 returned 3
function _ZZN4wago11snmp_config20edit_basic_parameterERKSt3mapINSt7__cxx1112basic_stringIcSt11char_traitsIcESaIcEEES7_St4lessIS7_ESaISt4pairIKS7_S7_EEERNS_15snmp_config_lib10SnmpConfigEENKUlSJ_RSB_E0_clESJ_SK_ called 3 returned 100% blocks executed 100%
3:  387:      {basic_device_name, [](SnmpConfig& c, ::std::string const& val) { c.sys_name_ = val; }},
call    0 returned 3
function _ZZN4wago11snmp_config20edit_basic_parameterERKSt3mapINSt7__cxx1112basic_stringIcSt11char_traitsIcESaIcEEES7_St4lessIS7_ESaISt4pairIKS7_S7_EEERNS_15snmp_config_lib10SnmpConfigEENKUlSJ_RSB_E1_clESJ_SK_ called 3 returned 100% blocks executed 100%
3:  388:      {basic_description, [](SnmpConfig& c, ::std::string const& val) { c.sys_descr_ = val; }},
call    0 returned 3
function _ZZN4wago11snmp_config20edit_basic_parameterERKSt3mapINSt7__cxx1112basic_stringIcSt11char_traitsIcESaIcEEES7_St4lessIS7_ESaISt4pairIKS7_S7_EEERNS_15snmp_config_lib10SnmpConfigEENKUlSJ_RSB_E2_clESJ_SK_ called 3 returned 100% blocks executed 100%
3:  389:      {basic_physical_location, [](SnmpConfig& c, ::std::string const& val) { c.sys_location_ = val; }},
call    0 returned 3
function _ZZN4wago11snmp_config20edit_basic_parameterERKSt3mapINSt7__cxx1112basic_stringIcSt11char_traitsIcESaIcEEES7_St4lessIS7_ESaISt4pairIKS7_S7_EEERNS_15snmp_config_lib10SnmpConfigEENKUlSJ_RSB_E3_clESJ_SK_ called 3 returned 100% blocks executed 100%
3:  390:      {basic_contact, [](SnmpConfig& c, ::std::string const& val) { c.sys_contact_ = val; }},
call    0 returned 3
function _ZZN4wago11snmp_config20edit_basic_parameterERKSt3mapINSt7__cxx1112basic_stringIcSt11char_traitsIcESaIcEEES7_St4lessIS7_ESaISt4pairIKS7_S7_EEERNS_15snmp_config_lib10SnmpConfigEENKUlSJ_RSB_E4_clESJ_SK_ called 3 returned 100% blocks executed 100%
3:  391:      {basic_object_id, [](SnmpConfig& c, ::std::string const& val) { c.sys_objectID_ = val; }},
call    0 returned 3
-:  392:      {basic_state_value,
function _ZZN4wago11snmp_config20edit_basic_parameterERKSt3mapINSt7__cxx1112basic_stringIcSt11char_traitsIcESaIcEEES7_St4lessIS7_ESaISt4pairIKS7_S7_EEERNS_15snmp_config_lib10SnmpConfigEENKUlSJ_RSB_E5_clESJ_SK_ called 0 returned 0% blocks executed 0%
#####:  393:       [](SnmpConfig& c, ::std::string const& val) {
#####:  394:         if (val == disabled) {
call    0 never executed
branch  1 never executed
branch  2 never executed
#####:  395:           set_snmp_community_legacy(c.communities_, "");
call    0 never executed
call    1 never executed
branch  2 never executed
branch  3 never executed
call    4 never executed
branch  5 never executed
branch  6 never executed
call    7 never executed
call    8 never executed
call    9 never executed
call   10 never executed
-:  396:         }
#####:  397:       }},
-:  398:      {v1v2c_community_name,
function _ZZN4wago11snmp_config20edit_basic_parameterERKSt3mapINSt7__cxx1112basic_stringIcSt11char_traitsIcESaIcEEES7_St4lessIS7_ESaISt4pairIKS7_S7_EEERNS_15snmp_config_lib10SnmpConfigEENKUlSJ_RSB_E6_clESJ_SK_ called 4 returned 100% blocks executed 100%
4:  399:       [&](SnmpConfig& c, ::std::string const& val) {
-:  400:         // only execute legacy set community when community-edit is not given
4:  401:         if (not get_v1v2c_community_edit_operation(parameters)) {
call    0 returned 4
call    1 returned 4
branch  2 taken 3 (fallthrough)
branch  3 taken 1
3:  402:           set_snmp_community_legacy(c.communities_, val);
call    0 returned 3
-:  403:         }
4:  404:       }},
170:  405:  };
call    0 returned 17
branch  1 taken 17 (fallthrough)
branch  2 taken 0 (throw)
call    3 returned 17
branch  4 taken 17 (fallthrough)
branch  5 taken 0 (throw)
call    6 returned 17
branch  7 taken 17 (fallthrough)
branch  8 taken 0 (throw)
call    9 returned 17
branch 10 taken 17 (fallthrough)
branch 11 taken 0 (throw)
call   12 returned 17
branch 13 taken 17 (fallthrough)
branch 14 taken 0 (throw)
call   15 returned 17
branch 16 taken 17 (fallthrough)
branch 17 taken 0 (throw)
call   18 returned 17
branch 19 taken 17 (fallthrough)
branch 20 taken 0 (throw)
call   21 returned 17
branch 22 taken 17 (fallthrough)
branch 23 taken 0 (throw)
call   24 returned 17
call   25 returned 17
branch 26 taken 17 (fallthrough)
branch 27 taken 0 (throw)
call   28 returned 136
call   29 never executed
-:  406:
17:  407:  read_parameters_to(parameters, setter_funcs, config);
call    0 returned 17
branch  1 taken 17 (fallthrough)
branch  2 taken 0 (throw)
17:  408:}
call    0 returned 17
call    1 never executed
-:  409:
function _ZN4wago11snmp_config24edit_v1v2c_trap_receiverERKSt3mapINSt7__cxx1112basic_stringIcSt11char_traitsIcESaIcEEES7_St4lessIS7_ESaISt4pairIKS7_S7_EEERNS_15snmp_config_lib10SnmpConfigE called 5 returned 40% blocks executed 87%
5:  410:void edit_v1v2c_trap_receiver(parameter_map const& parameters, wago::snmp_config_lib::SnmpConfig& config) {
5:  411:  auto edit = get_v1v2c_trap_edit_operation(parameters);
call    0 returned 5
branch  1 taken 5 (fallthrough)
branch  2 taken 0 (throw)
5:  412:  if (edit) {
call    0 returned 5
branch  1 taken 5 (fallthrough)
branch  2 taken 0
5:  413:    check_that_all_parameters_are_given(parameters, v1v2c_trap_receiver_required_params,
5:  414:                                        v1v2c_trap_receiver_required_params, edit.value());
call    0 returned 5
branch  1 taken 5 (fallthrough)
branch  2 taken 0 (throw)
call    3 returned 5
branch  4 taken 3 (fallthrough)
branch  5 taken 2 (throw)
-:  415:
3:  416:    auto trap_receiver = read_v1v2c_trap_receiver(parameters);
call    0 returned 3
branch  1 taken 2 (fallthrough)
branch  2 taken 1 (throw)
2:  417:    add_or_delete(config.trap_receivers_V1V2c_, edit.value(), trap_receiver,
call    0 returned 2
branch  1 taken 2 (fallthrough)
branch  2 taken 0 (throw)
call    3 returned 2
branch  4 taken 2 (fallthrough)
branch  5 taken 0 (throw)
function _ZZN4wago11snmp_config24edit_v1v2c_trap_receiverERKSt3mapINSt7__cxx1112basic_stringIcSt11char_traitsIcESaIcEEES7_St4lessIS7_ESaISt4pairIKS7_S7_EEERNS_15snmp_config_lib10SnmpConfigEENKUlRKT_E_clINSH_17TrapReceiverV1V2cEEEDaSM_ called 1 returned 100% blocks executed 100%
1:  418:                  [&](auto const& t) { return t == trap_receiver; });
call    0 returned 1
2:  419:  }
call    0 returned 2
call    1 never executed
2:  420:}
-:  421:
function _ZN4wago11snmp_config20edit_v1v2c_communityERKSt3mapINSt7__cxx1112basic_stringIcSt11char_traitsIcESaIcEEES7_St4lessIS7_ESaISt4pairIKS7_S7_EEERNS_15snmp_config_lib10SnmpConfigE called 6 returned 67% blocks executed 87%
6:  422:void edit_v1v2c_community(parameter_map const& parameters, wago::snmp_config_lib::SnmpConfig& config) {
6:  423:  auto edit = get_v1v2c_community_edit_operation(parameters);
call    0 returned 6
branch  1 taken 6 (fallthrough)
branch  2 taken 0 (throw)
6:  424:  if (edit) {
call    0 returned 6
branch  1 taken 6 (fallthrough)
branch  2 taken 0
6:  425:    check_that_all_parameters_are_given(parameters, v1v2c_community_required_params_add,
6:  426:                                        v1v2c_community_required_params_delete, edit.value());
call    0 returned 6
branch  1 taken 6 (fallthrough)
branch  2 taken 0 (throw)
call    3 returned 6
branch  4 taken 5 (fallthrough)
branch  5 taken 1 (throw)
-:  427:
5:  428:    auto community = read_v1v2c_community(parameters);
call    0 returned 5
branch  1 taken 4 (fallthrough)
branch  2 taken 1 (throw)
4:  429:    add_or_delete(config.communities_, edit.value(), community,
call    0 returned 4
branch  1 taken 4 (fallthrough)
branch  2 taken 0 (throw)
call    3 returned 4
branch  4 taken 4 (fallthrough)
branch  5 taken 0 (throw)
function _ZZN4wago11snmp_config20edit_v1v2c_communityERKSt3mapINSt7__cxx1112basic_stringIcSt11char_traitsIcESaIcEEES7_St4lessIS7_ESaISt4pairIKS7_S7_EEERNS_15snmp_config_lib10SnmpConfigEENKUlRKT_E_clINSH_9CommunityEEEDaSM_ called 3 returned 100% blocks executed 100%
3:  430:                  [&](auto const& c) { return c.name_ == community.name_; });
call    0 returned 3
4:  431:  }
call    0 returned 4
call    1 never executed
4:  432:}
-:  433:
function _ZN4wago11snmp_config20edit_v3_user_or_trapERKSt3mapINSt7__cxx1112basic_stringIcSt11char_traitsIcESaIcEEES7_St4lessIS7_ESaISt4pairIKS7_S7_EEERNS_15snmp_config_lib10SnmpConfigE called 15 returned 67% blocks executed 100%
15:  434:void edit_v3_user_or_trap(parameter_map const& parameters, wago::snmp_config_lib::SnmpConfig& config) {
15:  435:  ::std::optional<edit_operation> edit;
15:  436:  if ((edit = get_v3_edit_operation(parameters))) {
call    0 returned 15
branch  1 taken 15 (fallthrough)
branch  2 taken 0 (throw)
call    3 returned 15
branch  4 taken 7 (fallthrough)
branch  5 taken 8
7:  437:    auto trap_reveiver_host = get_v3_trap_receiver_host(parameters);
call    0 returned 7
branch  1 taken 7 (fallthrough)
branch  2 taken 0 (throw)
7:  438:    if (trap_reveiver_host && !trap_reveiver_host.value().empty()) {
call    0 returned 7
branch  1 taken 3 (fallthrough)
branch  2 taken 4
call    3 returned 3
branch  4 taken 3 (fallthrough)
branch  5 taken 0 (throw)
call    6 returned 3
branch  7 taken 2 (fallthrough)
branch  8 taken 1
branch  9 taken 2 (fallthrough)
branch 10 taken 5
2:  439:      edit_v3_trap(parameters, edit.value(), config);
call    0 returned 2
branch  1 taken 2 (fallthrough)
branch  2 taken 0 (throw)
call    3 returned 2
branch  4 taken 2 (fallthrough)
branch  5 taken 0 (throw)
-:  440:    } else {
5:  441:      edit_v3_user(parameters, edit.value(), config);
call    0 returned 5
branch  1 taken 5 (fallthrough)
branch  2 taken 0 (throw)
call    3 returned 5
branch  4 taken 4 (fallthrough)
branch  5 taken 1 (throw)
-:  442:    }
15:  443:  } else if ((edit = get_v3_user_edit_operation(parameters))) {
call    0 returned 6
call    1 returned 8
branch  2 taken 8 (fallthrough)
branch  3 taken 0 (throw)
call    4 returned 8
branch  5 taken 4 (fallthrough)
branch  6 taken 4
call    7 returned 1
4:  444:    edit_v3_user(parameters, edit.value(), config);
call    0 returned 4
branch  1 taken 4 (fallthrough)
branch  2 taken 0 (throw)
call    3 returned 4
branch  4 taken 2 (fallthrough)
branch  5 taken 2 (throw)
4:  445:  } else if ((edit = get_v3_trap_receiver_edit_operation(parameters))) {
call    0 returned 4
branch  1 taken 4 (fallthrough)
branch  2 taken 0 (throw)
call    3 returned 4
branch  4 taken 4 (fallthrough)
branch  5 taken 0
4:  446:    edit_v3_trap(parameters, edit.value(), config);
call    0 returned 4
branch  1 taken 4 (fallthrough)
branch  2 taken 0 (throw)
call    3 returned 4
branch  4 taken 2 (fallthrough)
branch  5 taken 2 (throw)
-:  447:  }
10:  448:}
-:  449:
-:  450:}  // namespace wago::snmp_config
