-:    0:Source:test-src/MessagePrinterTest.cpp
-:    1:// SPDX-License-Identifier: GPL-2.0-or-later
-:    2:
-:    3:#include <gtest/gtest.h>
-:    4:#include <gmock/gmock.h>
-:    5:#include <gsl/gsl>
-:    6:#include <memory>
-:    7:
-:    8:#include "MessagePrinter.hpp"
-:    9:#include "Status.hpp"
-:   10:#include "StreamTee.hpp"
-:   11:
-:   12:using netconf::Status;
-:   13:using netconf::StatusCode;
-:   14:
-:   15:namespace network_config {
-:   16:
-:   17:class MessagePrinterTest : public ::testing::Test {
-:   18: public:
-:   19:
-:   20:  ::std::string output_file = "./output.txt";
-:   21:  MessagePrinter sut_;
-:   22:
-:   23:
function _ZN14network_config18MessagePrinterTest5SetUpEv called 4 returned 100% blocks executed 58%
4:   24: void SetUp() override{
4:   25:  sut_.SetDestination(::std::make_unique<FileOutput>(output_file));
call    0 returned 4
call    1 returned 4
call    2 returned 4
branch  3 taken 4 (fallthrough)
branch  4 taken 0 (throw)
call    5 returned 4
call    6 returned 4
call    7 never executed
call    8 never executed
4:   26: }
-:   27:
function _ZN14network_config18MessagePrinterTest8TearDownEv called 4 returned 100% blocks executed 100%
4:   28: void TearDown() override{
4:   29:   ::std::remove(output_file.c_str());
call    0 returned 4
call    1 returned 4
4:   30: }
-:   31:
function _ZN14network_config18MessagePrinterTest14GetLogFileTextB5cxx11Ev called 4 returned 100% blocks executed 68%
4:   32: ::std::string GetLogFileText(){
4:   33:   std::string str;
call    0 returned 4
4:   34:   std::ifstream t(output_file);
call    0 returned 4
branch  1 taken 4 (fallthrough)
branch  2 taken 0 (throw)
-:   35:
4:   36:   t.seekg(0, std::ios::end);
call    0 returned 4
branch  1 taken 4 (fallthrough)
branch  2 taken 0 (throw)
4:   37:   str.reserve(::gsl::narrow_cast<::std::string::size_type>(t.tellg()));
call    0 returned 4
branch  1 taken 4 (fallthrough)
branch  2 taken 0 (throw)
call    3 returned 4
call    4 returned 4
branch  5 taken 4 (fallthrough)
branch  6 taken 0 (throw)
4:   38:   t.seekg(0, std::ios::beg);
call    0 returned 4
branch  1 taken 4 (fallthrough)
branch  2 taken 0 (throw)
-:   39:
4:   40:   str.assign((std::istreambuf_iterator<char>(t)),
call    0 returned 4
call    1 returned 4
call    2 returned 4
branch  3 taken 4 (fallthrough)
branch  4 taken 0 (throw)
-:   41:               std::istreambuf_iterator<char>());
8:   42:   return str;
4:   43: }
call    0 returned 4
call    1 never executed
call    2 never executed
-:   44:
-:   45:};
-:   46:
-:   47:
4:   48:TEST_F(MessagePrinterTest, PrintDefaultToStdError)
-:   49:{
1:   50:  StreamTee t{::std::cerr, output_file};
-:   51:
1:   52:  MessagePrinter sut;
1:   53:  sut.Print("Hello MessagePrinter");
2*:   54:  EXPECT_EQ("Hello MessagePrinter", GetLogFileText());
1:   55:}
------------------
_ZN14network_config46MessagePrinterTest_PrintDefaultToStdError_TestC2Ev:
function _ZN14network_config46MessagePrinterTest_PrintDefaultToStdError_TestC2Ev called 1 returned 100% blocks executed 100%
1:   48:TEST_F(MessagePrinterTest, PrintDefaultToStdError)
call    0 returned 1
------------------
_ZN14network_config46MessagePrinterTest_PrintDefaultToStdError_TestD0Ev:
function _ZN14network_config46MessagePrinterTest_PrintDefaultToStdError_TestD0Ev called 1 returned 100% blocks executed 100%
1:   48:TEST_F(MessagePrinterTest, PrintDefaultToStdError)
call    0 returned 1
call    1 returned 1
------------------
_ZN14network_config46MessagePrinterTest_PrintDefaultToStdError_TestD2Ev:
function _ZN14network_config46MessagePrinterTest_PrintDefaultToStdError_TestD2Ev called 1 returned 100% blocks executed 100%
1:   48:TEST_F(MessagePrinterTest, PrintDefaultToStdError)
call    0 returned 1
------------------
_ZN14network_config46MessagePrinterTest_PrintDefaultToStdError_Test8TestBodyEv:
function _ZN14network_config46MessagePrinterTest_PrintDefaultToStdError_Test8TestBodyEv called 1 returned 100% blocks executed 37%
1:   48:TEST_F(MessagePrinterTest, PrintDefaultToStdError)
-:   49:{
1:   50:  StreamTee t{::std::cerr, output_file};
call    0 returned 1
branch  1 taken 1 (fallthrough)
branch  2 taken 0 (throw)
-:   51:
1:   52:  MessagePrinter sut;
call    0 returned 1
branch  1 taken 1 (fallthrough)
branch  2 taken 0 (throw)
1:   53:  sut.Print("Hello MessagePrinter");
call    0 returned 1
call    1 returned 1
branch  2 taken 1 (fallthrough)
branch  3 taken 0 (throw)
call    4 returned 1
branch  5 taken 1 (fallthrough)
branch  6 taken 0 (throw)
call    7 returned 1
call    8 returned 1
call    9 never executed
call   10 never executed
2*:   54:  EXPECT_EQ("Hello MessagePrinter", GetLogFileText());
call    0 returned 1
branch  1 taken 1 (fallthrough)
branch  2 taken 0 (throw)
call    3 returned 1
branch  4 taken 1 (fallthrough)
branch  5 taken 0 (throw)
call    6 returned 1
branch  7 taken 0 (fallthrough)
branch  8 taken 1
call    9 never executed
branch 10 never executed
branch 11 never executed
call   12 never executed
call   13 never executed
branch 14 never executed
branch 15 never executed
call   16 never executed
branch 17 never executed
branch 18 never executed
call   19 never executed
call   20 never executed
call   21 returned 1
call   22 never executed
call   23 never executed
call   24 never executed
1:   55:}
call    0 returned 1
call    1 returned 1
call    2 never executed
call    3 never executed
------------------
-:   56:
4:   57:TEST_F(MessagePrinterTest, PrintToOtherOutput)
-:   58:{
1:   59:  sut_.Print("Hello MessagePrinter");
2*:   60:  EXPECT_EQ("Hello MessagePrinter", GetLogFileText());
1:   61:}
------------------
_ZN14network_config42MessagePrinterTest_PrintToOtherOutput_TestC2Ev:
function _ZN14network_config42MessagePrinterTest_PrintToOtherOutput_TestC2Ev called 1 returned 100% blocks executed 100%
1:   57:TEST_F(MessagePrinterTest, PrintToOtherOutput)
call    0 returned 1
------------------
_ZN14network_config42MessagePrinterTest_PrintToOtherOutput_TestD0Ev:
function _ZN14network_config42MessagePrinterTest_PrintToOtherOutput_TestD0Ev called 1 returned 100% blocks executed 100%
1:   57:TEST_F(MessagePrinterTest, PrintToOtherOutput)
call    0 returned 1
call    1 returned 1
------------------
_ZN14network_config42MessagePrinterTest_PrintToOtherOutput_TestD2Ev:
function _ZN14network_config42MessagePrinterTest_PrintToOtherOutput_TestD2Ev called 1 returned 100% blocks executed 100%
1:   57:TEST_F(MessagePrinterTest, PrintToOtherOutput)
call    0 returned 1
------------------
_ZN14network_config42MessagePrinterTest_PrintToOtherOutput_Test8TestBodyEv:
function _ZN14network_config42MessagePrinterTest_PrintToOtherOutput_Test8TestBodyEv called 1 returned 100% blocks executed 35%
1:   57:TEST_F(MessagePrinterTest, PrintToOtherOutput)
-:   58:{
1:   59:  sut_.Print("Hello MessagePrinter");
call    0 returned 1
call    1 returned 1
branch  2 taken 1 (fallthrough)
branch  3 taken 0 (throw)
call    4 returned 1
branch  5 taken 1 (fallthrough)
branch  6 taken 0 (throw)
call    7 returned 1
call    8 returned 1
call    9 never executed
call   10 never executed
call   11 never executed
2*:   60:  EXPECT_EQ("Hello MessagePrinter", GetLogFileText());
call    0 returned 1
branch  1 taken 1 (fallthrough)
branch  2 taken 0 (throw)
call    3 returned 1
branch  4 taken 1 (fallthrough)
branch  5 taken 0 (throw)
call    6 returned 1
branch  7 taken 0 (fallthrough)
branch  8 taken 1
call    9 never executed
branch 10 never executed
branch 11 never executed
call   12 never executed
call   13 never executed
branch 14 never executed
branch 15 never executed
call   16 never executed
branch 17 never executed
branch 18 never executed
call   19 never executed
call   20 never executed
call   21 returned 1
call   22 never executed
call   23 never executed
call   24 never executed
1:   61:}
------------------
-:   62:
4:   63:TEST_F(MessagePrinterTest, PrintStatusObject)
-:   64:{
1:   65:  sut_.Print(Status{StatusCode::GENERIC_ERROR, "Something went wrong"});
2*:   66:  EXPECT_EQ("Error: Something went wrong", GetLogFileText());
1:   67:}
------------------
_ZN14network_config41MessagePrinterTest_PrintStatusObject_TestC2Ev:
function _ZN14network_config41MessagePrinterTest_PrintStatusObject_TestC2Ev called 1 returned 100% blocks executed 100%
1:   63:TEST_F(MessagePrinterTest, PrintStatusObject)
call    0 returned 1
------------------
_ZN14network_config41MessagePrinterTest_PrintStatusObject_TestD0Ev:
function _ZN14network_config41MessagePrinterTest_PrintStatusObject_TestD0Ev called 1 returned 100% blocks executed 100%
1:   63:TEST_F(MessagePrinterTest, PrintStatusObject)
call    0 returned 1
call    1 returned 1
------------------
_ZN14network_config41MessagePrinterTest_PrintStatusObject_TestD2Ev:
function _ZN14network_config41MessagePrinterTest_PrintStatusObject_TestD2Ev called 1 returned 100% blocks executed 100%
1:   63:TEST_F(MessagePrinterTest, PrintStatusObject)
call    0 returned 1
------------------
_ZN14network_config41MessagePrinterTest_PrintStatusObject_Test8TestBodyEv:
function _ZN14network_config41MessagePrinterTest_PrintStatusObject_Test8TestBodyEv called 1 returned 100% blocks executed 34%
1:   63:TEST_F(MessagePrinterTest, PrintStatusObject)
-:   64:{
1:   65:  sut_.Print(Status{StatusCode::GENERIC_ERROR, "Something went wrong"});
call    0 returned 1
call    1 returned 1
branch  2 taken 1 (fallthrough)
branch  3 taken 0 (throw)
call    4 returned 1
call    5 never executed
call    6 never executed
2*:   66:  EXPECT_EQ("Error: Something went wrong", GetLogFileText());
call    0 returned 1
branch  1 taken 1 (fallthrough)
branch  2 taken 0 (throw)
call    3 returned 1
branch  4 taken 1 (fallthrough)
branch  5 taken 0 (throw)
call    6 returned 1
branch  7 taken 0 (fallthrough)
branch  8 taken 1
call    9 never executed
branch 10 never executed
branch 11 never executed
call   12 never executed
call   13 never executed
branch 14 never executed
branch 15 never executed
call   16 never executed
branch 17 never executed
branch 18 never executed
call   19 never executed
call   20 never executed
call   21 returned 1
call   22 never executed
call   23 never executed
call   24 never executed
1:   67:}
------------------
-:   68:
4:   69:TEST_F(MessagePrinterTest, StatusOkIsNotPrinted)
-:   70:{
1:   71:  sut_.Print(Status{StatusCode::OK});
2*:   72:  EXPECT_EQ("", GetLogFileText());
1:   73:}
------------------
_ZN14network_config44MessagePrinterTest_StatusOkIsNotPrinted_TestC2Ev:
function _ZN14network_config44MessagePrinterTest_StatusOkIsNotPrinted_TestC2Ev called 1 returned 100% blocks executed 100%
1:   69:TEST_F(MessagePrinterTest, StatusOkIsNotPrinted)
call    0 returned 1
------------------
_ZN14network_config44MessagePrinterTest_StatusOkIsNotPrinted_TestD0Ev:
function _ZN14network_config44MessagePrinterTest_StatusOkIsNotPrinted_TestD0Ev called 1 returned 100% blocks executed 100%
1:   69:TEST_F(MessagePrinterTest, StatusOkIsNotPrinted)
call    0 returned 1
call    1 returned 1
------------------
_ZN14network_config44MessagePrinterTest_StatusOkIsNotPrinted_TestD2Ev:
function _ZN14network_config44MessagePrinterTest_StatusOkIsNotPrinted_TestD2Ev called 1 returned 100% blocks executed 100%
1:   69:TEST_F(MessagePrinterTest, StatusOkIsNotPrinted)
call    0 returned 1
------------------
_ZN14network_config44MessagePrinterTest_StatusOkIsNotPrinted_Test8TestBodyEv:
function _ZN14network_config44MessagePrinterTest_StatusOkIsNotPrinted_Test8TestBodyEv called 1 returned 100% blocks executed 34%
1:   69:TEST_F(MessagePrinterTest, StatusOkIsNotPrinted)
-:   70:{
1:   71:  sut_.Print(Status{StatusCode::OK});
call    0 returned 1
call    1 returned 1
branch  2 taken 1 (fallthrough)
branch  3 taken 0 (throw)
call    4 returned 1
call    5 never executed
call    6 never executed
2*:   72:  EXPECT_EQ("", GetLogFileText());
call    0 returned 1
branch  1 taken 1 (fallthrough)
branch  2 taken 0 (throw)
call    3 returned 1
branch  4 taken 1 (fallthrough)
branch  5 taken 0 (throw)
call    6 returned 1
branch  7 taken 0 (fallthrough)
branch  8 taken 1
call    9 never executed
branch 10 never executed
branch 11 never executed
call   12 never executed
call   13 never executed
branch 14 never executed
branch 15 never executed
call   16 never executed
branch 17 never executed
branch 18 never executed
call   19 never executed
call   20 never executed
call   21 returned 1
call   22 never executed
call   23 never executed
call   24 never executed
1:   73:}
------------------
-:   74:
-:   75:
-:   76:}  // namespace netconf
