-:    0:Source:src/network_config/Output.hpp
-:    1:// SPDX-License-Identifier: GPL-2.0-or-later
-:    2:#pragma once
-:    3:
-:    4:#include <fstream>
-:    5:#include <ostream>
-:    6:#include <iostream>
-:    7:
-:    8:namespace network_config {
-:    9:
-:   10:class Output {
-:   11: public:
17*:   12:  Output() = default;
------------------
_ZN14network_config6OutputC2Ev:
function _ZN14network_config6OutputC2Ev called 17 returned 100% blocks executed 100%
17:   12:  Output() = default;
------------------
_ZN14network_config6OutputC2Ev:
function _ZN14network_config6OutputC2Ev called 0 returned 0% blocks executed 0%
#####:   12:  Output() = default;
------------------
18*:   13:  virtual ~Output() = default;
------------------
_ZN14network_config6OutputD0Ev:
function _ZN14network_config6OutputD0Ev called 0 returned 0% blocks executed 0%
#####:   13:  virtual ~Output() = default;
call    0 never executed
call    1 never executed
------------------
_ZN14network_config6OutputD2Ev:
function _ZN14network_config6OutputD2Ev called 18 returned 100% blocks executed 100%
18:   13:  virtual ~Output() = default;
------------------
_ZN14network_config6OutputD0Ev:
function _ZN14network_config6OutputD0Ev called 0 returned 0% blocks executed 0%
#####:   13:  virtual ~Output() = default;
call    0 never executed
call    1 never executed
------------------
_ZN14network_config6OutputD2Ev:
function _ZN14network_config6OutputD2Ev called 0 returned 0% blocks executed 0%
#####:   13:  virtual ~Output() = default;
------------------
-:   14:  virtual ::std::ostream& GetStream() = 0;
-:   15:
-:   16:  Output(const Output&) = delete;
-:   17:  Output& operator=(const Output&) = delete;
-:   18:  Output(Output&& other) = delete;
-:   19:  Output& operator=(Output&&) = delete;
-:   20:};
-:   21:
-:   22:class StderrOutput : public Output {
-:   23: public:
function _ZN14network_config12StderrOutput9GetStreamEv called 3 returned 100% blocks executed 100%
3:   24:  ::std::ostream& GetStream() override {
3:   25:    return ::std::cerr;
-:   26:  }
-:   27:};
-:   28:
-:   29:class FileOutput : public Output {
-:   30: public:
8*:   31:  explicit FileOutput(const ::std::string& filename)
8*:   32:      : ostream_ { filename } {
8*:   33:    if (!ostream_.is_open()) {
#####:   34:      throw ::std::ios::failure { "Failed to open: " + filename };
-:   35:    }
-:   36:
8*:   37:  }
------------------
_ZN14network_config10FileOutputC2ERKNSt7__cxx1112basic_stringIcSt11char_traitsIcESaIcEEE:
function _ZN14network_config10FileOutputC2ERKNSt7__cxx1112basic_stringIcSt11char_traitsIcESaIcEEE called 8 returned 100% blocks executed 32%
8:   31:  explicit FileOutput(const ::std::string& filename)
8:   32:      : ostream_ { filename } {
call    0 returned 8
call    1 returned 8
branch  2 taken 8 (fallthrough)
branch  3 taken 0 (throw)
8:   33:    if (!ostream_.is_open()) {
call    0 returned 8
branch  1 taken 8 (fallthrough)
branch  2 taken 0 (throw)
branch  3 taken 0 (fallthrough)
branch  4 taken 8
#####:   34:      throw ::std::ios::failure { "Failed to open: " + filename };
call    0 never executed
call    1 never executed
branch  2 never executed
branch  3 never executed
call    4 never executed
branch  5 never executed
branch  6 never executed
call    7 never executed
call    8 never executed
call    9 never executed
call   10 never executed
-:   35:    }
-:   36:
8:   37:  }
call    0 never executed
call    1 never executed
------------------
_ZN14network_config10FileOutputC2ERKNSt7__cxx1112basic_stringIcSt11char_traitsIcESaIcEEE:
function _ZN14network_config10FileOutputC2ERKNSt7__cxx1112basic_stringIcSt11char_traitsIcESaIcEEE called 0 returned 0% blocks executed 0%
#####:   31:  explicit FileOutput(const ::std::string& filename)
#####:   32:      : ostream_ { filename } {
call    0 never executed
call    1 never executed
branch  2 never executed
branch  3 never executed
#####:   33:    if (!ostream_.is_open()) {
call    0 never executed
branch  1 never executed
branch  2 never executed
branch  3 never executed
branch  4 never executed
#####:   34:      throw ::std::ios::failure { "Failed to open: " + filename };
call    0 never executed
call    1 never executed
branch  2 never executed
branch  3 never executed
call    4 never executed
branch  5 never executed
branch  6 never executed
call    7 never executed
call    8 never executed
call    9 never executed
call   10 never executed
-:   35:    }
-:   36:
#####:   37:  }
call    0 never executed
call    1 never executed
------------------
14*:   38:  ~FileOutput() override {
8*:   39:    ostream_.close();
14*:   40:  }
------------------
_ZN14network_config10FileOutputD0Ev:
function _ZN14network_config10FileOutputD0Ev called 6 returned 100% blocks executed 100%
6:   38:  ~FileOutput() override {
-:   39:    ostream_.close();
6:   40:  }
call    0 returned 6
call    1 returned 6
------------------
_ZN14network_config10FileOutputD2Ev:
function _ZN14network_config10FileOutputD2Ev called 8 returned 100% blocks executed 100%
8:   38:  ~FileOutput() override {
8:   39:    ostream_.close();
call    0 returned 8
8:   40:  }
call    0 returned 8
call    1 returned 8
------------------
_ZN14network_config10FileOutputD0Ev:
function _ZN14network_config10FileOutputD0Ev called 0 returned 0% blocks executed 0%
#####:   38:  ~FileOutput() override {
-:   39:    ostream_.close();
#####:   40:  }
call    0 never executed
call    1 never executed
------------------
_ZN14network_config10FileOutputD2Ev:
function _ZN14network_config10FileOutputD2Ev called 0 returned 0% blocks executed 0%
#####:   38:  ~FileOutput() override {
#####:   39:    ostream_.close();
call    0 never executed
#####:   40:  }
call    0 never executed
call    1 never executed
------------------
-:   41:
-:   42:  FileOutput(const FileOutput&) = delete;
-:   43:  FileOutput& operator=(const FileOutput&) = delete;
-:   44:  FileOutput(FileOutput&& other) = delete;
-:   45:  FileOutput& operator=(FileOutput&&) = delete;
-:   46:
8*:   47:  ::std::ostream& GetStream() override {
8*:   48:    return ostream_;
-:   49:  }
------------------
_ZN14network_config10FileOutput9GetStreamEv:
function _ZN14network_config10FileOutput9GetStreamEv called 8 returned 100% blocks executed 100%
8:   47:  ::std::ostream& GetStream() override {
8:   48:    return ostream_;
-:   49:  }
------------------
_ZN14network_config10FileOutput9GetStreamEv:
function _ZN14network_config10FileOutput9GetStreamEv called 0 returned 0% blocks executed 0%
#####:   47:  ::std::ostream& GetStream() override {
#####:   48:    return ostream_;
-:   49:  }
------------------
-:   50:
-:   51: private:
-:   52:  ::std::ofstream ostream_;
-:   53:
-:   54:};
-:   55:
-:   56:class NullOutput : public Output {
-:   57: public:
-:   58:
function _ZN14network_config10NullOutputC2Ev called 3 returned 100% blocks executed 80%
3:   59:  NullOutput() = default;
call    0 returned 3
call    1 returned 3
branch  2 taken 3 (fallthrough)
branch  3 taken 0 (throw)
call    4 never executed
5:   60:  ~NullOutput() override = default;
------------------
_ZN14network_config10NullOutputD0Ev:
function _ZN14network_config10NullOutputD0Ev called 2 returned 100% blocks executed 100%
2:   60:  ~NullOutput() override = default;
call    0 returned 2
call    1 returned 2
------------------
_ZN14network_config10NullOutputD2Ev:
function _ZN14network_config10NullOutputD2Ev called 3 returned 100% blocks executed 100%
3:   60:  ~NullOutput() override = default;
call    0 returned 3
call    1 returned 3
------------------
-:   61:
-:   62:  NullOutput(const NullOutput &other) = delete;
-:   63:  NullOutput(NullOutput &&other) = delete;
-:   64:  NullOutput& operator=(const NullOutput&) = delete;
-:   65:  NullOutput& operator=(NullOutput&&) = delete;
-:   66:
function _ZN14network_config10NullOutput9GetStreamEv called 1 returned 100% blocks executed 100%
1:   67:  ::std::ostream& GetStream() override {
1:   68:    return ostream_;
-:   69:  }
-:   70:
-:   71: private:
-:   72:  ::std::ofstream ostream_;
-:   73:};
-:   74:
-:   75:} /* namespace network_config */
-:   76:
