-:    0:Source:src/network_config/NetconfStatus.hpp
-:    1:// SPDX-License-Identifier: GPL-2.0-or-later
-:    2:#pragma once
-:    3:
-:    4:#include <exception>
-:    5:#include <string>
-:    6:#include <Status.hpp>
-:    7:
-:    8:namespace network_config {
-:    9:
-:   10:class NetconfStatus : public ::std::exception {
-:   11: public:
function _ZN14network_config13NetconfStatusC2EON7netconf6StatusE called 0 returned 0% blocks executed 0%
#####:   12:  explicit NetconfStatus(netconf::Status &&e)
#####:   13:      : error_ { std::forward < netconf::Status > (e) },
call    0 never executed
#####:   14:        description_ { error_.ToString() } {
call    0 never executed
call    1 never executed
call    2 never executed
branch  3 never executed
branch  4 never executed
#####:   15:  }
call    0 never executed
call    1 never executed
1*:   16:  explicit NetconfStatus(netconf::Status& e)
1*:   17:      : error_ { ::std::move(e) },
2*:   18:        description_ { error_.ToString() } {
1*:   19:  }
------------------
_ZN14network_config13NetconfStatusC2ERN7netconf6StatusE:
function _ZN14network_config13NetconfStatusC2ERN7netconf6StatusE called 0 returned 0% blocks executed 0%
#####:   16:  explicit NetconfStatus(netconf::Status& e)
#####:   17:      : error_ { ::std::move(e) },
call    0 never executed
#####:   18:        description_ { error_.ToString() } {
call    0 never executed
call    1 never executed
call    2 never executed
branch  3 never executed
branch  4 never executed
#####:   19:  }
call    0 never executed
call    1 never executed
------------------
_ZN14network_config13NetconfStatusC2ERN7netconf6StatusE:
function _ZN14network_config13NetconfStatusC2ERN7netconf6StatusE called 1 returned 100% blocks executed 67%
1:   16:  explicit NetconfStatus(netconf::Status& e)
1:   17:      : error_ { ::std::move(e) },
call    0 returned 1
2:   18:        description_ { error_.ToString() } {
call    0 returned 1
call    1 returned 1
call    2 returned 1
branch  3 taken 1 (fallthrough)
branch  4 taken 0 (throw)
1:   19:  }
call    0 never executed
call    1 never executed
------------------
-:   20:
#####:   21:  const char* what() const noexcept override {
#####:   22:    return description_.c_str();
-:   23:  }
-:   24:
-:   25:  netconf::Status Get() {
-:   26:    return error_;
-:   27:  }
-:   28:
-:   29: private:
-:   30:  netconf::Status error_;
-:   31:  ::std::string description_;
-:   32:};
-:   33:
-:   34:}  // network_config
