-:    0:Source:test-src/cpp-modules/test_StdIncludesMod.cc
-:    1://------------------------------------------------------------------------------
-:    2:// This Source Code Form is subject to the terms of the Mozilla Public
-:    3:// License, v. 2.0. If a copy of the MPL was not distributed with this
-:    4:// file, You can obtain one at http://mozilla.org/MPL/2.0/.
-:    5://
-:    6:// This file is part of project common-header (PTXdist package libcommonheader).
-:    7://
-:    8:// Copyright (c) 2017-2022 WAGO GmbH & Co. KG
-:    9://------------------------------------------------------------------------------
-:   10://------------------------------------------------------------------------------
-:   11:///  \file     test_StdIncludesMod.cc
-:   12:///
-:   13:///  \brief    Test module for standard includes (C++).
-:   14:///
-:   15:///  \author   PEn: WAGO GmbH & Co. KG
-:   16://------------------------------------------------------------------------------
-:   17:
-:   18://------------------------------------------------------------------------------
-:   19:// include files
-:   20://------------------------------------------------------------------------------
-:   21:#include "test_StdIncludesMod.hpp"
-:   22:
-:   23://------------------------------------------------------------------------------
-:   24:// defines; structure, enumeration and type definitions
-:   25://------------------------------------------------------------------------------
-:   26:
-:   27://------------------------------------------------------------------------------
-:   28:// function prototypes
-:   29://------------------------------------------------------------------------------
-:   30:
-:   31://------------------------------------------------------------------------------
-:   32:// macros
-:   33://------------------------------------------------------------------------------
-:   34:
-:   35://------------------------------------------------------------------------------
-:   36:// variables' and constants' definitions
-:   37://------------------------------------------------------------------------------
-:   38:
-:   39://------------------------------------------------------------------------------
-:   40:// function implementation
-:   41://------------------------------------------------------------------------------
function GetUint8MaxCPP called 1 returned 100% blocks executed 100%
1:   42:uint8_t GetUint8MaxCPP(void)
-:   43:{
1:   44:  return UINT8_MAX;
-:   45:}
-:   46:
-:   47:
function GetFastInt64MaxCPP called 1 returned 100% blocks executed 100%
1:   48:int_fast64_t GetFastInt64MaxCPP(void)
-:   49:{
1:   50:  return INT_FAST64_MAX;
-:   51:}
-:   52:
-:   53:
function GetPtrDiffSizeCPP called 1 returned 100% blocks executed 100%
1:   54:size_t GetPtrDiffSizeCPP(void)
-:   55:{
1:   56:  return sizeof(ptrdiff_t);
-:   57:}
-:   58:
-:   59:
function GetTrueCPP called 1 returned 100% blocks executed 100%
1:   60:bool GetTrueCPP(void)
-:   61:{
1:   62:  return true;
-:   63:}
-:   64:
-:   65:
function GetFalseCPP called 1 returned 100% blocks executed 100%
1:   66:bool GetFalseCPP(void)
-:   67:{
1:   68:  return false;
-:   69:}
-:   70:
-:   71:
-:   72://---- End of source file ------------------------------------------------------
-:   73:
