-:    0:Source:test-src/edit_v1v2c_trap_receiver_test.cpp
-:    1:// Copyright (c) 2022 WAGO GmbH & Co. KG
-:    2:// SPDX-License-Identifier: MPL-2.0
-:    3:
-:    4:#include <gmock/gmock.h>
-:    5:#include <gtest/gtest.h>
-:    6:
-:    7:#include "SnmpConfig.hpp"
-:    8:#include "snmp_config_handler.hpp"
-:    9:
-:   10:namespace wago::snmp_config {
-:   11:
-:   12:using namespace wago::snmp_config_lib;  // NOLINT google-build-using-namespace
-:   13:using namespace ::testing;              // NOLINT google-build-using-namespace
-:   14:
-:   15:// Following 4 parameters must be given together:
-:   16://       v1-v2c-trap-receiver-edit: add | delete
-:   17://       v1-v2c-trap-receiver-address-value: ip address format
-:   18://       v1-v2c-trap-receiver-community-name: string without spaces, min 1, max 32 characters
-:   19://       v1-v2c-trap-receiver-version-value: v1 | v2c
-:   20:
4:   21:TEST(edit_v1v2c_trap_receiver, add_trap) {
1:   22:  SnmpConfig config{};
2:   23:  auto expected_trap_receiver    = TrapReceiverV1V2c{"host-address", "community-name", VersionV1V2c::V1};
-:   24:  const parameter_map parameters = {
-:   25:      {"v1-v2c-trap-receiver-edit", "add"},
-:   26:      {"v1-v2c-trap-receiver-address", "host-address"},
-:   27:      {"v1-v2c-trap-receiver-community-name", "community-name"},
-:   28:      {"v1-v2c-trap-receiver-version", "v1"},
6:   29:  };
-:   30:
1:   31:  edit_v1v2c_trap_receiver(parameters, config);
-:   32:
2*:   33:  EXPECT_THAT(config.trap_receivers_V1V2c_, ElementsAre(expected_trap_receiver));
1:   34:}
------------------
_ZN4wago11snmp_config38edit_v1v2c_trap_receiver_add_trap_TestC2Ev:
function _ZN4wago11snmp_config38edit_v1v2c_trap_receiver_add_trap_TestC2Ev called 1 returned 100% blocks executed 100%
1:   21:TEST(edit_v1v2c_trap_receiver, add_trap) {
call    0 returned 1
------------------
_ZN4wago11snmp_config38edit_v1v2c_trap_receiver_add_trap_TestD0Ev:
function _ZN4wago11snmp_config38edit_v1v2c_trap_receiver_add_trap_TestD0Ev called 1 returned 100% blocks executed 100%
1:   21:TEST(edit_v1v2c_trap_receiver, add_trap) {
call    0 returned 1
call    1 returned 1
------------------
_ZN4wago11snmp_config38edit_v1v2c_trap_receiver_add_trap_TestD2Ev:
function _ZN4wago11snmp_config38edit_v1v2c_trap_receiver_add_trap_TestD2Ev called 1 returned 100% blocks executed 100%
1:   21:TEST(edit_v1v2c_trap_receiver, add_trap) {
call    0 returned 1
------------------
_ZN4wago11snmp_config38edit_v1v2c_trap_receiver_add_trap_Test8TestBodyEv:
function _ZN4wago11snmp_config38edit_v1v2c_trap_receiver_add_trap_Test8TestBodyEv called 1 returned 100% blocks executed 40%
1:   21:TEST(edit_v1v2c_trap_receiver, add_trap) {
1:   22:  SnmpConfig config{};
call    0 returned 1
2:   23:  auto expected_trap_receiver    = TrapReceiverV1V2c{"host-address", "community-name", VersionV1V2c::V1};
call    0 returned 1
call    1 returned 1
branch  2 taken 1 (fallthrough)
branch  3 taken 0 (throw)
call    4 returned 1
call    5 returned 1
branch  6 taken 1 (fallthrough)
branch  7 taken 0 (throw)
call    8 returned 1
branch  9 taken 1 (fallthrough)
branch 10 taken 0 (throw)
call   11 returned 1
call   12 returned 1
call   13 returned 1
-:   24:  const parameter_map parameters = {
-:   25:      {"v1-v2c-trap-receiver-edit", "add"},
-:   26:      {"v1-v2c-trap-receiver-address", "host-address"},
-:   27:      {"v1-v2c-trap-receiver-community-name", "community-name"},
-:   28:      {"v1-v2c-trap-receiver-version", "v1"},
6:   29:  };
call    0 returned 1
branch  1 taken 1 (fallthrough)
branch  2 taken 0 (throw)
call    3 returned 1
branch  4 taken 1 (fallthrough)
branch  5 taken 0 (throw)
call    6 returned 1
branch  7 taken 1 (fallthrough)
branch  8 taken 0 (throw)
call    9 returned 1
branch 10 taken 1 (fallthrough)
branch 11 taken 0 (throw)
call   12 returned 1
call   13 returned 1
branch 14 taken 1 (fallthrough)
branch 15 taken 0 (throw)
call   16 returned 4
call   17 never executed
-:   30:
1:   31:  edit_v1v2c_trap_receiver(parameters, config);
call    0 returned 1
branch  1 taken 1 (fallthrough)
branch  2 taken 0 (throw)
-:   32:
2*:   33:  EXPECT_THAT(config.trap_receivers_V1V2c_, ElementsAre(expected_trap_receiver));
call    0 returned 1
branch  1 taken 1 (fallthrough)
branch  2 taken 0 (throw)
call    3 returned 1
branch  4 taken 1 (fallthrough)
branch  5 taken 0 (throw)
call    6 returned 1
branch  7 taken 1 (fallthrough)
branch  8 taken 0 (throw)
call    9 returned 1
call   10 returned 1
branch 11 taken 0 (fallthrough)
branch 12 taken 1
call   13 never executed
branch 14 never executed
branch 15 never executed
call   16 never executed
call   17 never executed
branch 18 never executed
branch 19 never executed
call   20 never executed
branch 21 never executed
branch 22 never executed
call   23 never executed
call   24 never executed
call   25 returned 1
call   26 never executed
call   27 never executed
call   28 never executed
1:   34:}
call    0 returned 1
call    1 returned 1
call    2 returned 1
call    3 never executed
call    4 never executed
call    5 never executed
------------------
-:   35:
4:   36:TEST(edit_v1v2c_trap_receiver, delete_trapreceiver_throws_if_parameter_is_missing) {
1:   37:  SnmpConfig config{};
2:   38:  TrapReceiverV1V2c existing {"host-address", "community-name", VersionV1V2c::V1};
1:   39:  config.trap_receivers_V1V2c_.emplace_back(existing);
-:   40:
-:   41:
-:   42:  const parameter_map parameters = {
-:   43:      {"v1-v2c-trap-receiver-edit", "delete"},
-:   44:      {"v1-v2c-trap-receiver-address", "host-address"},
4:   45:  };
-:   46:
2*:   47:  EXPECT_THROW(
-:   48:      {
-:   49:        try {
-:   50:          edit_v1v2c_trap_receiver(parameters, config);
-:   51:        } catch (snmp_config_exception const& e) {
-:   52:          EXPECT_STREQ("missing parameter: v1-v2c-trap-receiver-community-name", e.what());
-:   53:          EXPECT_EQ(snmp_config_error::missing_parameter, e.error());
-:   54:          throw;
-:   55:        }
-:   56:      },
1:   57:      snmp_config_exception);
-:   58:
2*:   59:  EXPECT_THAT(config.trap_receivers_V1V2c_, ElementsAre(existing));
1:   60:}
------------------
_ZN4wago11snmp_config80edit_v1v2c_trap_receiver_delete_trapreceiver_throws_if_parameter_is_missing_TestC2Ev:
function _ZN4wago11snmp_config80edit_v1v2c_trap_receiver_delete_trapreceiver_throws_if_parameter_is_missing_TestC2Ev called 1 returned 100% blocks executed 100%
1:   36:TEST(edit_v1v2c_trap_receiver, delete_trapreceiver_throws_if_parameter_is_missing) {
call    0 returned 1
------------------
_ZN4wago11snmp_config80edit_v1v2c_trap_receiver_delete_trapreceiver_throws_if_parameter_is_missing_TestD0Ev:
function _ZN4wago11snmp_config80edit_v1v2c_trap_receiver_delete_trapreceiver_throws_if_parameter_is_missing_TestD0Ev called 1 returned 100% blocks executed 100%
1:   36:TEST(edit_v1v2c_trap_receiver, delete_trapreceiver_throws_if_parameter_is_missing) {
call    0 returned 1
call    1 returned 1
------------------
_ZN4wago11snmp_config80edit_v1v2c_trap_receiver_delete_trapreceiver_throws_if_parameter_is_missing_TestD2Ev:
function _ZN4wago11snmp_config80edit_v1v2c_trap_receiver_delete_trapreceiver_throws_if_parameter_is_missing_TestD2Ev called 1 returned 100% blocks executed 100%
1:   36:TEST(edit_v1v2c_trap_receiver, delete_trapreceiver_throws_if_parameter_is_missing) {
call    0 returned 1
------------------
_ZN4wago11snmp_config80edit_v1v2c_trap_receiver_delete_trapreceiver_throws_if_parameter_is_missing_Test8TestBodyEv:
function _ZN4wago11snmp_config80edit_v1v2c_trap_receiver_delete_trapreceiver_throws_if_parameter_is_missing_Test8TestBodyEv called 1 returned 100% blocks executed 32%
1:   36:TEST(edit_v1v2c_trap_receiver, delete_trapreceiver_throws_if_parameter_is_missing) {
1:   37:  SnmpConfig config{};
call    0 returned 1
2:   38:  TrapReceiverV1V2c existing {"host-address", "community-name", VersionV1V2c::V1};
call    0 returned 1
call    1 returned 1
branch  2 taken 1 (fallthrough)
branch  3 taken 0 (throw)
call    4 returned 1
call    5 returned 1
branch  6 taken 1 (fallthrough)
branch  7 taken 0 (throw)
call    8 returned 1
branch  9 taken 1 (fallthrough)
branch 10 taken 0 (throw)
call   11 returned 1
call   12 returned 1
call   13 returned 1
1:   39:  config.trap_receivers_V1V2c_.emplace_back(existing);
call    0 returned 1
branch  1 taken 1 (fallthrough)
branch  2 taken 0 (throw)
-:   40:
-:   41:
-:   42:  const parameter_map parameters = {
-:   43:      {"v1-v2c-trap-receiver-edit", "delete"},
-:   44:      {"v1-v2c-trap-receiver-address", "host-address"},
4:   45:  };
call    0 returned 1
branch  1 taken 1 (fallthrough)
branch  2 taken 0 (throw)
call    3 returned 1
branch  4 taken 1 (fallthrough)
branch  5 taken 0 (throw)
call    6 returned 1
call    7 returned 1
branch  8 taken 1 (fallthrough)
branch  9 taken 0 (throw)
call   10 returned 2
call   11 never executed
-:   46:
2*:   47:  EXPECT_THROW(
call    0 returned 1
call    1 returned 1
branch  2 taken 1 (fallthrough)
branch  3 taken 0
call    4 returned 1
branch  5 taken 1 (fallthrough)
branch  6 taken 0 (throw)
branch  7 taken 1 (fallthrough)
branch  8 taken 0
call    9 returned 1
branch 10 taken 0 (fallthrough)
branch 11 taken 1 (throw)
branch 12 taken 0 (fallthrough)
branch 13 taken 1
call   14 never executed
branch 15 never executed
branch 16 never executed
call   17 never executed
branch 18 never executed
branch 19 never executed
call   20 never executed
call   21 never executed
branch 22 never executed
branch 23 never executed
call   24 never executed
branch 25 never executed
branch 26 never executed
call   27 never executed
call   28 never executed
branch 29 taken 0 (fallthrough)
branch 30 taken 1
call   31 returned 1
call   32 returned 1
call   33 returned 1
branch 34 taken 1 (fallthrough)
branch 35 taken 0 (throw)
call   36 returned 1
branch 37 taken 0 (fallthrough)
branch 38 taken 1
call   39 never executed
branch 40 never executed
branch 41 never executed
call   42 never executed
call   43 never executed
branch 44 never executed
branch 45 never executed
call   46 never executed
branch 47 never executed
branch 48 never executed
call   49 never executed
call   50 never executed
call   51 returned 1
call   52 returned 1
call   53 returned 1
branch 54 taken 1 (fallthrough)
branch 55 taken 0 (throw)
call   56 returned 1
branch 57 taken 0 (fallthrough)
branch 58 taken 1
call   59 never executed
branch 60 never executed
branch 61 never executed
call   62 never executed
call   63 never executed
branch 64 never executed
branch 65 never executed
call   66 never executed
branch 67 never executed
branch 68 never executed
call   69 never executed
call   70 never executed
call   71 returned 1
call   72 returned 1
call   73 never executed
call   74 never executed
call   75 never executed
call   76 never executed
call   77 never executed
call   78 never executed
call   79 returned 1
branch 80 taken 1
branch 81 taken 0
branch 82 taken 0
call   83 returned 1
call   84 returned 1
branch 85 taken 1 (fallthrough)
branch 86 taken 0 (throw)
call   87 never executed
call   88 never executed
branch 89 never executed
branch 90 never executed
call   91 never executed
branch 92 never executed
branch 93 never executed
call   94 never executed
branch 95 never executed
branch 96 never executed
call   97 never executed
call   98 never executed
branch 99 never executed
branch 100 never executed
call   101 never executed
call   102 never executed
branch 103 never executed
branch 104 never executed
call   105 never executed
branch 106 never executed
branch 107 never executed
call   108 never executed
call   109 never executed
call   110 never executed
branch 111 never executed
branch 112 never executed
call   113 never executed
branch 114 never executed
branch 115 never executed
call   116 never executed
call   117 never executed
call   118 never executed
call   119 never executed
call   120 never executed
-:   48:      {
-:   49:        try {
-:   50:          edit_v1v2c_trap_receiver(parameters, config);
-:   51:        } catch (snmp_config_exception const& e) {
-:   52:          EXPECT_STREQ("missing parameter: v1-v2c-trap-receiver-community-name", e.what());
-:   53:          EXPECT_EQ(snmp_config_error::missing_parameter, e.error());
-:   54:          throw;
-:   55:        }
-:   56:      },
1:   57:      snmp_config_exception);
call    0 returned 1
call    1 never executed
-:   58:
2*:   59:  EXPECT_THAT(config.trap_receivers_V1V2c_, ElementsAre(existing));
call    0 returned 1
branch  1 taken 1 (fallthrough)
branch  2 taken 0 (throw)
call    3 returned 1
branch  4 taken 1 (fallthrough)
branch  5 taken 0 (throw)
call    6 returned 1
branch  7 taken 1 (fallthrough)
branch  8 taken 0 (throw)
call    9 returned 1
call   10 returned 1
branch 11 taken 0 (fallthrough)
branch 12 taken 1
call   13 never executed
branch 14 never executed
branch 15 never executed
call   16 never executed
call   17 never executed
branch 18 never executed
branch 19 never executed
call   20 never executed
branch 21 never executed
branch 22 never executed
call   23 never executed
call   24 never executed
call   25 returned 1
call   26 never executed
call   27 never executed
call   28 never executed
1:   60:}
call    0 returned 1
call    1 returned 1
call    2 returned 1
call    3 never executed
call    4 never executed
call    5 never executed
------------------
-:   61:
4:   62:TEST(edit_v1v2c_trap_receiver, delete_trapreceiver) {
1:   63:  SnmpConfig config{};
1:   64:  config.trap_receivers_V1V2c_.emplace_back("host-address", "community-name", VersionV1V2c::V1);
-:   65:
-:   66:  const parameter_map parameters = {
-:   67:      {"v1-v2c-trap-receiver-edit", "delete"},
-:   68:      {"v1-v2c-trap-receiver-address", "host-address"},
-:   69:      {"v1-v2c-trap-receiver-community-name", "community-name"},
-:   70:      {"v1-v2c-trap-receiver-version", "v1"},
6:   71:  };
1:   72:  edit_v1v2c_trap_receiver(parameters, config);
-:   73:
1*:   74:  EXPECT_THAT(config.trap_receivers_V1V2c_, IsEmpty());
1:   75:}
------------------
_ZN4wago11snmp_config49edit_v1v2c_trap_receiver_delete_trapreceiver_TestC2Ev:
function _ZN4wago11snmp_config49edit_v1v2c_trap_receiver_delete_trapreceiver_TestC2Ev called 1 returned 100% blocks executed 100%
1:   62:TEST(edit_v1v2c_trap_receiver, delete_trapreceiver) {
call    0 returned 1
------------------
_ZN4wago11snmp_config49edit_v1v2c_trap_receiver_delete_trapreceiver_TestD0Ev:
function _ZN4wago11snmp_config49edit_v1v2c_trap_receiver_delete_trapreceiver_TestD0Ev called 1 returned 100% blocks executed 100%
1:   62:TEST(edit_v1v2c_trap_receiver, delete_trapreceiver) {
call    0 returned 1
call    1 returned 1
------------------
_ZN4wago11snmp_config49edit_v1v2c_trap_receiver_delete_trapreceiver_TestD2Ev:
function _ZN4wago11snmp_config49edit_v1v2c_trap_receiver_delete_trapreceiver_TestD2Ev called 1 returned 100% blocks executed 100%
1:   62:TEST(edit_v1v2c_trap_receiver, delete_trapreceiver) {
call    0 returned 1
------------------
_ZN4wago11snmp_config49edit_v1v2c_trap_receiver_delete_trapreceiver_Test8TestBodyEv:
function _ZN4wago11snmp_config49edit_v1v2c_trap_receiver_delete_trapreceiver_Test8TestBodyEv called 1 returned 100% blocks executed 40%
1:   62:TEST(edit_v1v2c_trap_receiver, delete_trapreceiver) {
1:   63:  SnmpConfig config{};
call    0 returned 1
1:   64:  config.trap_receivers_V1V2c_.emplace_back("host-address", "community-name", VersionV1V2c::V1);
call    0 returned 1
branch  1 taken 1 (fallthrough)
branch  2 taken 0 (throw)
-:   65:
-:   66:  const parameter_map parameters = {
-:   67:      {"v1-v2c-trap-receiver-edit", "delete"},
-:   68:      {"v1-v2c-trap-receiver-address", "host-address"},
-:   69:      {"v1-v2c-trap-receiver-community-name", "community-name"},
-:   70:      {"v1-v2c-trap-receiver-version", "v1"},
6:   71:  };
call    0 returned 1
branch  1 taken 1 (fallthrough)
branch  2 taken 0 (throw)
call    3 returned 1
branch  4 taken 1 (fallthrough)
branch  5 taken 0 (throw)
call    6 returned 1
branch  7 taken 1 (fallthrough)
branch  8 taken 0 (throw)
call    9 returned 1
branch 10 taken 1 (fallthrough)
branch 11 taken 0 (throw)
call   12 returned 1
call   13 returned 1
branch 14 taken 1 (fallthrough)
branch 15 taken 0 (throw)
call   16 returned 4
call   17 never executed
1:   72:  edit_v1v2c_trap_receiver(parameters, config);
call    0 returned 1
branch  1 taken 1 (fallthrough)
branch  2 taken 0 (throw)
-:   73:
1*:   74:  EXPECT_THAT(config.trap_receivers_V1V2c_, IsEmpty());
call    0 returned 1
call    1 returned 1
branch  2 taken 1 (fallthrough)
branch  3 taken 0 (throw)
call    4 returned 1
branch  5 taken 1 (fallthrough)
branch  6 taken 0 (throw)
call    7 returned 1
branch  8 taken 0 (fallthrough)
branch  9 taken 1
call   10 never executed
branch 11 never executed
branch 12 never executed
call   13 never executed
call   14 never executed
branch 15 never executed
branch 16 never executed
call   17 never executed
branch 18 never executed
branch 19 never executed
call   20 never executed
call   21 never executed
call   22 returned 1
call   23 never executed
call   24 never executed
call   25 never executed
1:   75:}
call    0 returned 1
call    1 returned 1
call    2 never executed
call    3 never executed
------------------
-:   76:
4:   77:TEST(edit_v1v2c_trap_receiver, add_throws_when_name_is_missing) {
1:   78:  SnmpConfig config{};
-:   79:  const parameter_map parameters = {
-:   80:      {"v1-v2c-trap-receiver-edit", "add"},
-:   81:      {"v1-v2c-trap-receiver-address", "host-address"},
-:   82:      {"v1-v2c-trap-receiver-version", "v1"},
5:   83:  };
-:   84:
2*:   85:  EXPECT_THROW(
-:   86:      {
-:   87:        try {
-:   88:          edit_v1v2c_trap_receiver(parameters, config);
-:   89:        } catch (snmp_config_exception const& e) {
-:   90:          EXPECT_STREQ("missing parameter: v1-v2c-trap-receiver-community-name", e.what());
-:   91:          EXPECT_EQ(snmp_config_error::missing_parameter, e.error());
-:   92:          throw;
-:   93:        }
-:   94:      },
1:   95:      snmp_config_exception);
-:   96:
1*:   97:  EXPECT_THAT(config.trap_receivers_V1V2c_, IsEmpty());
1:   98:}
------------------
_ZN4wago11snmp_config61edit_v1v2c_trap_receiver_add_throws_when_name_is_missing_TestC2Ev:
function _ZN4wago11snmp_config61edit_v1v2c_trap_receiver_add_throws_when_name_is_missing_TestC2Ev called 1 returned 100% blocks executed 100%
1:   77:TEST(edit_v1v2c_trap_receiver, add_throws_when_name_is_missing) {
call    0 returned 1
------------------
_ZN4wago11snmp_config61edit_v1v2c_trap_receiver_add_throws_when_name_is_missing_TestD0Ev:
function _ZN4wago11snmp_config61edit_v1v2c_trap_receiver_add_throws_when_name_is_missing_TestD0Ev called 1 returned 100% blocks executed 100%
1:   77:TEST(edit_v1v2c_trap_receiver, add_throws_when_name_is_missing) {
call    0 returned 1
call    1 returned 1
------------------
_ZN4wago11snmp_config61edit_v1v2c_trap_receiver_add_throws_when_name_is_missing_TestD2Ev:
function _ZN4wago11snmp_config61edit_v1v2c_trap_receiver_add_throws_when_name_is_missing_TestD2Ev called 1 returned 100% blocks executed 100%
1:   77:TEST(edit_v1v2c_trap_receiver, add_throws_when_name_is_missing) {
call    0 returned 1
------------------
_ZN4wago11snmp_config61edit_v1v2c_trap_receiver_add_throws_when_name_is_missing_Test8TestBodyEv:
function _ZN4wago11snmp_config61edit_v1v2c_trap_receiver_add_throws_when_name_is_missing_Test8TestBodyEv called 1 returned 100% blocks executed 30%
1:   77:TEST(edit_v1v2c_trap_receiver, add_throws_when_name_is_missing) {
1:   78:  SnmpConfig config{};
call    0 returned 1
-:   79:  const parameter_map parameters = {
-:   80:      {"v1-v2c-trap-receiver-edit", "add"},
-:   81:      {"v1-v2c-trap-receiver-address", "host-address"},
-:   82:      {"v1-v2c-trap-receiver-version", "v1"},
5:   83:  };
call    0 returned 1
branch  1 taken 1 (fallthrough)
branch  2 taken 0 (throw)
call    3 returned 1
branch  4 taken 1 (fallthrough)
branch  5 taken 0 (throw)
call    6 returned 1
branch  7 taken 1 (fallthrough)
branch  8 taken 0 (throw)
call    9 returned 1
call   10 returned 1
branch 11 taken 1 (fallthrough)
branch 12 taken 0 (throw)
call   13 returned 3
call   14 never executed
-:   84:
2*:   85:  EXPECT_THROW(
call    0 returned 1
call    1 returned 1
branch  2 taken 1 (fallthrough)
branch  3 taken 0
call    4 returned 1
branch  5 taken 1 (fallthrough)
branch  6 taken 0 (throw)
branch  7 taken 1 (fallthrough)
branch  8 taken 0
call    9 returned 1
branch 10 taken 0 (fallthrough)
branch 11 taken 1 (throw)
branch 12 taken 0 (fallthrough)
branch 13 taken 1
call   14 never executed
branch 15 never executed
branch 16 never executed
call   17 never executed
branch 18 never executed
branch 19 never executed
call   20 never executed
call   21 never executed
branch 22 never executed
branch 23 never executed
call   24 never executed
branch 25 never executed
branch 26 never executed
call   27 never executed
call   28 never executed
branch 29 taken 0 (fallthrough)
branch 30 taken 1
call   31 returned 1
call   32 returned 1
call   33 returned 1
branch 34 taken 1 (fallthrough)
branch 35 taken 0 (throw)
call   36 returned 1
branch 37 taken 0 (fallthrough)
branch 38 taken 1
call   39 never executed
branch 40 never executed
branch 41 never executed
call   42 never executed
call   43 never executed
branch 44 never executed
branch 45 never executed
call   46 never executed
branch 47 never executed
branch 48 never executed
call   49 never executed
call   50 never executed
call   51 returned 1
call   52 returned 1
call   53 returned 1
branch 54 taken 1 (fallthrough)
branch 55 taken 0 (throw)
call   56 returned 1
branch 57 taken 0 (fallthrough)
branch 58 taken 1
call   59 never executed
branch 60 never executed
branch 61 never executed
call   62 never executed
call   63 never executed
branch 64 never executed
branch 65 never executed
call   66 never executed
branch 67 never executed
branch 68 never executed
call   69 never executed
call   70 never executed
call   71 returned 1
call   72 returned 1
call   73 never executed
call   74 never executed
call   75 never executed
call   76 never executed
call   77 never executed
call   78 never executed
call   79 returned 1
branch 80 taken 1
branch 81 taken 0
branch 82 taken 0
call   83 returned 1
call   84 returned 1
branch 85 taken 1 (fallthrough)
branch 86 taken 0 (throw)
call   87 never executed
call   88 never executed
branch 89 never executed
branch 90 never executed
call   91 never executed
branch 92 never executed
branch 93 never executed
call   94 never executed
branch 95 never executed
branch 96 never executed
call   97 never executed
call   98 never executed
branch 99 never executed
branch 100 never executed
call   101 never executed
call   102 never executed
branch 103 never executed
branch 104 never executed
call   105 never executed
branch 106 never executed
branch 107 never executed
call   108 never executed
call   109 never executed
call   110 never executed
branch 111 never executed
branch 112 never executed
call   113 never executed
branch 114 never executed
branch 115 never executed
call   116 never executed
call   117 never executed
call   118 never executed
call   119 never executed
call   120 never executed
-:   86:      {
-:   87:        try {
-:   88:          edit_v1v2c_trap_receiver(parameters, config);
-:   89:        } catch (snmp_config_exception const& e) {
-:   90:          EXPECT_STREQ("missing parameter: v1-v2c-trap-receiver-community-name", e.what());
-:   91:          EXPECT_EQ(snmp_config_error::missing_parameter, e.error());
-:   92:          throw;
-:   93:        }
-:   94:      },
1:   95:      snmp_config_exception);
call    0 returned 1
call    1 never executed
-:   96:
1*:   97:  EXPECT_THAT(config.trap_receivers_V1V2c_, IsEmpty());
call    0 returned 1
call    1 returned 1
branch  2 taken 1 (fallthrough)
branch  3 taken 0 (throw)
call    4 returned 1
branch  5 taken 1 (fallthrough)
branch  6 taken 0 (throw)
call    7 returned 1
branch  8 taken 0 (fallthrough)
branch  9 taken 1
call   10 never executed
branch 11 never executed
branch 12 never executed
call   13 never executed
call   14 never executed
branch 15 never executed
branch 16 never executed
call   17 never executed
branch 18 never executed
branch 19 never executed
call   20 never executed
call   21 never executed
call   22 returned 1
call   23 never executed
call   24 never executed
call   25 never executed
1:   98:}
call    0 returned 1
call    1 returned 1
call    2 never executed
call    3 never executed
------------------
-:   99:
4:  100:TEST(edit_v1v2c_trap_receiver, add_trap_throws_when_version_is_invalid) {
1:  101:  SnmpConfig config{};
-:  102:  const parameter_map parameters = {
-:  103:      {"v1-v2c-trap-receiver-edit", "add"},
-:  104:      {"v1-v2c-trap-receiver-address", "host-address"},
-:  105:      {"v1-v2c-trap-receiver-community-name", "community-name"},
-:  106:      {"v1-v2c-trap-receiver-version", "invalid-version"},
6:  107:  };
-:  108:
2*:  109:  EXPECT_THROW(
-:  110:      {
-:  111:        try {
-:  112:          edit_v1v2c_trap_receiver(parameters, config);
-:  113:        } catch (snmp_config_exception const& e) {
-:  114:          EXPECT_STREQ("invalid conversion: invalid-version", e.what());
-:  115:          EXPECT_EQ(snmp_config_error::invalid_parameter, e.error());
-:  116:          throw;
-:  117:        }
-:  118:      },
1:  119:      snmp_config_exception);
-:  120:
1*:  121:  EXPECT_THAT(config.trap_receivers_V1V2c_, IsEmpty());
1:  122:}
------------------
_ZN4wago11snmp_config69edit_v1v2c_trap_receiver_add_trap_throws_when_version_is_invalid_TestC2Ev:
function _ZN4wago11snmp_config69edit_v1v2c_trap_receiver_add_trap_throws_when_version_is_invalid_TestC2Ev called 1 returned 100% blocks executed 100%
1:  100:TEST(edit_v1v2c_trap_receiver, add_trap_throws_when_version_is_invalid) {
call    0 returned 1
------------------
_ZN4wago11snmp_config69edit_v1v2c_trap_receiver_add_trap_throws_when_version_is_invalid_TestD0Ev:
function _ZN4wago11snmp_config69edit_v1v2c_trap_receiver_add_trap_throws_when_version_is_invalid_TestD0Ev called 1 returned 100% blocks executed 100%
1:  100:TEST(edit_v1v2c_trap_receiver, add_trap_throws_when_version_is_invalid) {
call    0 returned 1
call    1 returned 1
------------------
_ZN4wago11snmp_config69edit_v1v2c_trap_receiver_add_trap_throws_when_version_is_invalid_TestD2Ev:
function _ZN4wago11snmp_config69edit_v1v2c_trap_receiver_add_trap_throws_when_version_is_invalid_TestD2Ev called 1 returned 100% blocks executed 100%
1:  100:TEST(edit_v1v2c_trap_receiver, add_trap_throws_when_version_is_invalid) {
call    0 returned 1
------------------
_ZN4wago11snmp_config69edit_v1v2c_trap_receiver_add_trap_throws_when_version_is_invalid_Test8TestBodyEv:
function _ZN4wago11snmp_config69edit_v1v2c_trap_receiver_add_trap_throws_when_version_is_invalid_Test8TestBodyEv called 1 returned 100% blocks executed 30%
1:  100:TEST(edit_v1v2c_trap_receiver, add_trap_throws_when_version_is_invalid) {
1:  101:  SnmpConfig config{};
call    0 returned 1
-:  102:  const parameter_map parameters = {
-:  103:      {"v1-v2c-trap-receiver-edit", "add"},
-:  104:      {"v1-v2c-trap-receiver-address", "host-address"},
-:  105:      {"v1-v2c-trap-receiver-community-name", "community-name"},
-:  106:      {"v1-v2c-trap-receiver-version", "invalid-version"},
6:  107:  };
call    0 returned 1
branch  1 taken 1 (fallthrough)
branch  2 taken 0 (throw)
call    3 returned 1
branch  4 taken 1 (fallthrough)
branch  5 taken 0 (throw)
call    6 returned 1
branch  7 taken 1 (fallthrough)
branch  8 taken 0 (throw)
call    9 returned 1
branch 10 taken 1 (fallthrough)
branch 11 taken 0 (throw)
call   12 returned 1
call   13 returned 1
branch 14 taken 1 (fallthrough)
branch 15 taken 0 (throw)
call   16 returned 4
call   17 never executed
-:  108:
2*:  109:  EXPECT_THROW(
call    0 returned 1
call    1 returned 1
branch  2 taken 1 (fallthrough)
branch  3 taken 0
call    4 returned 1
branch  5 taken 1 (fallthrough)
branch  6 taken 0 (throw)
branch  7 taken 1 (fallthrough)
branch  8 taken 0
call    9 returned 1
branch 10 taken 0 (fallthrough)
branch 11 taken 1 (throw)
branch 12 taken 0 (fallthrough)
branch 13 taken 1
call   14 never executed
branch 15 never executed
branch 16 never executed
call   17 never executed
branch 18 never executed
branch 19 never executed
call   20 never executed
call   21 never executed
branch 22 never executed
branch 23 never executed
call   24 never executed
branch 25 never executed
branch 26 never executed
call   27 never executed
call   28 never executed
branch 29 taken 0 (fallthrough)
branch 30 taken 1
call   31 returned 1
call   32 returned 1
call   33 returned 1
branch 34 taken 1 (fallthrough)
branch 35 taken 0 (throw)
call   36 returned 1
branch 37 taken 0 (fallthrough)
branch 38 taken 1
call   39 never executed
branch 40 never executed
branch 41 never executed
call   42 never executed
call   43 never executed
branch 44 never executed
branch 45 never executed
call   46 never executed
branch 47 never executed
branch 48 never executed
call   49 never executed
call   50 never executed
call   51 returned 1
call   52 returned 1
call   53 returned 1
branch 54 taken 1 (fallthrough)
branch 55 taken 0 (throw)
call   56 returned 1
branch 57 taken 0 (fallthrough)
branch 58 taken 1
call   59 never executed
branch 60 never executed
branch 61 never executed
call   62 never executed
call   63 never executed
branch 64 never executed
branch 65 never executed
call   66 never executed
branch 67 never executed
branch 68 never executed
call   69 never executed
call   70 never executed
call   71 returned 1
call   72 returned 1
call   73 never executed
call   74 never executed
call   75 never executed
call   76 never executed
call   77 never executed
call   78 never executed
call   79 returned 1
branch 80 taken 1
branch 81 taken 0
branch 82 taken 0
call   83 returned 1
call   84 returned 1
branch 85 taken 1 (fallthrough)
branch 86 taken 0 (throw)
call   87 never executed
call   88 never executed
branch 89 never executed
branch 90 never executed
call   91 never executed
branch 92 never executed
branch 93 never executed
call   94 never executed
branch 95 never executed
branch 96 never executed
call   97 never executed
call   98 never executed
branch 99 never executed
branch 100 never executed
call   101 never executed
call   102 never executed
branch 103 never executed
branch 104 never executed
call   105 never executed
branch 106 never executed
branch 107 never executed
call   108 never executed
call   109 never executed
call   110 never executed
branch 111 never executed
branch 112 never executed
call   113 never executed
branch 114 never executed
branch 115 never executed
call   116 never executed
call   117 never executed
call   118 never executed
call   119 never executed
call   120 never executed
-:  110:      {
-:  111:        try {
-:  112:          edit_v1v2c_trap_receiver(parameters, config);
-:  113:        } catch (snmp_config_exception const& e) {
-:  114:          EXPECT_STREQ("invalid conversion: invalid-version", e.what());
-:  115:          EXPECT_EQ(snmp_config_error::invalid_parameter, e.error());
-:  116:          throw;
-:  117:        }
-:  118:      },
1:  119:      snmp_config_exception);
call    0 returned 1
call    1 never executed
-:  120:
1*:  121:  EXPECT_THAT(config.trap_receivers_V1V2c_, IsEmpty());
call    0 returned 1
call    1 returned 1
branch  2 taken 1 (fallthrough)
branch  3 taken 0 (throw)
call    4 returned 1
branch  5 taken 1 (fallthrough)
branch  6 taken 0 (throw)
call    7 returned 1
branch  8 taken 0 (fallthrough)
branch  9 taken 1
call   10 never executed
branch 11 never executed
branch 12 never executed
call   13 never executed
call   14 never executed
branch 15 never executed
branch 16 never executed
call   17 never executed
branch 18 never executed
branch 19 never executed
call   20 never executed
call   21 never executed
call   22 returned 1
call   23 never executed
call   24 never executed
call   25 never executed
1:  122:}
call    0 returned 1
call    1 returned 1
call    2 never executed
call    3 never executed
------------------
-:  123:
-:  124:}  // namespace wago::snmp_config
