-:    0:Source:test-src/test_StructuringClass.cc
-:    1://------------------------------------------------------------------------------
-:    2:// This Source Code Form is subject to the terms of the Mozilla Public
-:    3:// License, v. 2.0. If a copy of the MPL was not distributed with this
-:    4:// file, You can obtain one at http://mozilla.org/MPL/2.0/.
-:    5://
-:    6:// This file is part of project common-header (PTXdist package libcommonheader).
-:    7://
-:    8:// Copyright (c) 2021-2022 WAGO GmbH & Co. KG
-:    9://------------------------------------------------------------------------------
-:   10://------------------------------------------------------------------------------
-:   11:///  \file     test_Structuring.cc
-:   12:///
-:   13:///  \brief    Test for structuring helper macros targeting classes.
-:   14:///
-:   15:///  \author   PEn: WAGO GmbH & Co. KG
-:   16://------------------------------------------------------------------------------
-:   17:
-:   18://------------------------------------------------------------------------------
-:   19:// include files
-:   20://------------------------------------------------------------------------------
-:   21:#include "wc/structuring.h"
-:   22:
-:   23:#include <type_traits>
-:   24:#include <gtest/gtest.h>
-:   25:
-:   26://------------------------------------------------------------------------------
-:   27:// defines; structure, enumeration and type definitions
-:   28://------------------------------------------------------------------------------
-:   29:class interface
-:   30:{
1*:   31:  WC_INTERFACE_CLASS(interface);
------------------
_ZN9interfaceD0Ev:
function _ZN9interfaceD0Ev called 0 returned 0% blocks executed 0%
#####:   31:  WC_INTERFACE_CLASS(interface);
call    0 never executed
call    1 never executed
------------------
_ZN9interfaceD2Ev:
function _ZN9interfaceD2Ev called 1 returned 100% blocks executed 100%
1:   31:  WC_INTERFACE_CLASS(interface);
------------------
-:   32:};
-:   33:
-:   34:class derived_from_interface : public interface
-:   35:{
-:   36:
-:   37:};
-:   38:
-:   39:class impl_of_interface : public interface
-:   40:{
-:   41:  WC_INTERFACE_IMPL_CLASS(impl_of_interface);
-:   42:  impl_of_interface() = default;
-:   43:};
-:   44:
-:   45:class without_limitations
-:   46:{
-:   47:
-:   48:};
-:   49:
-:   50:class with_disabled_move
-:   51:{
-:   52:public:
-:   53:  with_disabled_move() = default;
-:   54:  with_disabled_move(with_disabled_move const&) = default;
-:   55:  with_disabled_move& operator=(with_disabled_move const&) = default;
-:   56:  WC_DISBALE_CLASS_MOVE(with_disabled_move);
-:   57:};
-:   58:
-:   59:class with_disabled_move_assign
-:   60:{
-:   61:public:
-:   62:  with_disabled_move_assign() = default;
-:   63:  with_disabled_move_assign(with_disabled_move_assign const&) = default;
-:   64:  with_disabled_move_assign& operator=(with_disabled_move_assign const&) = default;
-:   65:  WC_DISBALE_CLASS_MOVE_ASSIGN(with_disabled_move_assign);
-:   66:};
-:   67:
-:   68:class with_disabled_copy_assign
-:   69:{
-:   70:public:
-:   71:  with_disabled_copy_assign() = default;
-:   72:  WC_DISBALE_CLASS_COPY_AND_ASSIGN(with_disabled_copy_assign);
-:   73:  with_disabled_copy_assign(with_disabled_copy_assign&&) = default;
-:   74:  with_disabled_copy_assign& operator=(with_disabled_copy_assign&&) = default;
-:   75:};
-:   76:
-:   77:class with_disabled_copy_assign_move
-:   78:{
-:   79:public:
-:   80:  with_disabled_copy_assign_move() = default;
-:   81:  WC_DISBALE_CLASS_COPY_ASSIGN_AND_MOVE(with_disabled_copy_assign_move);
-:   82:  with_disabled_copy_assign_move& operator=(with_disabled_copy_assign_move&&) = default;
-:   83:};
-:   84:
-:   85:class with_disabled_copy_assign_move_assign
-:   86:{
-:   87:public:
-:   88:  with_disabled_copy_assign_move_assign() = default;
-:   89:  WC_DISBALE_CLASS_COPY_ASSIGN_AND_MOVE_ASSIGN(with_disabled_copy_assign_move_assign);
-:   90:};
-:   91:
-:   92://------------------------------------------------------------------------------
-:   93:// test implementation
-:   94://------------------------------------------------------------------------------
4:   95:TEST(Structuring, class_interface)
-:   96:{
-:   97:  // For expected behavior of C++ interfaces see also:
-:   98:  // - https://stackoverflow.com/a/30885842
-:   99:  // - https://softwareengineering.stackexchange.com/questions/235674/what-is-the-pattern-for-a-safe-interface-in-c
-:  100:
-:  101:  // Interface
1*:  102:  EXPECT_TRUE(std::is_polymorphic<interface>::value);
-:  103:
1*:  104:  EXPECT_FALSE(std::is_default_constructible<interface>::value);
-:  105:
1*:  106:  EXPECT_FALSE(std::is_copy_constructible<interface>::value);
1*:  107:  EXPECT_FALSE(std::is_copy_assignable<interface>::value);
-:  108:
1*:  109:  EXPECT_FALSE(std::is_move_constructible<interface>::value);
1*:  110:  EXPECT_FALSE(std::is_move_assignable<interface>::value);
-:  111:
-:  112:  // Derived class from interface
1*:  113:  EXPECT_TRUE(std::is_polymorphic<derived_from_interface>::value);
-:  114:
1*:  115:  EXPECT_TRUE(std::is_copy_constructible<derived_from_interface>::value);
1*:  116:  EXPECT_TRUE(std::is_copy_assignable<derived_from_interface>::value);
-:  117:
1*:  118:  EXPECT_TRUE(std::is_move_constructible<derived_from_interface>::value);
1*:  119:  EXPECT_TRUE(std::is_move_assignable<derived_from_interface>::value);
-:  120:
1:  121:  derived_from_interface test_instance;
1:  122:}
------------------
_ZN32Structuring_class_interface_TestC2Ev:
function _ZN32Structuring_class_interface_TestC2Ev called 1 returned 100% blocks executed 100%
1:   95:TEST(Structuring, class_interface)
call    0 returned 1
------------------
_ZN32Structuring_class_interface_TestD0Ev:
function _ZN32Structuring_class_interface_TestD0Ev called 1 returned 100% blocks executed 100%
1:   95:TEST(Structuring, class_interface)
call    0 returned 1
call    1 returned 1
------------------
_ZN32Structuring_class_interface_TestD2Ev:
function _ZN32Structuring_class_interface_TestD2Ev called 1 returned 100% blocks executed 100%
1:   95:TEST(Structuring, class_interface)
call    0 returned 1
------------------
_ZN32Structuring_class_interface_Test8TestBodyEv:
function _ZN32Structuring_class_interface_Test8TestBodyEv called 1 returned 100% blocks executed 17%
1:   95:TEST(Structuring, class_interface)
-:   96:{
-:   97:  // For expected behavior of C++ interfaces see also:
-:   98:  // - https://stackoverflow.com/a/30885842
-:   99:  // - https://softwareengineering.stackexchange.com/questions/235674/what-is-the-pattern-for-a-safe-interface-in-c
-:  100:
-:  101:  // Interface
1*:  102:  EXPECT_TRUE(std::is_polymorphic<interface>::value);
call    0 returned 1
call    1 returned 1
branch  2 taken 0 (fallthrough)
branch  3 taken 1
call    4 never executed
branch  5 never executed
branch  6 never executed
call    7 never executed
call    8 never executed
branch  9 never executed
branch 10 never executed
call   11 never executed
branch 12 never executed
branch 13 never executed
call   14 never executed
branch 15 never executed
branch 16 never executed
call   17 never executed
call   18 never executed
call   19 never executed
call   20 returned 1
call   21 never executed
call   22 never executed
call   23 never executed
call   24 never executed
-:  103:
1*:  104:  EXPECT_FALSE(std::is_default_constructible<interface>::value);
call    0 returned 1
call    1 returned 1
branch  2 taken 0 (fallthrough)
branch  3 taken 1
call    4 never executed
branch  5 never executed
branch  6 never executed
call    7 never executed
call    8 never executed
branch  9 never executed
branch 10 never executed
call   11 never executed
branch 12 never executed
branch 13 never executed
call   14 never executed
branch 15 never executed
branch 16 never executed
call   17 never executed
call   18 never executed
call   19 never executed
call   20 returned 1
call   21 never executed
call   22 never executed
call   23 never executed
call   24 never executed
-:  105:
1*:  106:  EXPECT_FALSE(std::is_copy_constructible<interface>::value);
call    0 returned 1
call    1 returned 1
branch  2 taken 0 (fallthrough)
branch  3 taken 1
call    4 never executed
branch  5 never executed
branch  6 never executed
call    7 never executed
call    8 never executed
branch  9 never executed
branch 10 never executed
call   11 never executed
branch 12 never executed
branch 13 never executed
call   14 never executed
branch 15 never executed
branch 16 never executed
call   17 never executed
call   18 never executed
call   19 never executed
call   20 returned 1
call   21 never executed
call   22 never executed
call   23 never executed
call   24 never executed
1*:  107:  EXPECT_FALSE(std::is_copy_assignable<interface>::value);
call    0 returned 1
call    1 returned 1
branch  2 taken 0 (fallthrough)
branch  3 taken 1
call    4 never executed
branch  5 never executed
branch  6 never executed
call    7 never executed
call    8 never executed
branch  9 never executed
branch 10 never executed
call   11 never executed
branch 12 never executed
branch 13 never executed
call   14 never executed
branch 15 never executed
branch 16 never executed
call   17 never executed
call   18 never executed
call   19 never executed
call   20 returned 1
call   21 never executed
call   22 never executed
call   23 never executed
call   24 never executed
-:  108:
1*:  109:  EXPECT_FALSE(std::is_move_constructible<interface>::value);
call    0 returned 1
call    1 returned 1
branch  2 taken 0 (fallthrough)
branch  3 taken 1
call    4 never executed
branch  5 never executed
branch  6 never executed
call    7 never executed
call    8 never executed
branch  9 never executed
branch 10 never executed
call   11 never executed
branch 12 never executed
branch 13 never executed
call   14 never executed
branch 15 never executed
branch 16 never executed
call   17 never executed
call   18 never executed
call   19 never executed
call   20 returned 1
call   21 never executed
call   22 never executed
call   23 never executed
call   24 never executed
1*:  110:  EXPECT_FALSE(std::is_move_assignable<interface>::value);
call    0 returned 1
call    1 returned 1
branch  2 taken 0 (fallthrough)
branch  3 taken 1
call    4 never executed
branch  5 never executed
branch  6 never executed
call    7 never executed
call    8 never executed
branch  9 never executed
branch 10 never executed
call   11 never executed
branch 12 never executed
branch 13 never executed
call   14 never executed
branch 15 never executed
branch 16 never executed
call   17 never executed
call   18 never executed
call   19 never executed
call   20 returned 1
call   21 never executed
call   22 never executed
call   23 never executed
call   24 never executed
-:  111:
-:  112:  // Derived class from interface
1*:  113:  EXPECT_TRUE(std::is_polymorphic<derived_from_interface>::value);
call    0 returned 1
call    1 returned 1
branch  2 taken 0 (fallthrough)
branch  3 taken 1
call    4 never executed
branch  5 never executed
branch  6 never executed
call    7 never executed
call    8 never executed
branch  9 never executed
branch 10 never executed
call   11 never executed
branch 12 never executed
branch 13 never executed
call   14 never executed
branch 15 never executed
branch 16 never executed
call   17 never executed
call   18 never executed
call   19 never executed
call   20 returned 1
call   21 never executed
call   22 never executed
call   23 never executed
call   24 never executed
-:  114:
1*:  115:  EXPECT_TRUE(std::is_copy_constructible<derived_from_interface>::value);
call    0 returned 1
call    1 returned 1
branch  2 taken 0 (fallthrough)
branch  3 taken 1
call    4 never executed
branch  5 never executed
branch  6 never executed
call    7 never executed
call    8 never executed
branch  9 never executed
branch 10 never executed
call   11 never executed
branch 12 never executed
branch 13 never executed
call   14 never executed
branch 15 never executed
branch 16 never executed
call   17 never executed
call   18 never executed
call   19 never executed
call   20 returned 1
call   21 never executed
call   22 never executed
call   23 never executed
call   24 never executed
1*:  116:  EXPECT_TRUE(std::is_copy_assignable<derived_from_interface>::value);
call    0 returned 1
call    1 returned 1
branch  2 taken 0 (fallthrough)
branch  3 taken 1
call    4 never executed
branch  5 never executed
branch  6 never executed
call    7 never executed
call    8 never executed
branch  9 never executed
branch 10 never executed
call   11 never executed
branch 12 never executed
branch 13 never executed
call   14 never executed
branch 15 never executed
branch 16 never executed
call   17 never executed
call   18 never executed
call   19 never executed
call   20 returned 1
call   21 never executed
call   22 never executed
call   23 never executed
call   24 never executed
-:  117:
1*:  118:  EXPECT_TRUE(std::is_move_constructible<derived_from_interface>::value);
call    0 returned 1
call    1 returned 1
branch  2 taken 0 (fallthrough)
branch  3 taken 1
call    4 never executed
branch  5 never executed
branch  6 never executed
call    7 never executed
call    8 never executed
branch  9 never executed
branch 10 never executed
call   11 never executed
branch 12 never executed
branch 13 never executed
call   14 never executed
branch 15 never executed
branch 16 never executed
call   17 never executed
call   18 never executed
call   19 never executed
call   20 returned 1
call   21 never executed
call   22 never executed
call   23 never executed
call   24 never executed
1*:  119:  EXPECT_TRUE(std::is_move_assignable<derived_from_interface>::value);
call    0 returned 1
call    1 returned 1
branch  2 taken 0 (fallthrough)
branch  3 taken 1
call    4 never executed
branch  5 never executed
branch  6 never executed
call    7 never executed
call    8 never executed
branch  9 never executed
branch 10 never executed
call   11 never executed
branch 12 never executed
branch 13 never executed
call   14 never executed
branch 15 never executed
branch 16 never executed
call   17 never executed
call   18 never executed
call   19 never executed
call   20 returned 1
call   21 never executed
call   22 never executed
call   23 never executed
call   24 never executed
-:  120:
1:  121:  derived_from_interface test_instance;
call    0 returned 1
1:  122:}
------------------
-:  123:
4:  124:TEST(Structuring, class_impl_of_interface)
-:  125:{
-:  126:  // Interface implementation
1*:  127:  EXPECT_TRUE(std::is_polymorphic<impl_of_interface>::value);
-:  128:
1*:  129:  EXPECT_FALSE(std::is_default_constructible<impl_of_interface>::value);
-:  130:
1*:  131:  EXPECT_FALSE(std::is_copy_constructible<impl_of_interface>::value);
1*:  132:  EXPECT_FALSE(std::is_copy_assignable<impl_of_interface>::value);
-:  133:
1*:  134:  EXPECT_FALSE(std::is_move_constructible<impl_of_interface>::value);
1*:  135:  EXPECT_FALSE(std::is_move_assignable<impl_of_interface>::value);
1:  136:}
------------------
_ZN40Structuring_class_impl_of_interface_TestC2Ev:
function _ZN40Structuring_class_impl_of_interface_TestC2Ev called 1 returned 100% blocks executed 100%
1:  124:TEST(Structuring, class_impl_of_interface)
call    0 returned 1
------------------
_ZN40Structuring_class_impl_of_interface_TestD0Ev:
function _ZN40Structuring_class_impl_of_interface_TestD0Ev called 1 returned 100% blocks executed 100%
1:  124:TEST(Structuring, class_impl_of_interface)
call    0 returned 1
call    1 returned 1
------------------
_ZN40Structuring_class_impl_of_interface_TestD2Ev:
function _ZN40Structuring_class_impl_of_interface_TestD2Ev called 1 returned 100% blocks executed 100%
1:  124:TEST(Structuring, class_impl_of_interface)
call    0 returned 1
------------------
_ZN40Structuring_class_impl_of_interface_Test8TestBodyEv:
function _ZN40Structuring_class_impl_of_interface_Test8TestBodyEv called 1 returned 100% blocks executed 17%
1:  124:TEST(Structuring, class_impl_of_interface)
-:  125:{
-:  126:  // Interface implementation
1*:  127:  EXPECT_TRUE(std::is_polymorphic<impl_of_interface>::value);
call    0 returned 1
call    1 returned 1
branch  2 taken 0 (fallthrough)
branch  3 taken 1
call    4 never executed
branch  5 never executed
branch  6 never executed
call    7 never executed
call    8 never executed
branch  9 never executed
branch 10 never executed
call   11 never executed
branch 12 never executed
branch 13 never executed
call   14 never executed
branch 15 never executed
branch 16 never executed
call   17 never executed
call   18 never executed
call   19 never executed
call   20 returned 1
call   21 never executed
call   22 never executed
call   23 never executed
call   24 never executed
-:  128:
1*:  129:  EXPECT_FALSE(std::is_default_constructible<impl_of_interface>::value);
call    0 returned 1
call    1 returned 1
branch  2 taken 0 (fallthrough)
branch  3 taken 1
call    4 never executed
branch  5 never executed
branch  6 never executed
call    7 never executed
call    8 never executed
branch  9 never executed
branch 10 never executed
call   11 never executed
branch 12 never executed
branch 13 never executed
call   14 never executed
branch 15 never executed
branch 16 never executed
call   17 never executed
call   18 never executed
call   19 never executed
call   20 returned 1
call   21 never executed
call   22 never executed
call   23 never executed
call   24 never executed
-:  130:
1*:  131:  EXPECT_FALSE(std::is_copy_constructible<impl_of_interface>::value);
call    0 returned 1
call    1 returned 1
branch  2 taken 0 (fallthrough)
branch  3 taken 1
call    4 never executed
branch  5 never executed
branch  6 never executed
call    7 never executed
call    8 never executed
branch  9 never executed
branch 10 never executed
call   11 never executed
branch 12 never executed
branch 13 never executed
call   14 never executed
branch 15 never executed
branch 16 never executed
call   17 never executed
call   18 never executed
call   19 never executed
call   20 returned 1
call   21 never executed
call   22 never executed
call   23 never executed
call   24 never executed
1*:  132:  EXPECT_FALSE(std::is_copy_assignable<impl_of_interface>::value);
call    0 returned 1
call    1 returned 1
branch  2 taken 0 (fallthrough)
branch  3 taken 1
call    4 never executed
branch  5 never executed
branch  6 never executed
call    7 never executed
call    8 never executed
branch  9 never executed
branch 10 never executed
call   11 never executed
branch 12 never executed
branch 13 never executed
call   14 never executed
branch 15 never executed
branch 16 never executed
call   17 never executed
call   18 never executed
call   19 never executed
call   20 returned 1
call   21 never executed
call   22 never executed
call   23 never executed
call   24 never executed
-:  133:
1*:  134:  EXPECT_FALSE(std::is_move_constructible<impl_of_interface>::value);
call    0 returned 1
call    1 returned 1
branch  2 taken 0 (fallthrough)
branch  3 taken 1
call    4 never executed
branch  5 never executed
branch  6 never executed
call    7 never executed
call    8 never executed
branch  9 never executed
branch 10 never executed
call   11 never executed
branch 12 never executed
branch 13 never executed
call   14 never executed
branch 15 never executed
branch 16 never executed
call   17 never executed
call   18 never executed
call   19 never executed
call   20 returned 1
call   21 never executed
call   22 never executed
call   23 never executed
call   24 never executed
1*:  135:  EXPECT_FALSE(std::is_move_assignable<impl_of_interface>::value);
call    0 returned 1
call    1 returned 1
branch  2 taken 0 (fallthrough)
branch  3 taken 1
call    4 never executed
branch  5 never executed
branch  6 never executed
call    7 never executed
call    8 never executed
branch  9 never executed
branch 10 never executed
call   11 never executed
branch 12 never executed
branch 13 never executed
call   14 never executed
branch 15 never executed
branch 16 never executed
call   17 never executed
call   18 never executed
call   19 never executed
call   20 returned 1
call   21 never executed
call   22 never executed
call   23 never executed
call   24 never executed
1:  136:}
------------------
-:  137:
4:  138:TEST(Structuring, class_without_limitations)
-:  139:{
1*:  140:  EXPECT_FALSE(std::is_polymorphic<without_limitations>::value);
-:  141:
1*:  142:  EXPECT_TRUE(std::is_copy_constructible<without_limitations>::value);
1*:  143:  EXPECT_TRUE(std::is_copy_assignable<without_limitations>::value);
-:  144:
1*:  145:  EXPECT_TRUE(std::is_move_constructible<without_limitations>::value);
1*:  146:  EXPECT_TRUE(std::is_move_assignable<without_limitations>::value);
1:  147:}
------------------
_ZN42Structuring_class_without_limitations_TestC2Ev:
function _ZN42Structuring_class_without_limitations_TestC2Ev called 1 returned 100% blocks executed 100%
1:  138:TEST(Structuring, class_without_limitations)
call    0 returned 1
------------------
_ZN42Structuring_class_without_limitations_TestD0Ev:
function _ZN42Structuring_class_without_limitations_TestD0Ev called 1 returned 100% blocks executed 100%
1:  138:TEST(Structuring, class_without_limitations)
call    0 returned 1
call    1 returned 1
------------------
_ZN42Structuring_class_without_limitations_TestD2Ev:
function _ZN42Structuring_class_without_limitations_TestD2Ev called 1 returned 100% blocks executed 100%
1:  138:TEST(Structuring, class_without_limitations)
call    0 returned 1
------------------
_ZN42Structuring_class_without_limitations_Test8TestBodyEv:
function _ZN42Structuring_class_without_limitations_Test8TestBodyEv called 1 returned 100% blocks executed 17%
1:  138:TEST(Structuring, class_without_limitations)
-:  139:{
1*:  140:  EXPECT_FALSE(std::is_polymorphic<without_limitations>::value);
call    0 returned 1
call    1 returned 1
branch  2 taken 0 (fallthrough)
branch  3 taken 1
call    4 never executed
branch  5 never executed
branch  6 never executed
call    7 never executed
call    8 never executed
branch  9 never executed
branch 10 never executed
call   11 never executed
branch 12 never executed
branch 13 never executed
call   14 never executed
branch 15 never executed
branch 16 never executed
call   17 never executed
call   18 never executed
call   19 never executed
call   20 returned 1
call   21 never executed
call   22 never executed
call   23 never executed
call   24 never executed
-:  141:
1*:  142:  EXPECT_TRUE(std::is_copy_constructible<without_limitations>::value);
call    0 returned 1
call    1 returned 1
branch  2 taken 0 (fallthrough)
branch  3 taken 1
call    4 never executed
branch  5 never executed
branch  6 never executed
call    7 never executed
call    8 never executed
branch  9 never executed
branch 10 never executed
call   11 never executed
branch 12 never executed
branch 13 never executed
call   14 never executed
branch 15 never executed
branch 16 never executed
call   17 never executed
call   18 never executed
call   19 never executed
call   20 returned 1
call   21 never executed
call   22 never executed
call   23 never executed
call   24 never executed
1*:  143:  EXPECT_TRUE(std::is_copy_assignable<without_limitations>::value);
call    0 returned 1
call    1 returned 1
branch  2 taken 0 (fallthrough)
branch  3 taken 1
call    4 never executed
branch  5 never executed
branch  6 never executed
call    7 never executed
call    8 never executed
branch  9 never executed
branch 10 never executed
call   11 never executed
branch 12 never executed
branch 13 never executed
call   14 never executed
branch 15 never executed
branch 16 never executed
call   17 never executed
call   18 never executed
call   19 never executed
call   20 returned 1
call   21 never executed
call   22 never executed
call   23 never executed
call   24 never executed
-:  144:
1*:  145:  EXPECT_TRUE(std::is_move_constructible<without_limitations>::value);
call    0 returned 1
call    1 returned 1
branch  2 taken 0 (fallthrough)
branch  3 taken 1
call    4 never executed
branch  5 never executed
branch  6 never executed
call    7 never executed
call    8 never executed
branch  9 never executed
branch 10 never executed
call   11 never executed
branch 12 never executed
branch 13 never executed
call   14 never executed
branch 15 never executed
branch 16 never executed
call   17 never executed
call   18 never executed
call   19 never executed
call   20 returned 1
call   21 never executed
call   22 never executed
call   23 never executed
call   24 never executed
1*:  146:  EXPECT_TRUE(std::is_move_assignable<without_limitations>::value);
call    0 returned 1
call    1 returned 1
branch  2 taken 0 (fallthrough)
branch  3 taken 1
call    4 never executed
branch  5 never executed
branch  6 never executed
call    7 never executed
call    8 never executed
branch  9 never executed
branch 10 never executed
call   11 never executed
branch 12 never executed
branch 13 never executed
call   14 never executed
branch 15 never executed
branch 16 never executed
call   17 never executed
call   18 never executed
call   19 never executed
call   20 returned 1
call   21 never executed
call   22 never executed
call   23 never executed
call   24 never executed
1:  147:}
------------------
-:  148:
4:  149:TEST(Structuring, class_with_disabled_move)
-:  150:{
1*:  151:  EXPECT_FALSE(std::is_polymorphic<without_limitations>::value);
-:  152:
1*:  153:  EXPECT_TRUE(std::is_copy_constructible<with_disabled_move>::value);
1*:  154:  EXPECT_TRUE(std::is_copy_assignable<with_disabled_move>::value);
-:  155:
1*:  156:  EXPECT_FALSE(std::is_move_constructible<with_disabled_move>::value);
1*:  157:  EXPECT_TRUE(std::is_move_assignable<with_disabled_move>::value);
1:  158:}
------------------
_ZN41Structuring_class_with_disabled_move_TestC2Ev:
function _ZN41Structuring_class_with_disabled_move_TestC2Ev called 1 returned 100% blocks executed 100%
1:  149:TEST(Structuring, class_with_disabled_move)
call    0 returned 1
------------------
_ZN41Structuring_class_with_disabled_move_TestD0Ev:
function _ZN41Structuring_class_with_disabled_move_TestD0Ev called 1 returned 100% blocks executed 100%
1:  149:TEST(Structuring, class_with_disabled_move)
call    0 returned 1
call    1 returned 1
------------------
_ZN41Structuring_class_with_disabled_move_TestD2Ev:
function _ZN41Structuring_class_with_disabled_move_TestD2Ev called 1 returned 100% blocks executed 100%
1:  149:TEST(Structuring, class_with_disabled_move)
call    0 returned 1
------------------
_ZN41Structuring_class_with_disabled_move_Test8TestBodyEv:
function _ZN41Structuring_class_with_disabled_move_Test8TestBodyEv called 1 returned 100% blocks executed 17%
1:  149:TEST(Structuring, class_with_disabled_move)
-:  150:{
1*:  151:  EXPECT_FALSE(std::is_polymorphic<without_limitations>::value);
call    0 returned 1
call    1 returned 1
branch  2 taken 0 (fallthrough)
branch  3 taken 1
call    4 never executed
branch  5 never executed
branch  6 never executed
call    7 never executed
call    8 never executed
branch  9 never executed
branch 10 never executed
call   11 never executed
branch 12 never executed
branch 13 never executed
call   14 never executed
branch 15 never executed
branch 16 never executed
call   17 never executed
call   18 never executed
call   19 never executed
call   20 returned 1
call   21 never executed
call   22 never executed
call   23 never executed
call   24 never executed
-:  152:
1*:  153:  EXPECT_TRUE(std::is_copy_constructible<with_disabled_move>::value);
call    0 returned 1
call    1 returned 1
branch  2 taken 0 (fallthrough)
branch  3 taken 1
call    4 never executed
branch  5 never executed
branch  6 never executed
call    7 never executed
call    8 never executed
branch  9 never executed
branch 10 never executed
call   11 never executed
branch 12 never executed
branch 13 never executed
call   14 never executed
branch 15 never executed
branch 16 never executed
call   17 never executed
call   18 never executed
call   19 never executed
call   20 returned 1
call   21 never executed
call   22 never executed
call   23 never executed
call   24 never executed
1*:  154:  EXPECT_TRUE(std::is_copy_assignable<with_disabled_move>::value);
call    0 returned 1
call    1 returned 1
branch  2 taken 0 (fallthrough)
branch  3 taken 1
call    4 never executed
branch  5 never executed
branch  6 never executed
call    7 never executed
call    8 never executed
branch  9 never executed
branch 10 never executed
call   11 never executed
branch 12 never executed
branch 13 never executed
call   14 never executed
branch 15 never executed
branch 16 never executed
call   17 never executed
call   18 never executed
call   19 never executed
call   20 returned 1
call   21 never executed
call   22 never executed
call   23 never executed
call   24 never executed
-:  155:
1*:  156:  EXPECT_FALSE(std::is_move_constructible<with_disabled_move>::value);
call    0 returned 1
call    1 returned 1
branch  2 taken 0 (fallthrough)
branch  3 taken 1
call    4 never executed
branch  5 never executed
branch  6 never executed
call    7 never executed
call    8 never executed
branch  9 never executed
branch 10 never executed
call   11 never executed
branch 12 never executed
branch 13 never executed
call   14 never executed
branch 15 never executed
branch 16 never executed
call   17 never executed
call   18 never executed
call   19 never executed
call   20 returned 1
call   21 never executed
call   22 never executed
call   23 never executed
call   24 never executed
1*:  157:  EXPECT_TRUE(std::is_move_assignable<with_disabled_move>::value);
call    0 returned 1
call    1 returned 1
branch  2 taken 0 (fallthrough)
branch  3 taken 1
call    4 never executed
branch  5 never executed
branch  6 never executed
call    7 never executed
call    8 never executed
branch  9 never executed
branch 10 never executed
call   11 never executed
branch 12 never executed
branch 13 never executed
call   14 never executed
branch 15 never executed
branch 16 never executed
call   17 never executed
call   18 never executed
call   19 never executed
call   20 returned 1
call   21 never executed
call   22 never executed
call   23 never executed
call   24 never executed
1:  158:}
------------------
-:  159:
4:  160:TEST(Structuring, class_with_disabled_move_assign)
-:  161:{
1*:  162:  EXPECT_FALSE(std::is_polymorphic<without_limitations>::value);
-:  163:
1*:  164:  EXPECT_TRUE(std::is_copy_constructible<with_disabled_move_assign>::value);
1*:  165:  EXPECT_TRUE(std::is_copy_assignable<with_disabled_move_assign>::value);
-:  166:
1*:  167:  EXPECT_FALSE(std::is_move_constructible<with_disabled_move_assign>::value);
1*:  168:  EXPECT_FALSE(std::is_move_assignable<with_disabled_move_assign>::value);
1:  169:}
------------------
_ZN48Structuring_class_with_disabled_move_assign_TestC2Ev:
function _ZN48Structuring_class_with_disabled_move_assign_TestC2Ev called 1 returned 100% blocks executed 100%
1:  160:TEST(Structuring, class_with_disabled_move_assign)
call    0 returned 1
------------------
_ZN48Structuring_class_with_disabled_move_assign_TestD0Ev:
function _ZN48Structuring_class_with_disabled_move_assign_TestD0Ev called 1 returned 100% blocks executed 100%
1:  160:TEST(Structuring, class_with_disabled_move_assign)
call    0 returned 1
call    1 returned 1
------------------
_ZN48Structuring_class_with_disabled_move_assign_TestD2Ev:
function _ZN48Structuring_class_with_disabled_move_assign_TestD2Ev called 1 returned 100% blocks executed 100%
1:  160:TEST(Structuring, class_with_disabled_move_assign)
call    0 returned 1
------------------
_ZN48Structuring_class_with_disabled_move_assign_Test8TestBodyEv:
function _ZN48Structuring_class_with_disabled_move_assign_Test8TestBodyEv called 1 returned 100% blocks executed 17%
1:  160:TEST(Structuring, class_with_disabled_move_assign)
-:  161:{
1*:  162:  EXPECT_FALSE(std::is_polymorphic<without_limitations>::value);
call    0 returned 1
call    1 returned 1
branch  2 taken 0 (fallthrough)
branch  3 taken 1
call    4 never executed
branch  5 never executed
branch  6 never executed
call    7 never executed
call    8 never executed
branch  9 never executed
branch 10 never executed
call   11 never executed
branch 12 never executed
branch 13 never executed
call   14 never executed
branch 15 never executed
branch 16 never executed
call   17 never executed
call   18 never executed
call   19 never executed
call   20 returned 1
call   21 never executed
call   22 never executed
call   23 never executed
call   24 never executed
-:  163:
1*:  164:  EXPECT_TRUE(std::is_copy_constructible<with_disabled_move_assign>::value);
call    0 returned 1
call    1 returned 1
branch  2 taken 0 (fallthrough)
branch  3 taken 1
call    4 never executed
branch  5 never executed
branch  6 never executed
call    7 never executed
call    8 never executed
branch  9 never executed
branch 10 never executed
call   11 never executed
branch 12 never executed
branch 13 never executed
call   14 never executed
branch 15 never executed
branch 16 never executed
call   17 never executed
call   18 never executed
call   19 never executed
call   20 returned 1
call   21 never executed
call   22 never executed
call   23 never executed
call   24 never executed
1*:  165:  EXPECT_TRUE(std::is_copy_assignable<with_disabled_move_assign>::value);
call    0 returned 1
call    1 returned 1
branch  2 taken 0 (fallthrough)
branch  3 taken 1
call    4 never executed
branch  5 never executed
branch  6 never executed
call    7 never executed
call    8 never executed
branch  9 never executed
branch 10 never executed
call   11 never executed
branch 12 never executed
branch 13 never executed
call   14 never executed
branch 15 never executed
branch 16 never executed
call   17 never executed
call   18 never executed
call   19 never executed
call   20 returned 1
call   21 never executed
call   22 never executed
call   23 never executed
call   24 never executed
-:  166:
1*:  167:  EXPECT_FALSE(std::is_move_constructible<with_disabled_move_assign>::value);
call    0 returned 1
call    1 returned 1
branch  2 taken 0 (fallthrough)
branch  3 taken 1
call    4 never executed
branch  5 never executed
branch  6 never executed
call    7 never executed
call    8 never executed
branch  9 never executed
branch 10 never executed
call   11 never executed
branch 12 never executed
branch 13 never executed
call   14 never executed
branch 15 never executed
branch 16 never executed
call   17 never executed
call   18 never executed
call   19 never executed
call   20 returned 1
call   21 never executed
call   22 never executed
call   23 never executed
call   24 never executed
1*:  168:  EXPECT_FALSE(std::is_move_assignable<with_disabled_move_assign>::value);
call    0 returned 1
call    1 returned 1
branch  2 taken 0 (fallthrough)
branch  3 taken 1
call    4 never executed
branch  5 never executed
branch  6 never executed
call    7 never executed
call    8 never executed
branch  9 never executed
branch 10 never executed
call   11 never executed
branch 12 never executed
branch 13 never executed
call   14 never executed
branch 15 never executed
branch 16 never executed
call   17 never executed
call   18 never executed
call   19 never executed
call   20 returned 1
call   21 never executed
call   22 never executed
call   23 never executed
call   24 never executed
1:  169:}
------------------
-:  170:
4:  171:TEST(Structuring, class_with_disabled_copy_assign)
-:  172:{
1*:  173:  EXPECT_FALSE(std::is_polymorphic<without_limitations>::value);
-:  174:
1*:  175:  EXPECT_FALSE(std::is_copy_constructible<with_disabled_copy_assign>::value);
1*:  176:  EXPECT_FALSE(std::is_copy_assignable<with_disabled_copy_assign>::value);
-:  177:
1*:  178:  EXPECT_TRUE(std::is_move_constructible<with_disabled_copy_assign>::value);
1*:  179:  EXPECT_TRUE(std::is_move_assignable<with_disabled_copy_assign>::value);
1:  180:}
------------------
_ZN48Structuring_class_with_disabled_copy_assign_TestC2Ev:
function _ZN48Structuring_class_with_disabled_copy_assign_TestC2Ev called 1 returned 100% blocks executed 100%
1:  171:TEST(Structuring, class_with_disabled_copy_assign)
call    0 returned 1
------------------
_ZN48Structuring_class_with_disabled_copy_assign_TestD0Ev:
function _ZN48Structuring_class_with_disabled_copy_assign_TestD0Ev called 1 returned 100% blocks executed 100%
1:  171:TEST(Structuring, class_with_disabled_copy_assign)
call    0 returned 1
call    1 returned 1
------------------
_ZN48Structuring_class_with_disabled_copy_assign_TestD2Ev:
function _ZN48Structuring_class_with_disabled_copy_assign_TestD2Ev called 1 returned 100% blocks executed 100%
1:  171:TEST(Structuring, class_with_disabled_copy_assign)
call    0 returned 1
------------------
_ZN48Structuring_class_with_disabled_copy_assign_Test8TestBodyEv:
function _ZN48Structuring_class_with_disabled_copy_assign_Test8TestBodyEv called 1 returned 100% blocks executed 17%
1:  171:TEST(Structuring, class_with_disabled_copy_assign)
-:  172:{
1*:  173:  EXPECT_FALSE(std::is_polymorphic<without_limitations>::value);
call    0 returned 1
call    1 returned 1
branch  2 taken 0 (fallthrough)
branch  3 taken 1
call    4 never executed
branch  5 never executed
branch  6 never executed
call    7 never executed
call    8 never executed
branch  9 never executed
branch 10 never executed
call   11 never executed
branch 12 never executed
branch 13 never executed
call   14 never executed
branch 15 never executed
branch 16 never executed
call   17 never executed
call   18 never executed
call   19 never executed
call   20 returned 1
call   21 never executed
call   22 never executed
call   23 never executed
call   24 never executed
-:  174:
1*:  175:  EXPECT_FALSE(std::is_copy_constructible<with_disabled_copy_assign>::value);
call    0 returned 1
call    1 returned 1
branch  2 taken 0 (fallthrough)
branch  3 taken 1
call    4 never executed
branch  5 never executed
branch  6 never executed
call    7 never executed
call    8 never executed
branch  9 never executed
branch 10 never executed
call   11 never executed
branch 12 never executed
branch 13 never executed
call   14 never executed
branch 15 never executed
branch 16 never executed
call   17 never executed
call   18 never executed
call   19 never executed
call   20 returned 1
call   21 never executed
call   22 never executed
call   23 never executed
call   24 never executed
1*:  176:  EXPECT_FALSE(std::is_copy_assignable<with_disabled_copy_assign>::value);
call    0 returned 1
call    1 returned 1
branch  2 taken 0 (fallthrough)
branch  3 taken 1
call    4 never executed
branch  5 never executed
branch  6 never executed
call    7 never executed
call    8 never executed
branch  9 never executed
branch 10 never executed
call   11 never executed
branch 12 never executed
branch 13 never executed
call   14 never executed
branch 15 never executed
branch 16 never executed
call   17 never executed
call   18 never executed
call   19 never executed
call   20 returned 1
call   21 never executed
call   22 never executed
call   23 never executed
call   24 never executed
-:  177:
1*:  178:  EXPECT_TRUE(std::is_move_constructible<with_disabled_copy_assign>::value);
call    0 returned 1
call    1 returned 1
branch  2 taken 0 (fallthrough)
branch  3 taken 1
call    4 never executed
branch  5 never executed
branch  6 never executed
call    7 never executed
call    8 never executed
branch  9 never executed
branch 10 never executed
call   11 never executed
branch 12 never executed
branch 13 never executed
call   14 never executed
branch 15 never executed
branch 16 never executed
call   17 never executed
call   18 never executed
call   19 never executed
call   20 returned 1
call   21 never executed
call   22 never executed
call   23 never executed
call   24 never executed
1*:  179:  EXPECT_TRUE(std::is_move_assignable<with_disabled_copy_assign>::value);
call    0 returned 1
call    1 returned 1
branch  2 taken 0 (fallthrough)
branch  3 taken 1
call    4 never executed
branch  5 never executed
branch  6 never executed
call    7 never executed
call    8 never executed
branch  9 never executed
branch 10 never executed
call   11 never executed
branch 12 never executed
branch 13 never executed
call   14 never executed
branch 15 never executed
branch 16 never executed
call   17 never executed
call   18 never executed
call   19 never executed
call   20 returned 1
call   21 never executed
call   22 never executed
call   23 never executed
call   24 never executed
1:  180:}
------------------
-:  181:
4:  182:TEST(Structuring, class_with_disabled_copy_assign_move)
-:  183:{
1*:  184:  EXPECT_FALSE(std::is_polymorphic<without_limitations>::value);
-:  185:
1*:  186:  EXPECT_FALSE(std::is_copy_constructible<with_disabled_copy_assign_move>::value);
1*:  187:  EXPECT_FALSE(std::is_copy_assignable<with_disabled_copy_assign_move>::value);
-:  188:
1*:  189:  EXPECT_FALSE(std::is_move_constructible<with_disabled_copy_assign_move>::value);
1*:  190:  EXPECT_TRUE(std::is_move_assignable<with_disabled_copy_assign_move>::value);
1:  191:}
------------------
_ZN53Structuring_class_with_disabled_copy_assign_move_TestC2Ev:
function _ZN53Structuring_class_with_disabled_copy_assign_move_TestC2Ev called 1 returned 100% blocks executed 100%
1:  182:TEST(Structuring, class_with_disabled_copy_assign_move)
call    0 returned 1
------------------
_ZN53Structuring_class_with_disabled_copy_assign_move_TestD0Ev:
function _ZN53Structuring_class_with_disabled_copy_assign_move_TestD0Ev called 1 returned 100% blocks executed 100%
1:  182:TEST(Structuring, class_with_disabled_copy_assign_move)
call    0 returned 1
call    1 returned 1
------------------
_ZN53Structuring_class_with_disabled_copy_assign_move_TestD2Ev:
function _ZN53Structuring_class_with_disabled_copy_assign_move_TestD2Ev called 1 returned 100% blocks executed 100%
1:  182:TEST(Structuring, class_with_disabled_copy_assign_move)
call    0 returned 1
------------------
_ZN53Structuring_class_with_disabled_copy_assign_move_Test8TestBodyEv:
function _ZN53Structuring_class_with_disabled_copy_assign_move_Test8TestBodyEv called 1 returned 100% blocks executed 17%
1:  182:TEST(Structuring, class_with_disabled_copy_assign_move)
-:  183:{
1*:  184:  EXPECT_FALSE(std::is_polymorphic<without_limitations>::value);
call    0 returned 1
call    1 returned 1
branch  2 taken 0 (fallthrough)
branch  3 taken 1
call    4 never executed
branch  5 never executed
branch  6 never executed
call    7 never executed
call    8 never executed
branch  9 never executed
branch 10 never executed
call   11 never executed
branch 12 never executed
branch 13 never executed
call   14 never executed
branch 15 never executed
branch 16 never executed
call   17 never executed
call   18 never executed
call   19 never executed
call   20 returned 1
call   21 never executed
call   22 never executed
call   23 never executed
call   24 never executed
-:  185:
1*:  186:  EXPECT_FALSE(std::is_copy_constructible<with_disabled_copy_assign_move>::value);
call    0 returned 1
call    1 returned 1
branch  2 taken 0 (fallthrough)
branch  3 taken 1
call    4 never executed
branch  5 never executed
branch  6 never executed
call    7 never executed
call    8 never executed
branch  9 never executed
branch 10 never executed
call   11 never executed
branch 12 never executed
branch 13 never executed
call   14 never executed
branch 15 never executed
branch 16 never executed
call   17 never executed
call   18 never executed
call   19 never executed
call   20 returned 1
call   21 never executed
call   22 never executed
call   23 never executed
call   24 never executed
1*:  187:  EXPECT_FALSE(std::is_copy_assignable<with_disabled_copy_assign_move>::value);
call    0 returned 1
call    1 returned 1
branch  2 taken 0 (fallthrough)
branch  3 taken 1
call    4 never executed
branch  5 never executed
branch  6 never executed
call    7 never executed
call    8 never executed
branch  9 never executed
branch 10 never executed
call   11 never executed
branch 12 never executed
branch 13 never executed
call   14 never executed
branch 15 never executed
branch 16 never executed
call   17 never executed
call   18 never executed
call   19 never executed
call   20 returned 1
call   21 never executed
call   22 never executed
call   23 never executed
call   24 never executed
-:  188:
1*:  189:  EXPECT_FALSE(std::is_move_constructible<with_disabled_copy_assign_move>::value);
call    0 returned 1
call    1 returned 1
branch  2 taken 0 (fallthrough)
branch  3 taken 1
call    4 never executed
branch  5 never executed
branch  6 never executed
call    7 never executed
call    8 never executed
branch  9 never executed
branch 10 never executed
call   11 never executed
branch 12 never executed
branch 13 never executed
call   14 never executed
branch 15 never executed
branch 16 never executed
call   17 never executed
call   18 never executed
call   19 never executed
call   20 returned 1
call   21 never executed
call   22 never executed
call   23 never executed
call   24 never executed
1*:  190:  EXPECT_TRUE(std::is_move_assignable<with_disabled_copy_assign_move>::value);
call    0 returned 1
call    1 returned 1
branch  2 taken 0 (fallthrough)
branch  3 taken 1
call    4 never executed
branch  5 never executed
branch  6 never executed
call    7 never executed
call    8 never executed
branch  9 never executed
branch 10 never executed
call   11 never executed
branch 12 never executed
branch 13 never executed
call   14 never executed
branch 15 never executed
branch 16 never executed
call   17 never executed
call   18 never executed
call   19 never executed
call   20 returned 1
call   21 never executed
call   22 never executed
call   23 never executed
call   24 never executed
1:  191:}
------------------
-:  192:
4:  193:TEST(Structuring, class_with_disabled_copy_assign_move_assign)
-:  194:{
1*:  195:  EXPECT_FALSE(std::is_polymorphic<without_limitations>::value);
-:  196:
1*:  197:  EXPECT_FALSE(std::is_copy_constructible<with_disabled_copy_assign_move_assign>::value);
1*:  198:  EXPECT_FALSE(std::is_copy_assignable<with_disabled_copy_assign_move_assign>::value);
-:  199:
1*:  200:  EXPECT_FALSE(std::is_move_constructible<with_disabled_copy_assign_move_assign>::value);
1*:  201:  EXPECT_FALSE(std::is_move_assignable<with_disabled_copy_assign_move_assign>::value);
1:  202:}
------------------
_ZN60Structuring_class_with_disabled_copy_assign_move_assign_TestC2Ev:
function _ZN60Structuring_class_with_disabled_copy_assign_move_assign_TestC2Ev called 1 returned 100% blocks executed 100%
1:  193:TEST(Structuring, class_with_disabled_copy_assign_move_assign)
call    0 returned 1
------------------
_ZN60Structuring_class_with_disabled_copy_assign_move_assign_TestD0Ev:
function _ZN60Structuring_class_with_disabled_copy_assign_move_assign_TestD0Ev called 1 returned 100% blocks executed 100%
1:  193:TEST(Structuring, class_with_disabled_copy_assign_move_assign)
call    0 returned 1
call    1 returned 1
------------------
_ZN60Structuring_class_with_disabled_copy_assign_move_assign_TestD2Ev:
function _ZN60Structuring_class_with_disabled_copy_assign_move_assign_TestD2Ev called 1 returned 100% blocks executed 100%
1:  193:TEST(Structuring, class_with_disabled_copy_assign_move_assign)
call    0 returned 1
------------------
_ZN60Structuring_class_with_disabled_copy_assign_move_assign_Test8TestBodyEv:
function _ZN60Structuring_class_with_disabled_copy_assign_move_assign_Test8TestBodyEv called 1 returned 100% blocks executed 17%
1:  193:TEST(Structuring, class_with_disabled_copy_assign_move_assign)
-:  194:{
1*:  195:  EXPECT_FALSE(std::is_polymorphic<without_limitations>::value);
call    0 returned 1
call    1 returned 1
branch  2 taken 0 (fallthrough)
branch  3 taken 1
call    4 never executed
branch  5 never executed
branch  6 never executed
call    7 never executed
call    8 never executed
branch  9 never executed
branch 10 never executed
call   11 never executed
branch 12 never executed
branch 13 never executed
call   14 never executed
branch 15 never executed
branch 16 never executed
call   17 never executed
call   18 never executed
call   19 never executed
call   20 returned 1
call   21 never executed
call   22 never executed
call   23 never executed
call   24 never executed
-:  196:
1*:  197:  EXPECT_FALSE(std::is_copy_constructible<with_disabled_copy_assign_move_assign>::value);
call    0 returned 1
call    1 returned 1
branch  2 taken 0 (fallthrough)
branch  3 taken 1
call    4 never executed
branch  5 never executed
branch  6 never executed
call    7 never executed
call    8 never executed
branch  9 never executed
branch 10 never executed
call   11 never executed
branch 12 never executed
branch 13 never executed
call   14 never executed
branch 15 never executed
branch 16 never executed
call   17 never executed
call   18 never executed
call   19 never executed
call   20 returned 1
call   21 never executed
call   22 never executed
call   23 never executed
call   24 never executed
1*:  198:  EXPECT_FALSE(std::is_copy_assignable<with_disabled_copy_assign_move_assign>::value);
call    0 returned 1
call    1 returned 1
branch  2 taken 0 (fallthrough)
branch  3 taken 1
call    4 never executed
branch  5 never executed
branch  6 never executed
call    7 never executed
call    8 never executed
branch  9 never executed
branch 10 never executed
call   11 never executed
branch 12 never executed
branch 13 never executed
call   14 never executed
branch 15 never executed
branch 16 never executed
call   17 never executed
call   18 never executed
call   19 never executed
call   20 returned 1
call   21 never executed
call   22 never executed
call   23 never executed
call   24 never executed
-:  199:
1*:  200:  EXPECT_FALSE(std::is_move_constructible<with_disabled_copy_assign_move_assign>::value);
call    0 returned 1
call    1 returned 1
branch  2 taken 0 (fallthrough)
branch  3 taken 1
call    4 never executed
branch  5 never executed
branch  6 never executed
call    7 never executed
call    8 never executed
branch  9 never executed
branch 10 never executed
call   11 never executed
branch 12 never executed
branch 13 never executed
call   14 never executed
branch 15 never executed
branch 16 never executed
call   17 never executed
call   18 never executed
call   19 never executed
call   20 returned 1
call   21 never executed
call   22 never executed
call   23 never executed
call   24 never executed
1*:  201:  EXPECT_FALSE(std::is_move_assignable<with_disabled_copy_assign_move_assign>::value);
call    0 returned 1
call    1 returned 1
branch  2 taken 0 (fallthrough)
branch  3 taken 1
call    4 never executed
branch  5 never executed
branch  6 never executed
call    7 never executed
call    8 never executed
branch  9 never executed
branch 10 never executed
call   11 never executed
branch 12 never executed
branch 13 never executed
call   14 never executed
branch 15 never executed
branch 16 never executed
call   17 never executed
call   18 never executed
call   19 never executed
call   20 returned 1
call   21 never executed
call   22 never executed
call   23 never executed
call   24 never executed
1:  202:}
------------------
-:  203:
-:  204:
-:  205://---- End of source file ------------------------------------------------------
-:  206:
