-:    0:Source:test-src/test_Preprocessing.cc
-:    1://------------------------------------------------------------------------------
-:    2:// This Source Code Form is subject to the terms of the Mozilla Public
-:    3:// License, v. 2.0. If a copy of the MPL was not distributed with this
-:    4:// file, You can obtain one at http://mozilla.org/MPL/2.0/.
-:    5://
-:    6:// This file is part of project common-header (PTXdist package libcommonheader).
-:    7://
-:    8:// Copyright (c) 2017-2022 WAGO GmbH & Co. KG
-:    9://------------------------------------------------------------------------------
-:   10://------------------------------------------------------------------------------
-:   11:///  \file     test_Preprocessing.cc
-:   12:///
-:   13:///  \brief    Test for preprocessing helper macros.
-:   14:///
-:   15:///  \author   PEn: WAGO GmbH & Co. KG
-:   16://------------------------------------------------------------------------------
-:   17:
-:   18://------------------------------------------------------------------------------
-:   19:// include files
-:   20://------------------------------------------------------------------------------
-:   21:#include <gtest/gtest.h>
-:   22:#include "test_Preprocessing.h"
-:   23:#include "c-modules/test_PreprocessingMod.h"
-:   24:#include "cpp-modules/test_PreprocessingMod.hpp"
-:   25:
-:   26://------------------------------------------------------------------------------
-:   27:// defines; structure, enumeration and type definitions
-:   28://------------------------------------------------------------------------------
-:   29:
-:   30://------------------------------------------------------------------------------
-:   31:// function prototypes
-:   32://------------------------------------------------------------------------------
-:   33:
-:   34://------------------------------------------------------------------------------
-:   35:// macros
-:   36://------------------------------------------------------------------------------
-:   37:
-:   38://------------------------------------------------------------------------------
-:   39:// variables' and constants' definitions
-:   40://------------------------------------------------------------------------------
-:   41:
-:   42://------------------------------------------------------------------------------
-:   43:// test implementation
-:   44://------------------------------------------------------------------------------
4:   45:TEST(Preprocessing, StringFromExpressionC)
-:   46:{
1*:   47:  ASSERT_EQ(8, GetC_3_5());
1*:   48:  ASSERT_STREQ("3+5", GetCStr_3_5());
-:   49:}
------------------
_ZN40Preprocessing_StringFromExpressionC_TestC2Ev:
function _ZN40Preprocessing_StringFromExpressionC_TestC2Ev called 1 returned 100% blocks executed 100%
1:   45:TEST(Preprocessing, StringFromExpressionC)
call    0 returned 1
------------------
_ZN40Preprocessing_StringFromExpressionC_TestD0Ev:
function _ZN40Preprocessing_StringFromExpressionC_TestD0Ev called 1 returned 100% blocks executed 100%
1:   45:TEST(Preprocessing, StringFromExpressionC)
call    0 returned 1
call    1 returned 1
------------------
_ZN40Preprocessing_StringFromExpressionC_TestD2Ev:
function _ZN40Preprocessing_StringFromExpressionC_TestD2Ev called 1 returned 100% blocks executed 100%
1:   45:TEST(Preprocessing, StringFromExpressionC)
call    0 returned 1
------------------
_ZN40Preprocessing_StringFromExpressionC_Test8TestBodyEv:
function _ZN40Preprocessing_StringFromExpressionC_Test8TestBodyEv called 1 returned 100% blocks executed 34%
1:   45:TEST(Preprocessing, StringFromExpressionC)
-:   46:{
1*:   47:  ASSERT_EQ(8, GetC_3_5());
call    0 returned 1
branch  1 taken 1 (fallthrough)
branch  2 taken 0 (throw)
call    3 returned 1
branch  4 taken 1 (fallthrough)
branch  5 taken 0 (throw)
call    6 returned 1
branch  7 taken 0 (fallthrough)
branch  8 taken 1
call    9 never executed
call   10 never executed
branch 11 never executed
branch 12 never executed
call   13 never executed
branch 14 never executed
branch 15 never executed
call   16 never executed
branch 17 never executed
branch 18 never executed
call   19 never executed
call   20 never executed
call   21 returned 1
branch 22 taken 1 (fallthrough)
branch 23 taken 0
call   24 never executed
call   25 never executed
call   26 never executed
1*:   48:  ASSERT_STREQ("3+5", GetCStr_3_5());
call    0 returned 1
branch  1 taken 1 (fallthrough)
branch  2 taken 0 (throw)
call    3 returned 1
branch  4 taken 1 (fallthrough)
branch  5 taken 0 (throw)
call    6 returned 1
branch  7 taken 0 (fallthrough)
branch  8 taken 1
call    9 never executed
call   10 never executed
branch 11 never executed
branch 12 never executed
call   13 never executed
branch 14 never executed
branch 15 never executed
call   16 never executed
branch 17 never executed
branch 18 never executed
call   19 never executed
call   20 never executed
call   21 returned 1
branch 22 taken 1 (fallthrough)
branch 23 taken 0
call   24 never executed
call   25 never executed
call   26 never executed
-:   49:}
------------------
-:   50:
-:   51:
4:   52:TEST(Preprocessing, StringFromSubstitutionC)
-:   53:{
1*:   54:  ASSERT_STREQ("3+FIVE", GetCStr_3_FIVE());
1*:   55:  ASSERT_STREQ("3+5", GetCSubstStr_3_FIVE());
-:   56:}
------------------
_ZN42Preprocessing_StringFromSubstitutionC_TestC2Ev:
function _ZN42Preprocessing_StringFromSubstitutionC_TestC2Ev called 1 returned 100% blocks executed 100%
1:   52:TEST(Preprocessing, StringFromSubstitutionC)
call    0 returned 1
------------------
_ZN42Preprocessing_StringFromSubstitutionC_TestD0Ev:
function _ZN42Preprocessing_StringFromSubstitutionC_TestD0Ev called 1 returned 100% blocks executed 100%
1:   52:TEST(Preprocessing, StringFromSubstitutionC)
call    0 returned 1
call    1 returned 1
------------------
_ZN42Preprocessing_StringFromSubstitutionC_TestD2Ev:
function _ZN42Preprocessing_StringFromSubstitutionC_TestD2Ev called 1 returned 100% blocks executed 100%
1:   52:TEST(Preprocessing, StringFromSubstitutionC)
call    0 returned 1
------------------
_ZN42Preprocessing_StringFromSubstitutionC_Test8TestBodyEv:
function _ZN42Preprocessing_StringFromSubstitutionC_Test8TestBodyEv called 1 returned 100% blocks executed 37%
1:   52:TEST(Preprocessing, StringFromSubstitutionC)
-:   53:{
1*:   54:  ASSERT_STREQ("3+FIVE", GetCStr_3_FIVE());
call    0 returned 1
branch  1 taken 1 (fallthrough)
branch  2 taken 0 (throw)
call    3 returned 1
branch  4 taken 1 (fallthrough)
branch  5 taken 0 (throw)
call    6 returned 1
branch  7 taken 0 (fallthrough)
branch  8 taken 1
call    9 never executed
call   10 never executed
branch 11 never executed
branch 12 never executed
call   13 never executed
branch 14 never executed
branch 15 never executed
call   16 never executed
branch 17 never executed
branch 18 never executed
call   19 never executed
call   20 never executed
call   21 returned 1
branch 22 taken 1 (fallthrough)
branch 23 taken 0
call   24 never executed
call   25 never executed
call   26 never executed
1*:   55:  ASSERT_STREQ("3+5", GetCSubstStr_3_FIVE());
call    0 returned 1
branch  1 taken 1 (fallthrough)
branch  2 taken 0 (throw)
call    3 returned 1
branch  4 taken 1 (fallthrough)
branch  5 taken 0 (throw)
call    6 returned 1
branch  7 taken 0 (fallthrough)
branch  8 taken 1
call    9 never executed
call   10 never executed
branch 11 never executed
branch 12 never executed
call   13 never executed
branch 14 never executed
branch 15 never executed
call   16 never executed
branch 17 never executed
branch 18 never executed
call   19 never executed
call   20 never executed
call   21 returned 1
branch 22 taken 1 (fallthrough)
branch 23 taken 0
call   24 never executed
call   25 never executed
call   26 never executed
-:   56:}
------------------
-:   57:
-:   58:
4:   59:TEST(Preprocessing, GlueC)
-:   60:{
1*:   61:  ASSERT_EQ(5, GetCGlue_FI_VE());
-:   62:}
------------------
_ZN24Preprocessing_GlueC_TestC2Ev:
function _ZN24Preprocessing_GlueC_TestC2Ev called 1 returned 100% blocks executed 100%
1:   59:TEST(Preprocessing, GlueC)
call    0 returned 1
------------------
_ZN24Preprocessing_GlueC_TestD0Ev:
function _ZN24Preprocessing_GlueC_TestD0Ev called 1 returned 100% blocks executed 100%
1:   59:TEST(Preprocessing, GlueC)
call    0 returned 1
call    1 returned 1
------------------
_ZN24Preprocessing_GlueC_TestD2Ev:
function _ZN24Preprocessing_GlueC_TestD2Ev called 1 returned 100% blocks executed 100%
1:   59:TEST(Preprocessing, GlueC)
call    0 returned 1
------------------
_ZN24Preprocessing_GlueC_Test8TestBodyEv:
function _ZN24Preprocessing_GlueC_Test8TestBodyEv called 1 returned 100% blocks executed 35%
1:   59:TEST(Preprocessing, GlueC)
-:   60:{
1*:   61:  ASSERT_EQ(5, GetCGlue_FI_VE());
call    0 returned 1
branch  1 taken 1 (fallthrough)
branch  2 taken 0 (throw)
call    3 returned 1
branch  4 taken 1 (fallthrough)
branch  5 taken 0 (throw)
call    6 returned 1
branch  7 taken 0 (fallthrough)
branch  8 taken 1
call    9 never executed
call   10 never executed
branch 11 never executed
branch 12 never executed
call   13 never executed
branch 14 never executed
branch 15 never executed
call   16 never executed
branch 17 never executed
branch 18 never executed
call   19 never executed
call   20 never executed
call   21 returned 1
branch 22 taken 1 (fallthrough)
branch 23 taken 0
call   24 never executed
call   25 never executed
call   26 never executed
-:   62:}
------------------
-:   63:
-:   64:
4:   65:TEST(Preprocessing, SubstitutionGlueC)
-:   66:{
1*:   67:  ASSERT_EQ(5, GetCSubstGlue_FIVE_FIRST_SECOND());
-:   68:}
------------------
_ZN36Preprocessing_SubstitutionGlueC_TestC2Ev:
function _ZN36Preprocessing_SubstitutionGlueC_TestC2Ev called 1 returned 100% blocks executed 100%
1:   65:TEST(Preprocessing, SubstitutionGlueC)
call    0 returned 1
------------------
_ZN36Preprocessing_SubstitutionGlueC_TestD0Ev:
function _ZN36Preprocessing_SubstitutionGlueC_TestD0Ev called 1 returned 100% blocks executed 100%
1:   65:TEST(Preprocessing, SubstitutionGlueC)
call    0 returned 1
call    1 returned 1
------------------
_ZN36Preprocessing_SubstitutionGlueC_TestD2Ev:
function _ZN36Preprocessing_SubstitutionGlueC_TestD2Ev called 1 returned 100% blocks executed 100%
1:   65:TEST(Preprocessing, SubstitutionGlueC)
call    0 returned 1
------------------
_ZN36Preprocessing_SubstitutionGlueC_Test8TestBodyEv:
function _ZN36Preprocessing_SubstitutionGlueC_Test8TestBodyEv called 1 returned 100% blocks executed 35%
1:   65:TEST(Preprocessing, SubstitutionGlueC)
-:   66:{
1*:   67:  ASSERT_EQ(5, GetCSubstGlue_FIVE_FIRST_SECOND());
call    0 returned 1
branch  1 taken 1 (fallthrough)
branch  2 taken 0 (throw)
call    3 returned 1
branch  4 taken 1 (fallthrough)
branch  5 taken 0 (throw)
call    6 returned 1
branch  7 taken 0 (fallthrough)
branch  8 taken 1
call    9 never executed
call   10 never executed
branch 11 never executed
branch 12 never executed
call   13 never executed
branch 14 never executed
branch 15 never executed
call   16 never executed
branch 17 never executed
branch 18 never executed
call   19 never executed
call   20 never executed
call   21 returned 1
branch 22 taken 1 (fallthrough)
branch 23 taken 0
call   24 never executed
call   25 never executed
call   26 never executed
-:   68:}
------------------
-:   69:
-:   70:
4:   71:TEST(Preprocessing, StringFromExpressionCPP)
-:   72:{
1*:   73:  ASSERT_EQ(8, GetCPP_3_5());
1*:   74:  ASSERT_STREQ("3+5", GetCPPStr_3_5());
-:   75:}
------------------
_ZN42Preprocessing_StringFromExpressionCPP_TestC2Ev:
function _ZN42Preprocessing_StringFromExpressionCPP_TestC2Ev called 1 returned 100% blocks executed 100%
1:   71:TEST(Preprocessing, StringFromExpressionCPP)
call    0 returned 1
------------------
_ZN42Preprocessing_StringFromExpressionCPP_TestD0Ev:
function _ZN42Preprocessing_StringFromExpressionCPP_TestD0Ev called 1 returned 100% blocks executed 100%
1:   71:TEST(Preprocessing, StringFromExpressionCPP)
call    0 returned 1
call    1 returned 1
------------------
_ZN42Preprocessing_StringFromExpressionCPP_TestD2Ev:
function _ZN42Preprocessing_StringFromExpressionCPP_TestD2Ev called 1 returned 100% blocks executed 100%
1:   71:TEST(Preprocessing, StringFromExpressionCPP)
call    0 returned 1
------------------
_ZN42Preprocessing_StringFromExpressionCPP_Test8TestBodyEv:
function _ZN42Preprocessing_StringFromExpressionCPP_Test8TestBodyEv called 1 returned 100% blocks executed 34%
1:   71:TEST(Preprocessing, StringFromExpressionCPP)
-:   72:{
1*:   73:  ASSERT_EQ(8, GetCPP_3_5());
call    0 returned 1
branch  1 taken 1 (fallthrough)
branch  2 taken 0 (throw)
call    3 returned 1
branch  4 taken 1 (fallthrough)
branch  5 taken 0 (throw)
call    6 returned 1
branch  7 taken 0 (fallthrough)
branch  8 taken 1
call    9 never executed
call   10 never executed
branch 11 never executed
branch 12 never executed
call   13 never executed
branch 14 never executed
branch 15 never executed
call   16 never executed
branch 17 never executed
branch 18 never executed
call   19 never executed
call   20 never executed
call   21 returned 1
branch 22 taken 1 (fallthrough)
branch 23 taken 0
call   24 never executed
call   25 never executed
call   26 never executed
1*:   74:  ASSERT_STREQ("3+5", GetCPPStr_3_5());
call    0 returned 1
branch  1 taken 1 (fallthrough)
branch  2 taken 0 (throw)
call    3 returned 1
branch  4 taken 1 (fallthrough)
branch  5 taken 0 (throw)
call    6 returned 1
branch  7 taken 0 (fallthrough)
branch  8 taken 1
call    9 never executed
call   10 never executed
branch 11 never executed
branch 12 never executed
call   13 never executed
branch 14 never executed
branch 15 never executed
call   16 never executed
branch 17 never executed
branch 18 never executed
call   19 never executed
call   20 never executed
call   21 returned 1
branch 22 taken 1 (fallthrough)
branch 23 taken 0
call   24 never executed
call   25 never executed
call   26 never executed
-:   75:}
------------------
-:   76:
-:   77:
4:   78:TEST(Preprocessing, StringFromSubstitutionCPP)
-:   79:{
1*:   80:  ASSERT_STREQ("3+FIVE", GetCPPStr_3_FIVE());
1*:   81:  ASSERT_STREQ("3+5", GetCPPSubstStr_3_FIVE());
-:   82:}
------------------
_ZN44Preprocessing_StringFromSubstitutionCPP_TestC2Ev:
function _ZN44Preprocessing_StringFromSubstitutionCPP_TestC2Ev called 1 returned 100% blocks executed 100%
1:   78:TEST(Preprocessing, StringFromSubstitutionCPP)
call    0 returned 1
------------------
_ZN44Preprocessing_StringFromSubstitutionCPP_TestD0Ev:
function _ZN44Preprocessing_StringFromSubstitutionCPP_TestD0Ev called 1 returned 100% blocks executed 100%
1:   78:TEST(Preprocessing, StringFromSubstitutionCPP)
call    0 returned 1
call    1 returned 1
------------------
_ZN44Preprocessing_StringFromSubstitutionCPP_TestD2Ev:
function _ZN44Preprocessing_StringFromSubstitutionCPP_TestD2Ev called 1 returned 100% blocks executed 100%
1:   78:TEST(Preprocessing, StringFromSubstitutionCPP)
call    0 returned 1
------------------
_ZN44Preprocessing_StringFromSubstitutionCPP_Test8TestBodyEv:
function _ZN44Preprocessing_StringFromSubstitutionCPP_Test8TestBodyEv called 1 returned 100% blocks executed 37%
1:   78:TEST(Preprocessing, StringFromSubstitutionCPP)
-:   79:{
1*:   80:  ASSERT_STREQ("3+FIVE", GetCPPStr_3_FIVE());
call    0 returned 1
branch  1 taken 1 (fallthrough)
branch  2 taken 0 (throw)
call    3 returned 1
branch  4 taken 1 (fallthrough)
branch  5 taken 0 (throw)
call    6 returned 1
branch  7 taken 0 (fallthrough)
branch  8 taken 1
call    9 never executed
call   10 never executed
branch 11 never executed
branch 12 never executed
call   13 never executed
branch 14 never executed
branch 15 never executed
call   16 never executed
branch 17 never executed
branch 18 never executed
call   19 never executed
call   20 never executed
call   21 returned 1
branch 22 taken 1 (fallthrough)
branch 23 taken 0
call   24 never executed
call   25 never executed
call   26 never executed
1*:   81:  ASSERT_STREQ("3+5", GetCPPSubstStr_3_FIVE());
call    0 returned 1
branch  1 taken 1 (fallthrough)
branch  2 taken 0 (throw)
call    3 returned 1
branch  4 taken 1 (fallthrough)
branch  5 taken 0 (throw)
call    6 returned 1
branch  7 taken 0 (fallthrough)
branch  8 taken 1
call    9 never executed
call   10 never executed
branch 11 never executed
branch 12 never executed
call   13 never executed
branch 14 never executed
branch 15 never executed
call   16 never executed
branch 17 never executed
branch 18 never executed
call   19 never executed
call   20 never executed
call   21 returned 1
branch 22 taken 1 (fallthrough)
branch 23 taken 0
call   24 never executed
call   25 never executed
call   26 never executed
-:   82:}
------------------
-:   83:
-:   84:
4:   85:TEST(Preprocessing, GlueCPP)
-:   86:{
1*:   87:  ASSERT_EQ(5, GetCPPGlue_FI_VE());
-:   88:}
------------------
_ZN26Preprocessing_GlueCPP_TestC2Ev:
function _ZN26Preprocessing_GlueCPP_TestC2Ev called 1 returned 100% blocks executed 100%
1:   85:TEST(Preprocessing, GlueCPP)
call    0 returned 1
------------------
_ZN26Preprocessing_GlueCPP_TestD0Ev:
function _ZN26Preprocessing_GlueCPP_TestD0Ev called 1 returned 100% blocks executed 100%
1:   85:TEST(Preprocessing, GlueCPP)
call    0 returned 1
call    1 returned 1
------------------
_ZN26Preprocessing_GlueCPP_TestD2Ev:
function _ZN26Preprocessing_GlueCPP_TestD2Ev called 1 returned 100% blocks executed 100%
1:   85:TEST(Preprocessing, GlueCPP)
call    0 returned 1
------------------
_ZN26Preprocessing_GlueCPP_Test8TestBodyEv:
function _ZN26Preprocessing_GlueCPP_Test8TestBodyEv called 1 returned 100% blocks executed 35%
1:   85:TEST(Preprocessing, GlueCPP)
-:   86:{
1*:   87:  ASSERT_EQ(5, GetCPPGlue_FI_VE());
call    0 returned 1
branch  1 taken 1 (fallthrough)
branch  2 taken 0 (throw)
call    3 returned 1
branch  4 taken 1 (fallthrough)
branch  5 taken 0 (throw)
call    6 returned 1
branch  7 taken 0 (fallthrough)
branch  8 taken 1
call    9 never executed
call   10 never executed
branch 11 never executed
branch 12 never executed
call   13 never executed
branch 14 never executed
branch 15 never executed
call   16 never executed
branch 17 never executed
branch 18 never executed
call   19 never executed
call   20 never executed
call   21 returned 1
branch 22 taken 1 (fallthrough)
branch 23 taken 0
call   24 never executed
call   25 never executed
call   26 never executed
-:   88:}
------------------
-:   89:
-:   90:
4:   91:TEST(Preprocessing, SubstitutionGlueCPP)
-:   92:{
1*:   93:  ASSERT_EQ(5, GetCPPSubstGlue_FIVE_FIRST_SECOND());
-:   94:}
-:   95:
-:   96:
-:   97://---- End of source file ------------------------------------------------------
-:   98:
