-:    0:Source:test-src/test_StdIncludes.cc
-:    1://------------------------------------------------------------------------------
-:    2:// This Source Code Form is subject to the terms of the Mozilla Public
-:    3:// License, v. 2.0. If a copy of the MPL was not distributed with this
-:    4:// file, You can obtain one at http://mozilla.org/MPL/2.0/.
-:    5://
-:    6:// This file is part of project common-header (PTXdist package libcommonheader).
-:    7://
-:    8:// Copyright (c) 2017-2022 WAGO GmbH & Co. KG
-:    9://------------------------------------------------------------------------------
-:   10://------------------------------------------------------------------------------
-:   11:///  \file     test_StdIncludes.cc
-:   12:///
-:   13:///  \brief    Test for standard includes.
-:   14:///
-:   15:///  \author   PEn: WAGO GmbH & Co. KG
-:   16://------------------------------------------------------------------------------
-:   17:
-:   18://------------------------------------------------------------------------------
-:   19:// include files
-:   20://------------------------------------------------------------------------------
-:   21:#include <gtest/gtest.h>
-:   22:#include "c-modules/test_StdIncludesMod.h"
-:   23:#include "cpp-modules/test_StdIncludesMod.hpp"
-:   24:
-:   25://------------------------------------------------------------------------------
-:   26:// defines; structure, enumeration and type definitions
-:   27://------------------------------------------------------------------------------
-:   28:
-:   29://------------------------------------------------------------------------------
-:   30:// function prototypes
-:   31://------------------------------------------------------------------------------
-:   32:
-:   33://------------------------------------------------------------------------------
-:   34:// macros
-:   35://------------------------------------------------------------------------------
-:   36:
-:   37://------------------------------------------------------------------------------
-:   38:// variables' and constants' definitions
-:   39://------------------------------------------------------------------------------
-:   40:
-:   41://------------------------------------------------------------------------------
-:   42:// function implementation
-:   43://------------------------------------------------------------------------------
4:   44:TEST(StdIncludes, stdintC)
-:   45:{
1*:   46:  ASSERT_EQ(UINT8_MAX, GetUint8MaxC());
1*:   47:  ASSERT_EQ(INT_FAST64_MAX, GetFastInt64MaxC());
-:   48:}
------------------
_ZN24StdIncludes_stdintC_TestC2Ev:
function _ZN24StdIncludes_stdintC_TestC2Ev called 1 returned 100% blocks executed 100%
1:   44:TEST(StdIncludes, stdintC)
call    0 returned 1
------------------
_ZN24StdIncludes_stdintC_TestD0Ev:
function _ZN24StdIncludes_stdintC_TestD0Ev called 1 returned 100% blocks executed 100%
1:   44:TEST(StdIncludes, stdintC)
call    0 returned 1
call    1 returned 1
------------------
_ZN24StdIncludes_stdintC_TestD2Ev:
function _ZN24StdIncludes_stdintC_TestD2Ev called 1 returned 100% blocks executed 100%
1:   44:TEST(StdIncludes, stdintC)
call    0 returned 1
------------------
_ZN24StdIncludes_stdintC_Test8TestBodyEv:
function _ZN24StdIncludes_stdintC_Test8TestBodyEv called 1 returned 100% blocks executed 32%
1:   44:TEST(StdIncludes, stdintC)
-:   45:{
1*:   46:  ASSERT_EQ(UINT8_MAX, GetUint8MaxC());
call    0 returned 1
branch  1 taken 1 (fallthrough)
branch  2 taken 0 (throw)
call    3 returned 1
branch  4 taken 1 (fallthrough)
branch  5 taken 0 (throw)
call    6 returned 1
branch  7 taken 0 (fallthrough)
branch  8 taken 1
call    9 never executed
call   10 never executed
branch 11 never executed
branch 12 never executed
call   13 never executed
branch 14 never executed
branch 15 never executed
call   16 never executed
branch 17 never executed
branch 18 never executed
call   19 never executed
call   20 never executed
call   21 returned 1
branch 22 taken 1 (fallthrough)
branch 23 taken 0
call   24 never executed
call   25 never executed
call   26 never executed
1*:   47:  ASSERT_EQ(INT_FAST64_MAX, GetFastInt64MaxC());
call    0 returned 1
branch  1 taken 1 (fallthrough)
branch  2 taken 0 (throw)
call    3 returned 1
branch  4 taken 1 (fallthrough)
branch  5 taken 0 (throw)
call    6 returned 1
branch  7 taken 0 (fallthrough)
branch  8 taken 1
call    9 never executed
call   10 never executed
branch 11 never executed
branch 12 never executed
call   13 never executed
branch 14 never executed
branch 15 never executed
call   16 never executed
branch 17 never executed
branch 18 never executed
call   19 never executed
call   20 never executed
call   21 returned 1
branch 22 taken 1 (fallthrough)
branch 23 taken 0
call   24 never executed
call   25 never executed
call   26 never executed
-:   48:}
------------------
-:   49:
-:   50:
4:   51:TEST(StdIncludes, stddefC)
-:   52:{
1*:   53:  ASSERT_EQ(sizeof(ptrdiff_t), GetPtrDiffSizeC());
-:   54:}
------------------
_ZN24StdIncludes_stddefC_TestC2Ev:
function _ZN24StdIncludes_stddefC_TestC2Ev called 1 returned 100% blocks executed 100%
1:   51:TEST(StdIncludes, stddefC)
call    0 returned 1
------------------
_ZN24StdIncludes_stddefC_TestD0Ev:
function _ZN24StdIncludes_stddefC_TestD0Ev called 1 returned 100% blocks executed 100%
1:   51:TEST(StdIncludes, stddefC)
call    0 returned 1
call    1 returned 1
------------------
_ZN24StdIncludes_stddefC_TestD2Ev:
function _ZN24StdIncludes_stddefC_TestD2Ev called 1 returned 100% blocks executed 100%
1:   51:TEST(StdIncludes, stddefC)
call    0 returned 1
------------------
_ZN24StdIncludes_stddefC_Test8TestBodyEv:
function _ZN24StdIncludes_stddefC_Test8TestBodyEv called 1 returned 100% blocks executed 35%
1:   51:TEST(StdIncludes, stddefC)
-:   52:{
1*:   53:  ASSERT_EQ(sizeof(ptrdiff_t), GetPtrDiffSizeC());
call    0 returned 1
branch  1 taken 1 (fallthrough)
branch  2 taken 0 (throw)
call    3 returned 1
branch  4 taken 1 (fallthrough)
branch  5 taken 0 (throw)
call    6 returned 1
branch  7 taken 0 (fallthrough)
branch  8 taken 1
call    9 never executed
call   10 never executed
branch 11 never executed
branch 12 never executed
call   13 never executed
branch 14 never executed
branch 15 never executed
call   16 never executed
branch 17 never executed
branch 18 never executed
call   19 never executed
call   20 never executed
call   21 returned 1
branch 22 taken 1 (fallthrough)
branch 23 taken 0
call   24 never executed
call   25 never executed
call   26 never executed
-:   54:}
------------------
-:   55:
-:   56:
4:   57:TEST(StdIncludes, stdboolC)
-:   58:{
1*:   59:  ASSERT_TRUE(GetTrueC());
1*:   60:  ASSERT_FALSE(GetFalseC());
-:   61:}
------------------
_ZN25StdIncludes_stdboolC_TestC2Ev:
function _ZN25StdIncludes_stdboolC_TestC2Ev called 1 returned 100% blocks executed 100%
1:   57:TEST(StdIncludes, stdboolC)
call    0 returned 1
------------------
_ZN25StdIncludes_stdboolC_TestD0Ev:
function _ZN25StdIncludes_stdboolC_TestD0Ev called 1 returned 100% blocks executed 100%
1:   57:TEST(StdIncludes, stdboolC)
call    0 returned 1
call    1 returned 1
------------------
_ZN25StdIncludes_stdboolC_TestD2Ev:
function _ZN25StdIncludes_stdboolC_TestD2Ev called 1 returned 100% blocks executed 100%
1:   57:TEST(StdIncludes, stdboolC)
call    0 returned 1
------------------
_ZN25StdIncludes_stdboolC_Test8TestBodyEv:
function _ZN25StdIncludes_stdboolC_Test8TestBodyEv called 1 returned 100% blocks executed 31%
1:   57:TEST(StdIncludes, stdboolC)
-:   58:{
1*:   59:  ASSERT_TRUE(GetTrueC());
call    0 returned 1
branch  1 taken 1 (fallthrough)
branch  2 taken 0 (throw)
call    3 returned 1
call    4 returned 1
branch  5 taken 0 (fallthrough)
branch  6 taken 1
call    7 never executed
branch  8 never executed
branch  9 never executed
call   10 never executed
call   11 never executed
branch 12 never executed
branch 13 never executed
call   14 never executed
branch 15 never executed
branch 16 never executed
call   17 never executed
branch 18 never executed
branch 19 never executed
call   20 never executed
call   21 never executed
call   22 never executed
call   23 returned 1
branch 24 taken 1 (fallthrough)
branch 25 taken 0
call   26 never executed
call   27 never executed
call   28 never executed
call   29 never executed
1*:   60:  ASSERT_FALSE(GetFalseC());
call    0 returned 1
branch  1 taken 1 (fallthrough)
branch  2 taken 0 (throw)
call    3 returned 1
call    4 returned 1
branch  5 taken 0 (fallthrough)
branch  6 taken 1
call    7 never executed
branch  8 never executed
branch  9 never executed
call   10 never executed
call   11 never executed
branch 12 never executed
branch 13 never executed
call   14 never executed
branch 15 never executed
branch 16 never executed
call   17 never executed
branch 18 never executed
branch 19 never executed
call   20 never executed
call   21 never executed
call   22 never executed
call   23 returned 1
branch 24 taken 1 (fallthrough)
branch 25 taken 0
call   26 never executed
call   27 never executed
call   28 never executed
call   29 never executed
-:   61:}
------------------
-:   62:
-:   63:
4:   64:TEST(StdIncludes, stdintCPP)
-:   65:{
1*:   66:  ASSERT_EQ(UINT8_MAX, GetUint8MaxCPP());
1*:   67:  ASSERT_EQ(INT_FAST64_MAX, GetFastInt64MaxCPP());
-:   68:}
------------------
_ZN26StdIncludes_stdintCPP_TestC2Ev:
function _ZN26StdIncludes_stdintCPP_TestC2Ev called 1 returned 100% blocks executed 100%
1:   64:TEST(StdIncludes, stdintCPP)
call    0 returned 1
------------------
_ZN26StdIncludes_stdintCPP_TestD0Ev:
function _ZN26StdIncludes_stdintCPP_TestD0Ev called 1 returned 100% blocks executed 100%
1:   64:TEST(StdIncludes, stdintCPP)
call    0 returned 1
call    1 returned 1
------------------
_ZN26StdIncludes_stdintCPP_TestD2Ev:
function _ZN26StdIncludes_stdintCPP_TestD2Ev called 1 returned 100% blocks executed 100%
1:   64:TEST(StdIncludes, stdintCPP)
call    0 returned 1
------------------
_ZN26StdIncludes_stdintCPP_Test8TestBodyEv:
function _ZN26StdIncludes_stdintCPP_Test8TestBodyEv called 1 returned 100% blocks executed 32%
1:   64:TEST(StdIncludes, stdintCPP)
-:   65:{
1*:   66:  ASSERT_EQ(UINT8_MAX, GetUint8MaxCPP());
call    0 returned 1
branch  1 taken 1 (fallthrough)
branch  2 taken 0 (throw)
call    3 returned 1
branch  4 taken 1 (fallthrough)
branch  5 taken 0 (throw)
call    6 returned 1
branch  7 taken 0 (fallthrough)
branch  8 taken 1
call    9 never executed
call   10 never executed
branch 11 never executed
branch 12 never executed
call   13 never executed
branch 14 never executed
branch 15 never executed
call   16 never executed
branch 17 never executed
branch 18 never executed
call   19 never executed
call   20 never executed
call   21 returned 1
branch 22 taken 1 (fallthrough)
branch 23 taken 0
call   24 never executed
call   25 never executed
call   26 never executed
1*:   67:  ASSERT_EQ(INT_FAST64_MAX, GetFastInt64MaxCPP());
call    0 returned 1
branch  1 taken 1 (fallthrough)
branch  2 taken 0 (throw)
call    3 returned 1
branch  4 taken 1 (fallthrough)
branch  5 taken 0 (throw)
call    6 returned 1
branch  7 taken 0 (fallthrough)
branch  8 taken 1
call    9 never executed
call   10 never executed
branch 11 never executed
branch 12 never executed
call   13 never executed
branch 14 never executed
branch 15 never executed
call   16 never executed
branch 17 never executed
branch 18 never executed
call   19 never executed
call   20 never executed
call   21 returned 1
branch 22 taken 1 (fallthrough)
branch 23 taken 0
call   24 never executed
call   25 never executed
call   26 never executed
-:   68:}
------------------
-:   69:
-:   70:
4:   71:TEST(StdIncludes, stddefCPP)
-:   72:{
1*:   73:  ASSERT_EQ(sizeof(ptrdiff_t), GetPtrDiffSizeCPP());
-:   74:}
------------------
_ZN26StdIncludes_stddefCPP_TestC2Ev:
function _ZN26StdIncludes_stddefCPP_TestC2Ev called 1 returned 100% blocks executed 100%
1:   71:TEST(StdIncludes, stddefCPP)
call    0 returned 1
------------------
_ZN26StdIncludes_stddefCPP_TestD0Ev:
function _ZN26StdIncludes_stddefCPP_TestD0Ev called 1 returned 100% blocks executed 100%
1:   71:TEST(StdIncludes, stddefCPP)
call    0 returned 1
call    1 returned 1
------------------
_ZN26StdIncludes_stddefCPP_TestD2Ev:
function _ZN26StdIncludes_stddefCPP_TestD2Ev called 1 returned 100% blocks executed 100%
1:   71:TEST(StdIncludes, stddefCPP)
call    0 returned 1
------------------
_ZN26StdIncludes_stddefCPP_Test8TestBodyEv:
function _ZN26StdIncludes_stddefCPP_Test8TestBodyEv called 1 returned 100% blocks executed 35%
1:   71:TEST(StdIncludes, stddefCPP)
-:   72:{
1*:   73:  ASSERT_EQ(sizeof(ptrdiff_t), GetPtrDiffSizeCPP());
call    0 returned 1
branch  1 taken 1 (fallthrough)
branch  2 taken 0 (throw)
call    3 returned 1
branch  4 taken 1 (fallthrough)
branch  5 taken 0 (throw)
call    6 returned 1
branch  7 taken 0 (fallthrough)
branch  8 taken 1
call    9 never executed
call   10 never executed
branch 11 never executed
branch 12 never executed
call   13 never executed
branch 14 never executed
branch 15 never executed
call   16 never executed
branch 17 never executed
branch 18 never executed
call   19 never executed
call   20 never executed
call   21 returned 1
branch 22 taken 1 (fallthrough)
branch 23 taken 0
call   24 never executed
call   25 never executed
call   26 never executed
-:   74:}
------------------
-:   75:
-:   76:
4:   77:TEST(StdIncludes, stdboolCPP)
-:   78:{
1*:   79:  ASSERT_TRUE(GetTrueCPP());
1*:   80:  ASSERT_FALSE(GetFalseCPP());
-:   81:}
-:   82:
-:   83:
-:   84://---- End of source file ------------------------------------------------------
-:   85:
