-:    0:Source:test-src/test_Export.cc
-:    1://------------------------------------------------------------------------------
-:    2:// This Source Code Form is subject to the terms of the Mozilla Public
-:    3:// License, v. 2.0. If a copy of the MPL was not distributed with this
-:    4:// file, You can obtain one at http://mozilla.org/MPL/2.0/.
-:    5://
-:    6:// This file is part of project common-header (PTXdist package libcommonheader).
-:    7://
-:    8:// Copyright (c) 2017-2022 WAGO GmbH & Co. KG
-:    9://------------------------------------------------------------------------------
-:   10://------------------------------------------------------------------------------
-:   11:///  \file     test_Export.cc
-:   12:///
-:   13:///  \brief    Test for API export header.
-:   14:///
-:   15:///  \author   PEn: WAGO GmbH & Co. KG
-:   16://------------------------------------------------------------------------------
-:   17:
-:   18://------------------------------------------------------------------------------
-:   19:// include files
-:   20://------------------------------------------------------------------------------
-:   21:#include <gtest/gtest.h>
-:   22:#include "c-modules/test_ExportMod.h"
-:   23:#include "cpp-modules/test_ExportMod.hpp"
-:   24:
-:   25://------------------------------------------------------------------------------
-:   26:// defines; structure, enumeration and type definitions
-:   27://------------------------------------------------------------------------------
-:   28:
-:   29://------------------------------------------------------------------------------
-:   30:// function prototypes
-:   31://------------------------------------------------------------------------------
-:   32:
-:   33://------------------------------------------------------------------------------
-:   34:// macros
-:   35://------------------------------------------------------------------------------
-:   36:
-:   37://------------------------------------------------------------------------------
-:   38:// variables' and constants' definitions
-:   39://------------------------------------------------------------------------------
-:   40:
-:   41://------------------------------------------------------------------------------
-:   42:// function implementation
-:   43://------------------------------------------------------------------------------
4:   44:TEST(Export, ExportedCFunction)
-:   45:{
1*:   46:  ASSERT_EQ(42, ExportedFunction(42));
-:   47:}
------------------
_ZN29Export_ExportedCFunction_TestC2Ev:
function _ZN29Export_ExportedCFunction_TestC2Ev called 1 returned 100% blocks executed 100%
1:   44:TEST(Export, ExportedCFunction)
call    0 returned 1
------------------
_ZN29Export_ExportedCFunction_TestD0Ev:
function _ZN29Export_ExportedCFunction_TestD0Ev called 1 returned 100% blocks executed 100%
1:   44:TEST(Export, ExportedCFunction)
call    0 returned 1
call    1 returned 1
------------------
_ZN29Export_ExportedCFunction_TestD2Ev:
function _ZN29Export_ExportedCFunction_TestD2Ev called 1 returned 100% blocks executed 100%
1:   44:TEST(Export, ExportedCFunction)
call    0 returned 1
------------------
_ZN29Export_ExportedCFunction_Test8TestBodyEv:
function _ZN29Export_ExportedCFunction_Test8TestBodyEv called 1 returned 100% blocks executed 35%
1:   44:TEST(Export, ExportedCFunction)
-:   45:{
1*:   46:  ASSERT_EQ(42, ExportedFunction(42));
call    0 returned 1
branch  1 taken 1 (fallthrough)
branch  2 taken 0 (throw)
call    3 returned 1
branch  4 taken 1 (fallthrough)
branch  5 taken 0 (throw)
call    6 returned 1
branch  7 taken 0 (fallthrough)
branch  8 taken 1
call    9 never executed
call   10 never executed
branch 11 never executed
branch 12 never executed
call   13 never executed
branch 14 never executed
branch 15 never executed
call   16 never executed
branch 17 never executed
branch 18 never executed
call   19 never executed
call   20 never executed
call   21 returned 1
branch 22 taken 1 (fallthrough)
branch 23 taken 0
call   24 never executed
call   25 never executed
call   26 never executed
-:   47:}
------------------
-:   48:
-:   49:
4:   50:TEST(Export, NotExportedCFunction)
-:   51:{
1*:   52:  ASSERT_EQ(53, NotExportedFunction(53));
-:   53:}
------------------
_ZN32Export_NotExportedCFunction_TestC2Ev:
function _ZN32Export_NotExportedCFunction_TestC2Ev called 1 returned 100% blocks executed 100%
1:   50:TEST(Export, NotExportedCFunction)
call    0 returned 1
------------------
_ZN32Export_NotExportedCFunction_TestD0Ev:
function _ZN32Export_NotExportedCFunction_TestD0Ev called 1 returned 100% blocks executed 100%
1:   50:TEST(Export, NotExportedCFunction)
call    0 returned 1
call    1 returned 1
------------------
_ZN32Export_NotExportedCFunction_TestD2Ev:
function _ZN32Export_NotExportedCFunction_TestD2Ev called 1 returned 100% blocks executed 100%
1:   50:TEST(Export, NotExportedCFunction)
call    0 returned 1
------------------
_ZN32Export_NotExportedCFunction_Test8TestBodyEv:
function _ZN32Export_NotExportedCFunction_Test8TestBodyEv called 1 returned 100% blocks executed 35%
1:   50:TEST(Export, NotExportedCFunction)
-:   51:{
1*:   52:  ASSERT_EQ(53, NotExportedFunction(53));
call    0 returned 1
branch  1 taken 1 (fallthrough)
branch  2 taken 0 (throw)
call    3 returned 1
branch  4 taken 1 (fallthrough)
branch  5 taken 0 (throw)
call    6 returned 1
branch  7 taken 0 (fallthrough)
branch  8 taken 1
call    9 never executed
call   10 never executed
branch 11 never executed
branch 12 never executed
call   13 never executed
branch 14 never executed
branch 15 never executed
call   16 never executed
branch 17 never executed
branch 18 never executed
call   19 never executed
call   20 never executed
call   21 returned 1
branch 22 taken 1 (fallthrough)
branch 23 taken 0
call   24 never executed
call   25 never executed
call   26 never executed
-:   53:}
------------------
-:   54:
-:   55:
4:   56:TEST(Export, InheritedExportedCPPMethod)
-:   57:{
-:   58:  ExportedTestClass classInstance;
1*:   59:  ASSERT_EQ(64, classInstance.InheritedExportedMethod(64));
-:   60:}
------------------
_ZN38Export_InheritedExportedCPPMethod_TestC2Ev:
function _ZN38Export_InheritedExportedCPPMethod_TestC2Ev called 1 returned 100% blocks executed 100%
1:   56:TEST(Export, InheritedExportedCPPMethod)
call    0 returned 1
------------------
_ZN38Export_InheritedExportedCPPMethod_TestD0Ev:
function _ZN38Export_InheritedExportedCPPMethod_TestD0Ev called 1 returned 100% blocks executed 100%
1:   56:TEST(Export, InheritedExportedCPPMethod)
call    0 returned 1
call    1 returned 1
------------------
_ZN38Export_InheritedExportedCPPMethod_TestD2Ev:
function _ZN38Export_InheritedExportedCPPMethod_TestD2Ev called 1 returned 100% blocks executed 100%
1:   56:TEST(Export, InheritedExportedCPPMethod)
call    0 returned 1
------------------
_ZN38Export_InheritedExportedCPPMethod_Test8TestBodyEv:
function _ZN38Export_InheritedExportedCPPMethod_Test8TestBodyEv called 1 returned 100% blocks executed 34%
1:   56:TEST(Export, InheritedExportedCPPMethod)
-:   57:{
-:   58:  ExportedTestClass classInstance;
1*:   59:  ASSERT_EQ(64, classInstance.InheritedExportedMethod(64));
call    0 returned 1
branch  1 taken 1 (fallthrough)
branch  2 taken 0 (throw)
call    3 returned 1
branch  4 taken 1 (fallthrough)
branch  5 taken 0 (throw)
call    6 returned 1
branch  7 taken 0 (fallthrough)
branch  8 taken 1
call    9 never executed
call   10 never executed
branch 11 never executed
branch 12 never executed
call   13 never executed
branch 14 never executed
branch 15 never executed
call   16 never executed
branch 17 never executed
branch 18 never executed
call   19 never executed
call   20 never executed
call   21 returned 1
branch 22 taken 1 (fallthrough)
branch 23 taken 0
call   24 never executed
call   25 never executed
call   26 never executed
-:   60:}
------------------
-:   61:
-:   62:
4:   63:TEST(Export, ExportedCPPMethod)
-:   64:{
-:   65:  TestClassWithExportedMethod classInstance;
1*:   66:  ASSERT_EQ(75, classInstance.ExportedMethod(75));
-:   67:}
------------------
_ZN29Export_ExportedCPPMethod_TestC2Ev:
function _ZN29Export_ExportedCPPMethod_TestC2Ev called 1 returned 100% blocks executed 100%
1:   63:TEST(Export, ExportedCPPMethod)
call    0 returned 1
------------------
_ZN29Export_ExportedCPPMethod_TestD0Ev:
function _ZN29Export_ExportedCPPMethod_TestD0Ev called 1 returned 100% blocks executed 100%
1:   63:TEST(Export, ExportedCPPMethod)
call    0 returned 1
call    1 returned 1
------------------
_ZN29Export_ExportedCPPMethod_TestD2Ev:
function _ZN29Export_ExportedCPPMethod_TestD2Ev called 1 returned 100% blocks executed 100%
1:   63:TEST(Export, ExportedCPPMethod)
call    0 returned 1
------------------
_ZN29Export_ExportedCPPMethod_Test8TestBodyEv:
function _ZN29Export_ExportedCPPMethod_Test8TestBodyEv called 1 returned 100% blocks executed 34%
1:   63:TEST(Export, ExportedCPPMethod)
-:   64:{
-:   65:  TestClassWithExportedMethod classInstance;
1*:   66:  ASSERT_EQ(75, classInstance.ExportedMethod(75));
call    0 returned 1
branch  1 taken 1 (fallthrough)
branch  2 taken 0 (throw)
call    3 returned 1
branch  4 taken 1 (fallthrough)
branch  5 taken 0 (throw)
call    6 returned 1
branch  7 taken 0 (fallthrough)
branch  8 taken 1
call    9 never executed
call   10 never executed
branch 11 never executed
branch 12 never executed
call   13 never executed
branch 14 never executed
branch 15 never executed
call   16 never executed
branch 17 never executed
branch 18 never executed
call   19 never executed
call   20 never executed
call   21 returned 1
branch 22 taken 1 (fallthrough)
branch 23 taken 0
call   24 never executed
call   25 never executed
call   26 never executed
-:   67:}
------------------
-:   68:
-:   69:
4:   70:TEST(Export, NotExportedCPPMethod)
-:   71:{
-:   72:  TestClassWithExportedMethod classInstance;
1*:   73:  ASSERT_EQ(86, classInstance.NotExportedMethod(86));
-:   74:}
-:   75:
-:   76:
-:   77://---- End of source file ------------------------------------------------------
-:   78:
